<?xml version='1.0' encoding='UTF-8'?>
<?xml-stylesheet type="text/xsl" href="tva_simple.xsl"?>

<!--
SPDX-FileCopyrightText: 2022 CEA LIST <gael.de-chalendar@cea.fr>

SPDX-License-Identifier: MIT
-->

<testcases>
  <!--==================== tests PERSON with components ====================-->
  <testcase id="fre.se.pers.comp.0" type="pertinent">
    <call-parameters>
      <param key="text" value="Barack Obama"/>
      <param key="language" value="fre"/>
      <list key="pipelines">
        <item value="limaserver"/>
      </list>
    </call-parameters>
    <expl>rule Obama : firstname: Barack lastname: Obama</expl>
    <test id="fre.se.pers.comp.0.1" trace=".se.xml"
          comment="type d'entité = Person.PERSONNE"
          left="XPATH#//entities/entity[pos=1][len=12]/type"
          operator="="
          right="Person.PERSON"/>
  </testcase>
  <testcase id="fre.se.pers.comp.1" type="pertinent">
    <call-parameters>
      <param key="text" value="le président Ambroise Monge"/>
      <param key="language" value="fre"/>
      <list key="pipelines">
        <item value="limaserver"/>
      </list>
    </call-parameters>
    <expl>generic rule with firstname as trigger, simple case : title firstname lastname = le président Ambroise Monge</expl>
    <test id="fre.se.pers.comp.1.1" trace=".se.xml"
          comment="type d'entité = Person.PERSONNE"
          left="XPATH#//entities/entity[pos=14]/type"
          operator="="
          right="Person.PERSON"/>
    <test id="fre.se.pers.comp.1.2" trace=".se.xml"
          comment="titre = président"
          left="XPATH#//entities/entity/components/title"
          operator="="
          right="président"/>
    <test id="fre.se.pers.comp.1.3" trace=".se.xml"
          comment="position titre = 4"
          left="XPATH#//entities/entity/components/title/@pos"
          operator="="
          right="4"/>
    <test id="fre.se.pers.comp.1.4" trace=".se.xml"
          comment="longueur titre = 9"
          left="XPATH#//entities/entity/components/title/@len"
          operator="="
          right="9"/>
    <test id="fre.se.pers.comp.1.5" trace=".se.xml"
          comment="prénom = Ambroise"
          left="XPATH#//entities/entity/components/firstname[@pos=14]"
          operator="="
          right="Ambroise"/>
    <test id="fre.se.pers.comp.1.6" trace=".se.xml"
          comment="nom = Monge"
          left="XPATH#//entities/entity/components/lastname[@pos=23]"
          operator="="
          right="Monge"/>
  </testcase>
  <testcase id="fre.se.pers.comp.2" type="pertinent">
    <call-parameters>
      <param key="text" value="le président Ambroise Monge mange sous la pluie."/>
      <param key="language" value="fre"/>
      <list key="pipelines">
        <item value="limaserver"/>
      </list>
    </call-parameters>
    <expl>generic rule with firstname as trigger, simple case with stop condition : title firstname lastname = le président Ambroise Monge</expl>
    <test id="fre.se.pers.comp.2.1" trace=".se.xml"
          comment="type d'entité = Person.PERSONNE"
          left="XPATH#//entities/entity[pos=14]/type"
          operator="="
          right="Person.PERSON"/>
    <test id="fre.se.pers.comp.2.2" trace=".se.xml"
          comment="titre = président"
          left="XPATH#//entities/entity/components/title"
          operator="="
          right="président"/>
    <test id="fre.se.pers.comp.2.3" trace=".se.xml"
          comment="position titre = 4"
          left="XPATH#//entities/entity/components/title/@pos"
          operator="="
          right="4"/>
    <test id="fre.se.pers.comp.2.4" trace=".se.xml"
          comment="longueur titre = 9"
          left="XPATH#//entities/entity/components/title/@len"
          operator="="
          right="9"/>
    <test id="fre.se.pers.comp.2.5" trace=".se.xml"
          comment="prénom = Ambroise"
          left="XPATH#//entities/entity/components/firstname[@pos=14]"
          operator="="
          right="Ambroise"/>
    <test id="fre.se.pers.comp.2.6" trace=".se.xml"
          comment="nom = Monge"
          left="XPATH#//entities/entity/components/lastname[@pos=23]"
          operator="="
          right="Monge"/>
  </testcase>
  <testcase id="fre.se.pers.comp.3" type="pertinent">
    <call-parameters>
      <param key="text" value="le président Ambroise de Monge"/>
      <param key="language" value="fre"/>
      <list key="pipelines">
        <item value="limaserver"/>
      </list>
    </call-parameters>
    <expl>generic rule with firstname as trigger, case with optional particule in lastname : title firstname particule lastname = président Ambroise de Monge</expl>
    <test id="fre.se.pers.comp.3.1" trace=".se.xml"
          comment="type d'entité = Person.PERSONNE"
          left="XPATH#//entities/entity[pos=14]/type"
          operator="="
          right="Person.PERSON"/>
    <test id="fre.se.pers.comp.3.2" trace=".se.xml"
          comment="titre = président"
          left="XPATH#//entities/entity/components/title"
          operator="="
          right="président"/>
    <test id="fre.se.pers.comp.3.3" trace=".se.xml"
          comment="position titre = 4"
          left="XPATH#//entities/entity/components/title/@pos"
          operator="="
          right="4"/>
    <test id="fre.se.pers.comp.3.4" trace=".se.xml"
          comment="longueur titre = 9"
          left="XPATH#//entities/entity/components/title/@len"
          operator="="
          right="9"/>
    <test id="fre.se.pers.comp.3.5" trace=".se.xml"
          comment="prénom = Ambroise"
          left="XPATH#//entities/entity/components/firstname[@pos=14]"
          operator="="
          right="Ambroise"/>
    <test id="fre.se.pers.comp.3.6" trace=".se.xml"
          comment="nom = de Monge"
          left="XPATH#//entities/entity/components/lastname[@pos=23]"
          operator="="
          right="de Monge"/>
  </testcase>
  <!-- TODO need to add @Firstname | in the first element of generic rules-->
  <!-- TODO to be done when code of copiler will be optimised -->
  <!--testcase id="fre.se.pers.comp.4" type="pertinent">
    <call-parameters>
      <param key="text" value="le président Ambroise André Monge"/>
      <param key="language" value="fre"/>
      <list key="pipelines">
        <item value="limaserver"/>
      </list>
    </call-parameters>
    <expl>generic rule with firstname as trigger, case with optional second firstname : title firstname firstname lastname = le président François Louis Monge</expl>
    <test id="fre.se.pers.comp.4.1" trace=".se.xml"
          comment="type d'entité = Person.PERSONNE"
          left="XPATH#//entities/entity[pos=4][len=30]/type"
          operator="="
          right="Person.PERSON"/>
    <test id="fre.se.pers.comp.4.2" trace=".se.xml"
          comment="titre = président"
          left="XPATH#//entities/entity/components/title"
          operator="="
          right="président"/>
    <test id="fre.se.pers.comp.4.3" trace=".se.xml"
          comment="position titre = 4"
          left="XPATH#//entities/entity/components/title/@pos"
          operator="="
          right="4"/>
    <test id="fre.se.pers.comp.4.4" trace=".se.xml"
          comment="longueur titre = 9"
          left="XPATH#//entities/entity/components/title/@len"
          operator="="
          right="8"/>
    <test id="fre.se.pers.comp.4.5" trace=".se.xml"
          comment="1er prénom = Ambroise"
          left="XPATH#//entities/entity/components/firstname[@pos=14]"
          operator="="
          right="Ambroise"/>
    <test id="fre.se.pers.comp.4.6" trace=".se.xml"
          comment="2ème prénom = André"
          left="XPATH#//entities/entity/components/firstname[@pos=23]"
          operator="="
          right="André"/>
    <test id="fre.se.pers.comp.4.7" trace=".se.xml"
          comment="nom = Monge"
          left="XPATH#//entities/entity/components/lastname[@pos=29]"
          operator="="
          right="Monge"/>
  </testcase-->
  <!--test 44 idem 4 with abbrev -->
  <testcase id="fre.se.pers.comp.44" type="pertinent">
    <call-parameters>
      <param key="text" value="le président Augustin G. Monge"/>
      <param key="language" value="fre"/>
      <list key="pipelines">
        <item value="limaserver"/>
      </list>
    </call-parameters>
    <expl>generic rule with firstname as trigger, case with optional second firstname initial (with .) : title, firstname, firstname initial, lastname = le président Augustin G. Monge</expl>
    <test id="fre.se.pers.comp.44.0" trace=".tokenizer.xml"
          comment="status tokenizer"
          left="XPATH#//data_structure/vertex/token[position=23]/t_status/t_default"
          operator="="
          right="t_abbrev"/>
    <test id="fre.se.pers.comp.44.1" trace=".se.xml"
          comment="type d'entité = Person.PERSONNE"
          left="XPATH#//entities/entity[pos=14]/type"
          operator="="
          right="Person.PERSON"/>
    <test id="fre.se.pers.comp.44.2" trace=".se.xml"
          comment="titre = président"
          left="XPATH#//entities/entity/components/title"
          operator="="
          right="président"/>
    <test id="fre.se.pers.comp.44.3" trace=".se.xml"
          comment="1er prénom = Augustin"
          left="XPATH#//entities/entity/components/firstname[@pos=14]"
          operator="="
          right="Augustin"/>
    <test id="fre.se.pers.comp.44.4" trace=".se.xml"
          comment="2ème prénom = G."
          left="XPATH#//entities/entity/components/firstname[@pos=23]"
          operator="="
          right="G."/>
    <test id="fre.se.pers.comp.44.5" trace=".se.xml"
          comment="nom = Monge"
          left="XPATH#//entities/entity/components/lastname"
          operator="="
          right="Monge"/>
 </testcase>
  <!-- TODO: test 5 to be activated when bug fixed -->
  <!-- : bug = "G"  and "Monge" added multiple time -->
  <!-- : more than one possible triggering  -->
  <!-- : ?? transform AddFeatureConstraint in AddFeatureAction -->
  <testcase id="fre.se.pers.comp.5" type="pertinent">
    <call-parameters>
      <param key="text" value="le président Ambroise G Monge"/>
      <param key="language" value="fre"/>
      <list key="pipelines">
        <item value="limaserver"/>
      </list>
    </call-parameters>
    <expl>generic rule with firstname as trigger, case with optional second firstname initial : title firstname firstname initial lastname = le président Ambroise G Monge</expl>
    <test id="fre.se.pers.comp.5.1" trace=".se.xml"
          comment="type d'entité = Person.PERSONNE"
          left="XPATH#//entities/entity[pos=14][len=16]/type"
          operator="="
          right="Person.PERSON"/>
    <test id="fre.se.pers.comp.5.2" trace=".se.xml"
          comment="titre = président"
          left="XPATH#//entities/entity/components/title"
          operator="="
          right="président"/>
    <test id="fre.se.pers.comp.5.5" trace=".se.xml"
          comment="1er prénom = Ambroise"
          left="XPATH#//entities/entity/components/firstname[@pos=14]"
          operator="="
          right="Ambroise"/>
    <test id="fre.se.pers.comp.5.5" trace=".se.xml"
          comment="2ème prénom = G"
          left="XPATH#//entities/entity/components/firstname[@pos=23]"
          operator="="
          right="G"/>
    <test id="fre.se.pers.comp.5.8" trace=".se.xml"
          comment="nom = Monge"
          left="XPATH#//entities/entity/components/lastname"
          operator="="
          right="Monge"/>
  </testcase>
  <!-- test avec Nom dans le dictionnaire !-->
  <testcase id="fre.se.pers.comp.6" type="pertinent">
    <call-parameters>
      <param key="text" value="Ambroise Long"/>
      <param key="language" value="fre"/>
      <list key="pipelines">
        <item value="limaserver"/>
      </list>
    </call-parameters>
    <expl>PERSON : test de terminaison, le nom est dans le dictionnaire</expl>
    <test id="fre.se.pers.comp.6.1" trace=".se.xml"
          comment="type d'entité = Person.PERSONNE"
          left="XPATH#//entities/entity[pos=1][len=13]/type"
          operator="="
          right="Person.PERSON"/>
    <test id="fre.se.pers.comp.6.2" trace=".se.xml"
          comment="prénom = Ambroise"
          left="XPATH#//entities/entity[pos=1][len=13]/components/firstname"
          operator="="
          right="Ambroise"/>
    <test id="fre.se.pers.comp.6.3" trace=".se.xml"
          comment="nom = Long"
          left="XPATH#//entities/entity[pos=1][len=13]/components/lastname"
          operator="="
          right="Long"/>
  </testcase>
  <!-- test avec Nom dans le dictionnaire !-->
  <testcase id="fre.se.pers.comp.7" type="pertinent">
    <call-parameters>
      <param key="text" value="Ambroise Long va à la cantine."/>
      <param key="language" value="fre"/>
      <list key="pipelines">
        <item value="limaserver"/>
      </list>
    </call-parameters>
    <expl>PERSON : test de terminaison, le nom est dans le dictionnaire</expl>
    <test id="fre.se.pers.comp.7.1" trace=".se.xml"
          comment="type d'entité = Person.PERSONNE"
          left="XPATH#//entities/entity[pos=1][len=13]/type"
          operator="="
          right="Person.PERSON"/>
    <test id="fre.se.pers.comp.7.2" trace=".se.xml"
          comment="prénom = Ambroise"
          left="XPATH#//entities/entity/components/firstname"
          operator="="
          right="Ambroise"/>
    <test id="fre.se.pers.comp.7.3" trace=".se.xml"
          comment="nom = Long"
          left="XPATH#//entities/entity/components/lastname"
          operator="="
          right="Long"/>
  </testcase>
  <!-- TODO regarder comment fabriquer les 2 EN ??-->
  <!--testcase id="fre.se.46" type="pertinent">
    <call-parameters>
      <param key="text" value="MM. Sfar et Blain vont à la cantine."/>
      <param key="language" value="fre"/>
      <list key="pipelines">
        <item value="limaserver"/>
      </list>
    </call-parameters>
    <expl>PERSON : MM. Sfar et Blain</expl>
    <test id="fre.se.46.1" trace=".se.xml"
          comment="annonceur multiple (Sfar)"
          left="XPATH#//entities/entity[pos=5][len=4]/type"
          operator="="
          right="Person.PERSON"/>
    <test id="fre.se.46.2" trace=".se.xml"
          comment="annonceur multiple (Blain)"
          left="XPATH#//entities/entity[pos=13][len=5]/type"
          operator="="
          right="Person.PERSON"/>
  </testcase-->
  <!-- TODO: gestion des appositions ? -->
  <!--testcase id="fre.se.47" type="pertinent">
    <call-parameters>
      <param key="text" value="&quot;ah bon&quot;, déclare Sanjiv Sidhu, président d' i2 Technologies."/>
      <param key="language" value="fre"/>
      <list key="pipelines">
        <item value="limaserver"/>
      </list>
    </call-parameters>
    <expl>PERSON : Sanjiv Sidhu</expl>
    <test id="fre.se.47.1" trace=".se.xml"
          comment="annonceur postérieur au nom (prénom inconnu)"
          left="XPATH#//entities/entity[pos=19][len=12]/type"
          operator="="
          right="Person.PERSON"/>
  </testcase-->
  <testcase id="fre.se.55" type="bloquant">
    <call-parameters>
      <param key="text" value="A l'attention du Dr Watson"/>
      <param key="language" value="fre"/>
      <list key="pipelines">
        <item value="limaserver"/>
      </list>
    </call-parameters>
    <expl>PERSON : titre</expl>
    <test id="fre.se.55.1" trace=".se.xml"
          comment="Person.PERSON."
          left="XPATH#//entities/entity[pos=21][len=6]/type"
          operator="="
          right="Person.PERSON"/>
    <test id="fre.se.pers.comp.1.3" trace=".se.xml"
          comment="position titre = 4"
          left="XPATH#//entities/entity[pos=21]/components/title"
          operator="="
          right="Dr"/>
    <test id="fre.se.pers.comp.1.3" trace=".se.xml"
          comment="position titre = 4"
          left="XPATH#//entities/entity[pos=21]/components/lastname"
          operator="="
          right="Watson"/>
  </testcase>
  <testcase id="fre.se.56" type="bloquant">
    <call-parameters>
      <param key="text" value="Une des responsables de l'opération &quot;Pièces Jaunes&quot; est Mme Bernadette Chirac."/>
      <param key="language" value="fre"/>
      <list key="pipelines">
        <item value="limaserver"/>
      </list>
    </call-parameters>
    <expl>PERSON : titre</expl>
    <test id="fre.se.56.1" trace=".se.xml"
          comment="Person.PERSON."
          left="XPATH#//entities/entity[pos=61][len=17]/type"
          operator="="
          right="Person.PERSON"/>
    <test id="fre.se.56.1" trace=".se.xml"
          comment="string"
          left="XPATH#//entities/entity[pos=61]/string"
          operator="="
          right="Bernadette Chirac"/>
    <test id="fre.se.56.2" trace=".se.xml"
          comment="titre"
          left="XPATH#//entities/entity[pos=61]/components/title"
          operator="="
          right="Mme"/>
    <test id="fre.se.56.3" trace=".se.xml"
          comment="titre"
          left="XPATH#//entities/entity[pos=61]/components/firstname"
          operator="="
          right="Bernadette"/>
    <test id="fre.se.56.4" trace=".se.xml"
          comment="titre"
          left="XPATH#//entities/entity[pos=61]/components/lastname"
          operator="="
          right="Chirac"/>
  </testcase>  
 <testcase id="fre.se.61" type="bloquant">
    <call-parameters>
      <param key="text" value="Une des responsables de l'opération &quot;Pièces Jaunes&quot; est Mme B. Youza."/>
      <param key="language" value="fre"/>
      <list key="pipelines">
        <item value="limaserver"/>
      </list>
    </call-parameters>
    <expl>PERSON : titre avec initiale.</expl>
    <test id="fre.se.61.1" trace=".se.xml"
          comment="Person.PERSON."
          left="XPATH#//entities/entity[pos=61][len=8]/type"
          operator="="
          right="Person.PERSON"/>
  </testcase>  
 <testcase id="fre.se.62" type="pertinent">
    <call-parameters>
      <param key="text" value="Une des responsables de l'opération &quot;Pièces Jaunes&quot; est B. Youza."/>
      <param key="language" value="fre"/>
      <list key="pipelines">
        <item value="limaserver"/>
      </list>
    </call-parameters>
    <expl>PERSON : titre</expl>
    <test id="fre.se.62.1" trace=".se.xml"
          comment="Person.PERSON."
          left="XPATH#//entities/entity[pos=57][len=8]/type"
          operator="="
          right="Person.PERSON"/>
  </testcase>  
  <testcase id="fre.se.pers.comp.8" type="pertinent">
    <call-parameters>
      <param key="text" value="Sa Majesté Elizabeth II."/>
      <param key="language" value="fre"/>
      <list key="pipelines">
        <item value="limaserver"/>
      </list>
    </call-parameters>
    <expl>PERSON : titre</expl>
    <test id="fre.se.pers.comp.8.1" trace=".se.xml"
          comment="type d'entité = Person.PERSON"
          left="XPATH#//entities/entity[pos=12][len=12]/type"
          operator="="
          right="Person.PERSON"/>
    <test id="fre.se.pers.comp.8.2" trace=".se.xml"
          comment="titre = Sa Majesté"
          left="XPATH#//entities/entity/components/title[@pos=1]"
          operator="="
          right="Sa Majesté"/>
    <test id="fre.se.pers.comp.8.4" trace=".se.xml"
          comment="prénom = Elizabeth"
          left="XPATH#//entities/entity/components/firstname[@pos=12]"
          operator="="
          right="Elizabeth"/>
    <test id="fre.se.pers.comp.8.5" trace=".se.xml"
          comment="prénom = II"
          left="XPATH#//entities/entity/components/firstname[@pos=22]"
          operator="="
          right="II"/>
  </testcase>
  </testcases>

