<?xml version='1.0' encoding='UTF-8'?>

<!--
SPDX-FileCopyrightText: 2022 CEA LIST <gael.de-chalendar@cea.fr>

SPDX-License-Identifier: MIT
-->

<!--==================== tests DATE ====================-->
<testcases>
  <testcase id="eng.se.DATE.1" type="bloquant">
    <call-parameters>
      <param key="text" value="he was born on 10 April 1950."/>
      <param key="language" value="eng"/>
      <list key="pipelines">
        <item value="limaserver"/>
      </list>
    </call-parameters>
    <expl>rule for complete date with cardinal number</expl>
    <test id="eng.se.DATE.1.1" trace=".se.xml"
          comment="type"
          left="XPATH#//entities/entity[pos=16][len=13]/type"
          operator="="
          right="DateTime.DATE"/>
    <test id="eng.se.DATE.1.2" trace=".se.xml"
          comment="value"
          left="XPATH#//entities/entity[pos=16][len=13]/string"
          operator="="
          right="10 April 1950"/>
    <test id="eng.se.DATE.1.3" trace=".se.xml"
          comment="month"
          left="XPATH#//entities/entity[pos=16][len=13]/components/month"
          operator="="
          right="April"/>
    <test id="eng.se.DATE.1.4" trace=".se.xml"
          comment="numday"
          left="XPATH#//entities/entity[pos=16][len=13]/components/numday"
          operator="="
          right="10"/>
    <test id="eng.se.DATE.1.5" trace=".se.xml"
          comment="année"
          left="XPATH#//entities/entity[pos=16][len=13]/components/numyear"
          operator="="
          right="1950"/>
    <test id="eng.se.DATE.1.6" trace=".se.xml"
          comment="date mois/année"
          left="XPATH#//entities/entity[pos=16][len=13]/normalization/date"
          operator="="
          right="1950-04-10"/>
  </testcase>
  <testcase id="eng.se.DATE.2" type="bloquant">
    <call-parameters>
      <param key="text" value="he was born on 10th April 1950."/>
      <param key="language" value="eng"/>
      <list key="pipelines">
        <item value="limaserver"/>
      </list>
    </call-parameters>
    <expl>rule for complete date with ordinal number</expl>
    <test id="eng.se.DATE.2.1" trace=".se.xml"
          comment="type"
          left="XPATH#//entities/entity[pos=16][len=15]/type"
          operator="="
          right="DateTime.DATE"/>
    <test id="eng.se.DATE.2.2" trace=".se.xml"
          comment="value"
          left="XPATH#//entities/entity[pos=16][len=15]/string"
          operator="="
          right="10th April 1950"/>
    <test id="eng.se.DATE.2.3" trace=".se.xml"
          comment="month"
          left="XPATH#//entities/entity[pos=16][len=15]/components/month"
          operator="="
          right="April"/>
    <test id="eng.se.DATE.2.4" trace=".se.xml"
          comment="day"
          left="XPATH#//entities/entity[pos=16][len=15]/components/numday"
          operator="="
          right="10th"/>
    <test id="eng.se.DATE.2.5" trace=".se.xml"
          comment="année"
          left="XPATH#//entities/entity[pos=16][len=15]/components/numyear"
          operator="="
          right="1950"/>
    <test id="eng.se.DATE.2.6" trace=".se.xml"
          comment="date normalisée"
          left="XPATH#//entities/entity[pos=16][len=15]/normalization/date"
          operator="="
          right="1950-04-10"/>
  </testcase>
  <testcase id="eng.se.DATE.3" type="bloquant">
    <call-parameters>
      <param key="text" value="He died on 1st July 2015."/>
      <param key="language" value="eng"/>
      <list key="pipelines">
        <item value="limaserver"/>
      </list>
    </call-parameters>
    <expl>rule for complete date with ordinal number 1st</expl>
    <test id="eng.se.DATE.3.1" trace=".se.xml"
          comment="type"
          left="XPATH#//entities/entity[pos=12][len=13]/type"
          operator="="
          right="DateTime.DATE"/>
    <test id="eng.se.DATE.3.2" trace=".se.xml"
          comment="date mois/année"
          left="XPATH#//entities/entity[pos=12][len=13]/string"
          operator="="
          right="1st July 2015"/>
    <test id="eng.se.DATE.2.3" trace=".se.xml"
          comment="month"
          left="XPATH#//entities/entity[pos=12][len=13]/components/month"
          operator="="
          right="July"/>
    <test id="eng.se.DATE.2.4" trace=".se.xml"
          comment="day"
          left="XPATH#//entities/entity[pos=12][len=13]/components/numday"
          operator="="
          right="1st"/>
    <test id="eng.se.DATE.2.5" trace=".se.xml"
          comment="année"
          left="XPATH#//entities/entity[pos=12][len=13]/components/numyear"
          operator="="
          right="2015"/>
    <test id="eng.se.DATE.2.6" trace=".se.xml"
          comment="date normalisée"
          left="XPATH#//entities/entity[pos=12][len=13]/normalization/date"
          operator="="
          right="2015-07-01"/>
  </testcase>
  <testcase id="eng.se.DATE.4" type="bloquant">
    <call-parameters>
      <param key="text" value="He died on fourth March, 2015"/>
      <param key="language" value="eng"/>
      <list key="pipelines">
        <item value="limaserver"/>
      </list>
    </call-parameters>
    <expl>test date with ordinal as word</expl>
    <test id="eng.se.DATE.4.1" trace=".se.xml"
          comment="type"
          left="XPATH#//entities/entity[pos=12][len=18]/type"
          operator="="
          right="DateTime.DATE"/>
    <test id="eng.se.DATE.4.2" trace=".se.xml"
          comment="date mois/année"
          left="XPATH#//entities/entity[pos=12][len=18]/string"
          operator="="
          right="fourth March, 2015"/>
    <test id="eng.se.DATE.4.3" trace=".se.xml"
          comment="month"
          left="XPATH#//entities/entity[pos=12][len=18]/components/month"
          operator="="
          right="March"/>
    <test id="eng.se.DATE.4.4" trace=".se.xml"
          comment="day"
          left="XPATH#//entities/entity[pos=12][len=18]/components/numday"
          operator="="
          right="fourth"/>
    <test id="eng.se.DATE.4.5" trace=".se.xml"
          comment="année"
          left="XPATH#//entities/entity[pos=12][len=18]/components/numyear"
          operator="="
          right="2015"/>
    <test id="eng.se.DATE.4.6" trace=".se.xml"
          comment="date normalisée"
          left="XPATH#//entities/entity[pos=12][len=18]/normalization/date"
          operator="="
          right="2015-03-04"/>
  </testcase>
  <testcase id="eng.se.DATE.5" type="bloquant">
    <call-parameters>
      <param key="text" value="He died on twenty-second March, 2015"/>
      <param key="language" value="eng"/>
      <list key="pipelines">
        <item value="limaserver"/>
      </list>
    </call-parameters>
    <expl>test date with ordinal as word</expl>
    <test id="eng.se.DATE.5.1" trace=".se.xml"
          comment="type"
          left="XPATH#//entities/entity[pos=12][len=25]/type"
          operator="="
          right="DateTime.DATE"/>
    <test id="eng.se.DATE.5.2" trace=".se.xml"
          comment="date mois/année"
          left="XPATH#//entities/entity[pos=12][len=25]/string"
          operator="="
          right="twenty-second March, 2015"/>
    <test id="eng.se.DATE.5.3" trace=".se.xml"
          comment="month"
          left="XPATH#//entities/entity[pos=12][len=25]/components/month"
          operator="="
          right="March"/>
    <test id="eng.se.DATE.5.4" trace=".se.xml"
          comment="day"
          left="XPATH#//entities/entity[pos=12][len=25]/components/numday"
          operator="="
          right="twenty-second"/>
    <test id="eng.se.DATE.5.5" trace=".se.xml"
          comment="année"
          left="XPATH#//entities/entity[pos=12][len=25]/components/numyear"
          operator="="
          right="2015"/>
    <test id="eng.se.DATE.5.6" trace=".se.xml"
          comment="date normalisée"
          left="XPATH#//entities/entity[pos=12][len=25]/normalization/date"
          operator="="
          right="2015-03-22"/>
  </testcase>
  <testcase id="eng.se.DATE.6" type="bloquant">
    <call-parameters>
      <param key="text" value="He died on twenty second of March, 2015"/>
      <param key="language" value="eng"/>
      <list key="pipelines">
        <item value="limaserver"/>
      </list>
    </call-parameters>
    <expl>test date with ordinal as 2 word</expl>
    <test id="eng.se.DATE.6.1" trace=".se.xml"
          comment="type"
          left="XPATH#//entities/entity[pos=12][len=28]/type"
          operator="="
          right="DateTime.DATE"/>
    <test id="eng.se.DATE.6.2" trace=".se.xml"
          comment="date mois/année"
          left="XPATH#//entities/entity[pos=12][len=28]/string"
          operator="="
          right="twenty second of March, 2015"/>
    <test id="eng.se.DATE.6.3" trace=".se.xml"
          comment="month"
          left="XPATH#//entities/entity[pos=12][len=28]/components/month"
          operator="="
          right="March"/>
    <test id="eng.se.DATE.6.4" trace=".se.xml"
          comment="day"
          left="XPATH#//entities/entity[pos=12][len=28]/components/numday"
          operator="="
          right="twenty second"/>
    <test id="eng.se.DATE.6.5" trace=".se.xml"
          comment="année"
          left="XPATH#//entities/entity[pos=12][len=28]/components/numyear"
          operator="="
          right="2015"/>
    <test id="eng.se.DATE.6.6" trace=".se.xml"
          comment="date normalisée"
          left="XPATH#//entities/entity[pos=12][len=28]/normalization/date"
          operator="="
          right="2015-03-22"/>
  </testcase>
  <testcase id="eng.se.DATE.7" type="bloquant">
    <call-parameters>
      <param key="text" value="He died on March, 2015"/>
      <param key="language" value="eng"/>
      <list key="pipelines">
        <item value="limaserver"/>
      </list>
    </call-parameters>
    <expl>test incomplete date (without day)</expl>
    <test id="eng.se.DATE.7.1" trace=".se.xml"
          comment="type"
          left="XPATH#//entities/entity[pos=12][len=11]/type"
          operator="="
          right="DateTime.DATE"/>
    <test id="eng.se.DATE.7.2" trace=".se.xml"
          comment="date mois/année"
          left="XPATH#//entities/entity[pos=12][len=11]/string"
          operator="="
          right="March, 2015"/>
    <test id="eng.se.DATE.8.3" trace=".se.xml"
          comment="month"
          left="XPATH#//entities/entity[pos=12][len=11]/components/month"
          operator="="
          right="March"/>
    <test id="eng.se.DATE.7.5" trace=".se.xml"
          comment="année"
          left="XPATH#//entities/entity[pos=12][len=11]/components/numyear"
          operator="="
          right="2015"/>
    <test id="eng.se.DATE.7.6" trace=".se.xml"
          comment="date normalisée"
          left="XPATH#//entities/entity[pos=12][len=11]/normalization/date_span"
          operator="="
          right="2015-03-XX"/>
  </testcase>
  <testcase id="eng.se.DATE.8" type="bloquant">
    <call-parameters>
      <param key="text" value="He died on 1st July."/>
      <param key="language" value="eng"/>
      <list key="pipelines">
        <item value="limaserver"/>
      </list>
    </call-parameters>
    <expl>rule for incomplete date (without year) </expl>
    <test id="eng.se.DATE.8.1" trace=".se.xml"
          comment="type"
          left="XPATH#//entities/entity[pos=12][len=8]/type"
          operator="="
          right="DateTime.DATE"/>
    <test id="eng.se.DATE.8.2" trace=".se.xml"
          comment="date mois/année"
          left="XPATH#//entities/entity[pos=12][len=8]/string"
          operator="="
          right="1st July"/>
    <test id="eng.se.DATE.8.3" trace=".se.xml"
          comment="month"
          left="XPATH#//entities/entity[pos=12][len=8]/components/month"
          operator="="
          right="July"/>
    <test id="eng.se.DATE.8.4" trace=".se.xml"
          comment="day"
          left="XPATH#//entities/entity[pos=12][len=8]/components/numday"
          operator="="
          right="1st"/>
    <test id="eng.se.DATE.8.6" trace=".se.xml"
          comment="date normalisée"
          left="XPATH#//entities/entity[pos=12][len=8]/normalization/date_span"
          operator="="
          right="XXXX-07-01"/>
  </testcase>
  <!--testcase id="eng.se.timex.1" type="bloquant">
    <call-parameters>
      <param key="text" value="the year 2004 is a great year"/>
      <param key="language" value="eng"/>
      <list key="pipelines">
        <item value="limaserver"/>
      </list>
    </call-parameters>
    <test id="eng.se.timex.1.1" trace=".se.xml"
          comment="date mois/année"
          left="XPATH#//specific_entities/specific_entity[position=10][length=4]/type"
          operator="contains"
          right="DateTime.DATE"/>
  </testcase-->
  <!--testcase id="eng.se.timex.2" type="bloquant">
    <call-parameters>
      <param key="text" value="06/09/2004"/>
      <param key="language" value="eng"/>
      <list key="pipelines">
        <item value="limaserver"/>
      </list>
    </call-parameters>
    <test id="eng.se.timex.2.1" trace=".se.xml"
          comment="date mois/année"
          left="XPATH#//specific_entities/specific_entity[position=1][length=10]/type"
          operator="="
          right="DateTime.DATE"/>
  </testcase-->
  <!--testcase id="eng.se.timex.3" type="bloquant">
    <call-parameters>
      <param key="text" value="Lou Alice Philbeck died April 17 of a heart-lung ailment."/>
      <param key="language" value="eng"/>
      <list key="pipelines">
        <item value="limaserver"/>
      </list>
    </call-parameters>
    <test id="eng.se.timex.3.1" trace=".se.xml"
          comment="date April 17"
          left="XPATH#//specific_entities/specific_entity[position=25][length=8]/type"
          operator="="
          right="DateTime.DATE"/>
  </testcase-->
  <!--testcase id="eng.se.timex.4" type="bloquant">
    <call-parameters>
      <param key="text" value="Her funeral was Saturday at Greene Funeral Service's South Chapel."/>
      <param key="language" value="eng"/>
      <list key="pipelines">
        <item value="limaserver"/>
      </list>
    </call-parameters>
    <test id="eng.se.timex.4.1" trace=".se.xml"
          comment="date Saturday"
          left="XPATH#//specific_entities/specific_entity[position=17][length=8]/type"
          operator="="
          right="DateTime.DATE"/>
  </testcase-->
  <!--testcase id="eng.se.timex.6" type="bloquant">
    <call-parameters>
      <param key="text" value="The 75th annual Academy Awards ceremony is scheduled for March 23, 2003."/>
      <param key="language" value="eng"/>
      <list key="pipelines">
        <item value="limaserver"/>
      </list>
    </call-parameters>
    <test id="eng.se.timex.6.1" trace=".se.xml"
          comment="date March 23, 2003"
          left="XPATH#//specific_entities/specific_entity[position=58][length=14]/type"
          operator="="
          right="DateTime.DATE"/>
  </testcase-->
  <!--testcase id="eng.se.timex.7" type="bloquant">
    <call-parameters>
      <param key="text" value="09 Jul 2002"/>
      <param key="language" value="eng"/>
      <list key="pipelines">
        <item value="limaserver"/>
      </list>
    </call-parameters>
    <test id="eng.se.timex.7.1" trace=".se.xml"
          comment="09 Jul 2002"
          left="XPATH#//specific_entities/specific_entity[position=1][length=11]/type"
          operator="="
          right="DateTime.DATE"/>
  </testcase-->
  <!--testcase id="eng.se.timex.8" type="bloquant">
    <call-parameters>
      <param key="text" value="The three blasts took place in March, August and November of last year."/>
      <param key="language" value="eng"/>
      <list key="pipelines">
        <item value="limaserver"/>
      </list>
    </call-parameters>
    <test id="eng.se.timex.8.1" trace=".se.xml"
          comment="March"
          left="XPATH#//specific_entities/specific_entity[position=32][length=5]/type"
          operator="="
          right="DateTime.DATE"/>
    <test id="eng.se.timex.8.2" trace=".se.xml"
          comment="August"
          left="XPATH#//specific_entities/specific_entity[position=39][length=6]/type"
          operator="="
          right="DateTime.DATE"/>
    <test id="eng.se.timex.8.3" trace=".se.xml"
          comment="November"
          left="XPATH#//specific_entities/specific_entity[position=50][length=8]/type"
          operator="="
          right="DateTime.DATE"/>
  </testcase-->
  <!--testcase id="eng.se.timex.9" type="bloquant">
    <call-parameters>
      <param key="text" value="It began in September 2000"/>
      <param key="language" value="eng"/>
      <list key="pipelines">
        <item value="limaserver"/>
      </list>
    </call-parameters>
    <test id="eng.se.timex.9.1" trace=".se.xml"
          comment=""
          left="XPATH#//specific_entities/specific_entity[position=13][length=14]/type"
          operator="="
          right="DateTime.DATE"/>
  </testcase-->
  <!--testcase id="eng.se.timex.10" type="bloquant">
    <call-parameters>
      <param key="text" value="September 20th"/>
      <param key="language" value="eng"/>
      <list key="pipelines">
        <item value="limaserver"/>
      </list>
    </call-parameters>
    <test id="eng.se.timex.10.1" trace=".se.xml"
          comment=""
          left="XPATH#//specific_entities/specific_entity[position=1][length=14]/type"
          operator="="
          right="DateTime.DATE"/>
  </testcase-->
  <!--testcase id="eng.se.timex.11" type="pertinent">
    <call-parameters>
      <param key="text" value="Feb. 22"/>
      <param key="language" value="eng"/>
      <list key="pipelines">
        <item value="limaserver"/>
      </list>
    </call-parameters>
    <test id="eng.se.timex.11.1" trace=".se.xml"
          comment=""
          left="XPATH#//specific_entities/specific_entity[position=1][length=7]/type"
          operator="="
          right="DateTime.DATE"/>
  </testcase-->
  <!--testcase id="eng.se.timex.12" type="pertinent">
    <call-parameters>
      <param key="text" value="22 Feb. 2002"/>
      <param key="language" value="eng"/>
      <list key="pipelines">
        <item value="limaserver"/>
      </list>
    </call-parameters>
    <test id="eng.se.timex.12.1" trace=".se.xml"
          comment=""
          left="XPATH#//specific_entities/specific_entity[position=1][length=12]/type"
          operator="="
          right="DateTime.DATE"/>
  </testcase-->
  <!--==================== tests TIME ====================-->
  <!-- règle 08:43:08 -->
    <testcase id="eng.se.TIME.1" type="bloquant">
    <call-parameters>
      <param key="text" value="a significant explosion had happened just after 09:01:12 (14:00 GMT)"/>
      <param key="language" value="eng"/>
      <list key="pipelines">
        <item value="limaserver"/>
      </list>
    </call-parameters>
    <test id="eng.se.TIME.1.1" trace=".se.xml"
          comment="first "
          left="XPATH#//entities/entity[pos=49][len=8]/type"
          operator="="
          right="DateTime.TIME"/>
    <!--test id="eng.se.TIME.1.2" trace=".se.xml"
          comment="hour"
          left="XPATH#//entities/entity[pos=49]/components/hour"
          operator="="
          right="09"/-->
    <test id="eng.se.TIME.1.2" trace=".se.xml"
          comment="hour"
          left="XPATH#//entities/entity[pos=49]/components/hour"
          operator="="
          right="9"/>
    <test id="eng.se.TIME.1.3" trace=".se.xml"
          comment="hour"
          left="XPATH#//entities/entity[pos=49]/components/minute"
          operator="="
          right="1"/>
    <test id="eng.se.TIME.1.4" trace=".se.xml"
          comment="hour"
          left="XPATH#//entities/entity[pos=49]/components/second"
          operator="="
          right="12"/>
  </testcase>
  <!-- règle <NUMBER>::o'clock:TIME -->
    <testcase id="eng.se.TIME.2" type="bloquant">
    <call-parameters>
      <param key="text" value="I seat myself by the stand at 7 o'clock this evening"/>
      <param key="language" value="eng"/>
      <list key="pipelines">
        <item value="limaserver"/>
      </list>
    </call-parameters>
    <test id="eng.se.TIME.2.1" trace=".se.xml"
          comment="first "
          left="XPATH#//entities/entity[pos=31][len=9]/type"
          operator="="
          right="DateTime.TIME"/>
    <test id="eng.se.TIME.2.2" trace=".se.xml"
          comment="hour"
          left="XPATH#//entities/entity[pos=31]/components/hour"
          operator="="
          right="7"/>
  </testcase>
  <!--==================== tests NUMEX ====================-->
  <!--testcase id="eng.se.timex.5" type="bloquant">
    <call-parameters>
      <param key="text" value="The results also show that there was a deterioration after 6 months."/>
      <param key="language" value="eng"/>
      <list key="pipelines">
        <item value="limaserver"/>
      </list>
    </call-parameters>
    <test id="eng.se.timex.5.1" trace=".se.xml"
          comment="6 months are a numex and not a timex. this is a measure of an amount of time."
          left="XPATH#//specific_entities/specific_entity[position=60][length=8]/type"
          operator="="
          right="Numex.NUMEX"/>
  </testcase-->
  <!--testcase id="eng.se.numex.1" type="bloquant">
    <call-parameters>
      <param key="text" value="he won 8000 dollars"/>
      <param key="language" value="eng"/>
      <list key="pipelines">
        <item value="limaserver"/>
      </list>
    </call-parameters>
    <test id="eng.se.numex.1.1" trace=".se.xml"
          comment="simple nombre format numérique"
          left="XPATH#//specific_entities/specific_entity[position=8][length=12]/type"
          operator="="
          right="Numex.NUMEX"/>
  </testcase-->
  <!--testcase id="eng.se.numex.2" type="bloquant">
    <call-parameters>
      <param key="text" value="the other won twenty euros"/>
      <param key="language" value="eng"/>
      <list key="pipelines">
        <item value="limaserver"/>
      </list>
    </call-parameters>
    <test id="eng.se.numex.2.1" trace=".se.xml"
          comment="nombre en lettres + unité de mesure"
          left="XPATH#//specific_entities/specific_entity[position=15][length=12]/type"
          operator="="
          right="Numex.NUMEX"/>
  </testcase-->
  <!--testcase id="eng.se.numex.3" type="bloquant">
    <call-parameters>
      <param key="text" value="Keep humidity levels in your home between 30 and 60 percent."/>
      <param key="language" value="eng"/>
      <list key="pipelines">
        <item value="limaserver"/>
      </list>
    </call-parameters>
    <test id="eng.se.numex.3.1" trace=".se.xml"
          comment=""
          left="XPATH#//specific_entities/specific_entity[position=50][length=10]/type"
          operator="="
          right="Numex.NUMEX"/>
  </testcase-->
  <!--testcase id="eng.se.numex.4" type="bloquant">
    <call-parameters>
      <param key="text" value="They are typically about five watts."/>
      <param key="language" value="eng"/>
      <list key="pipelines">
        <item value="limaserver"/>
      </list>
    </call-parameters>
    <test id="eng.se.numex.4.1" trace=".se.xml"
          comment="five watts"
          left="XPATH#//specific_entities/specific_entity[position=26][length=10]/type"
          operator="="
          right="Numex.NUMEX"/>
  </testcase-->
  <!--testcase id="eng.se.numex.5" type="bloquant">
    <call-parameters>
      <param key="text" value="These are visible from 500 feet and can help guests locate your home quickly."/>
      <param key="language" value="eng"/>
      <list key="pipelines">
        <item value="limaserver"/>
      </list>
    </call-parameters>
    <test id="eng.se.numex.5.1" trace=".se.xml"
          comment="five watts"
          left="XPATH#//specific_entities/specific_entity[position=24][length=8]/type"
          operator="="
          right="Numex.NUMEX"/>
  </testcase-->
  <!--testcase id="eng.se.numex.6" type="bloquant">
    <call-parameters>
      <param key="text" value="A child picks up a 12-pound backpack."/>
      <param key="language" value="eng"/>
      <list key="pipelines">
        <item value="limaserver"/>
      </list>
    </call-parameters>
    <test id="eng.se.numex.6.1" trace=".se.xml"
          comment="five watts"
          left="XPATH#//specific_entities/specific_entity[position=20][length=8]/type"
          operator="="
          right="Numex.NUMEX"/>
  </testcase-->
</testcases>
