<?xml version='1.0' encoding='UTF-8'?>

<!--
SPDX-FileCopyrightText: 2022 CEA LIST <gael.de-chalendar@cea.fr>

SPDX-License-Identifier: MIT
-->

<testcases>
  <!--==================== tests DateTime.DATE ====================-->
  <testcase id="eng.se.timex.1" type="bloquant">
    <call-parameters>
      <param key="text" value="the year 2004 is a great year"/>
      <param key="language" value="eng"/>
      <list key="pipelines">
        <item value="indexer"/>
        <item value="query"/>
      </list>
    </call-parameters>
    <test id="eng.se.timex.1.1" trace=".se.xml"
          comment="date mois/année"
          left="XPATH#//specific_entities/specific_entity[position=10][length=4]/type"
          operator="contains"
          right="DateTime.DATE"/>
  </testcase>
  <testcase id="eng.se.timex.2" type="bloquant">
    <call-parameters>
      <param key="text" value="06/09/2004"/>
      <param key="language" value="eng"/>
      <list key="pipelines">
        <item value="indexer"/>
        <item value="query"/>
      </list>
    </call-parameters>
    <test id="eng.se.timex.2.1" trace=".se.xml"
          comment="date mois/année"
          left="XPATH#//specific_entities/specific_entity[position=1][length=10]/type"
          operator="="
          right="DateTime.DATE"/>
  </testcase>
  <testcase id="eng.se.timex.3" type="bloquant">
    <call-parameters>
      <param key="text" value="Lou Alice Philbeck died April 17 of a heart-lung ailment."/>
      <param key="language" value="eng"/>
      <list key="pipelines">
        <item value="indexer"/>
        <item value="query"/>
      </list>
    </call-parameters>
    <test id="eng.se.timex.3.1" trace=".se.xml"
          comment="date April 17"
          left="XPATH#//specific_entities/specific_entity[position=25][length=8]/type"
          operator="="
          right="DateTime.DATE"/>
  </testcase>
  <testcase id="eng.se.timex.4" type="bloquant">
    <call-parameters>
      <param key="text" value="Her funeral was Saturday at Greene Funeral Service's South Chapel."/>
      <param key="language" value="eng"/>
      <list key="pipelines">
        <item value="indexer"/>
        <item value="query"/>
      </list>
    </call-parameters>
    <test id="eng.se.timex.4.1" trace=".se.xml"
          comment="date Saturday"
          left="XPATH#//specific_entities/specific_entity[position=17][length=8]/type"
          operator="="
          right="DateTime.DATE"/>
  </testcase>
  <testcase id="eng.se.timex.5" type="bloquant">
    <call-parameters>
      <param key="text" value="The results also show that there was a deterioration after 6 months."/>
      <param key="language" value="eng"/>
      <list key="pipelines">
        <item value="indexer"/>
        <item value="query"/>
      </list>
    </call-parameters>
    <test id="eng.se.timex.5.1" trace=".se.xml"
          comment="6 months are a numex and not a timex. this is a measure of an amount of time."
          left="XPATH#//specific_entities/specific_entity[position=60][length=8]/type"
          operator="="
          right="Numex.NUMEX"/>
  </testcase>
  <testcase id="eng.se.timex.6" type="bloquant">
    <call-parameters>
      <param key="text" value="The 75th annual Academy Awards ceremony is scheduled for March 23, 2003."/>
      <param key="language" value="eng"/>
      <list key="pipelines">
        <item value="indexer"/>
        <item value="query"/>
      </list>
    </call-parameters>
    <test id="eng.se.timex.6.1" trace=".se.xml"
          comment="date March 23, 2003"
          left="XPATH#//specific_entities/specific_entity[position=58][length=14]/type"
          operator="="
          right="DateTime.DATE"/>
  </testcase>
  <testcase id="eng.se.timex.7" type="bloquant">
    <call-parameters>
      <param key="text" value="09 Jul 2002"/>
      <param key="language" value="eng"/>
      <list key="pipelines">
        <item value="indexer"/>
        <item value="query"/>
      </list>
    </call-parameters>
    <test id="eng.se.timex.7.1" trace=".se.xml"
          comment="09 Jul 2002"
          left="XPATH#//specific_entities/specific_entity[position=1][length=11]/type"
          operator="="
          right="DateTime.DATE"/>
  </testcase>
  <testcase id="eng.se.timex.8" type="bloquant">
    <call-parameters>
      <param key="text" value="The three blasts took place in March, August and November of last year."/>
      <param key="language" value="eng"/>
      <list key="pipelines">
        <item value="indexer"/>
        <item value="query"/>
      </list>
    </call-parameters>
    <test id="eng.se.timex.8.1" trace=".se.xml"
          comment="March"
          left="XPATH#//specific_entities/specific_entity[position=32][length=5]/type"
          operator="="
          right="DateTime.DATE"/>
    <test id="eng.se.timex.8.2" trace=".se.xml"
          comment="August"
          left="XPATH#//specific_entities/specific_entity[position=39][length=6]/type"
          operator="="
          right="DateTime.DATE"/>
    <test id="eng.se.timex.8.3" trace=".se.xml"
          comment="November"
          left="XPATH#//specific_entities/specific_entity[position=50][length=8]/type"
          operator="="
          right="DateTime.DATE"/>
  </testcase>
  <testcase id="eng.se.timex.9" type="bloquant">
    <call-parameters>
      <param key="text" value="It began in September 2000"/>
      <param key="language" value="eng"/>
      <list key="pipelines">
        <item value="indexer"/>
        <item value="query"/>
      </list>
    </call-parameters>
    <test id="eng.se.timex.9.1" trace=".se.xml"
          comment=""
          left="XPATH#//specific_entities/specific_entity[position=13][length=14]/type"
          operator="="
          right="DateTime.DATE"/>
  </testcase>
  <testcase id="eng.se.timex.10" type="bloquant">
    <call-parameters>
      <param key="text" value="September 20th"/>
      <param key="language" value="eng"/>
      <list key="pipelines">
        <item value="indexer"/>
        <item value="query"/>
      </list>
    </call-parameters>
    <test id="eng.se.timex.10.1" trace=".se.xml"
          comment=""
          left="XPATH#//specific_entities/specific_entity[position=1][length=14]/type"
          operator="="
          right="DateTime.DATE"/>
  </testcase>
  <testcase id="eng.se.timex.11" type="pertinent">
    <call-parameters>
      <param key="text" value="Feb. 22"/>
      <param key="language" value="eng"/>
      <list key="pipelines">
        <item value="indexer"/>
        <item value="query"/>
      </list>
    </call-parameters>
    <test id="eng.se.timex.11.1" trace=".se.xml"
          comment=""
          left="XPATH#//specific_entities/specific_entity[position=1][length=7]/type"
          operator="="
          right="DateTime.DATE"/>
  </testcase>
  <testcase id="eng.se.timex.12" type="pertinent">
    <call-parameters>
      <param key="text" value="22 Feb. 2002"/>
      <param key="language" value="eng"/>
      <list key="pipelines">
        <item value="indexer"/>
        <item value="query"/>
      </list>
    </call-parameters>
    <test id="eng.se.timex.12.1" trace=".se.xml"
          comment=""
          left="XPATH#//specific_entities/specific_entity[position=1][length=12]/type"
          operator="="
          right="DateTime.DATE"/>
  </testcase>
  <!--==================== tests NUMEX ====================-->
  <testcase id="eng.se.numex.1" type="bloquant">
    <call-parameters>
      <param key="text" value="he won 8000 dollars"/>
      <param key="language" value="eng"/>
      <list key="pipelines">
        <item value="indexer"/>
        <item value="query"/>
      </list>
    </call-parameters>
    <test id="eng.se.numex.1.1" trace=".se.xml"
          comment="simple nombre format numérique"
          left="XPATH#//specific_entities/specific_entity[position=8][length=12]/type"
          operator="="
          right="Numex.NUMEX"/>
  </testcase>
  <testcase id="eng.se.numex.2" type="bloquant">
    <call-parameters>
      <param key="text" value="the other won twenty euros"/>
      <param key="language" value="eng"/>
      <list key="pipelines">
        <item value="indexer"/>
        <item value="query"/>
      </list>
    </call-parameters>
    <test id="eng.se.numex.2.1" trace=".se.xml"
          comment="nombre en lettres + unité de mesure"
          left="XPATH#//specific_entities/specific_entity[position=15][length=12]/type"
          operator="="
          right="Numex.NUMEX"/>
  </testcase>
  <testcase id="eng.se.numex.3" type="bloquant">
    <call-parameters>
      <param key="text" value="Keep humidity levels in your home between 30 and 60 percent."/>
      <param key="language" value="eng"/>
      <list key="pipelines">
        <item value="indexer"/>
        <item value="query"/>
      </list>
    </call-parameters>
    <test id="eng.se.numex.3.1" trace=".se.xml"
          comment=""
          left="XPATH#//specific_entities/specific_entity[position=43][length=2]/type"
          operator="="
          right="Numex.NUMBER"/>
    <test id="eng.se.numex.3.2" trace=".se.xml"
          comment=""
          left="XPATH#//specific_entities/specific_entity[position=50][length=10]/type"
          operator="="
          right="Numex.NUMEX"/>
  </testcase>
  <testcase id="eng.se.numex.4" type="bloquant">
    <call-parameters>
      <param key="text" value="They are typically about five watts."/>
      <param key="language" value="eng"/>
      <list key="pipelines">
        <item value="indexer"/>
        <item value="query"/>
      </list>
    </call-parameters>
    <test id="eng.se.numex.4.1" trace=".se.xml"
          comment="five watts"
          left="XPATH#//specific_entities/specific_entity[position=26][length=10]/type"
          operator="="
          right="Numex.NUMEX"/>
  </testcase>
  <testcase id="eng.se.numex.5" type="bloquant">
    <call-parameters>
      <param key="text" value="These are visible from 500 feet and can help guests locate your home quickly."/>
      <param key="language" value="eng"/>
      <list key="pipelines">
        <item value="indexer"/>
        <item value="query"/>
      </list>
    </call-parameters>
    <test id="eng.se.numex.5.1" trace=".se.xml"
          comment="five watts"
          left="XPATH#//specific_entities/specific_entity[position=24][length=8]/type"
          operator="="
          right="Numex.NUMEX"/>
  </testcase>
  <testcase id="eng.se.numex.6" type="bloquant">
    <call-parameters>
      <param key="text" value="A child picks up a 12-pound backpack."/>
      <param key="language" value="eng"/>
      <list key="pipelines">
        <item value="indexer"/>
        <item value="query"/>
      </list>
    </call-parameters>
    <test id="eng.se.numex.6.1" trace=".se.xml"
          comment="five watts"
          left="XPATH#//specific_entities/specific_entity[position=20][length=8]/type"
          operator="="
          right="Numex.NUMEX"/>
  </testcase>
  <!--==================== tests LOCATION ====================-->
  <testcase id="eng.se.loc.1" type="bloquant">
    <call-parameters>
      <param key="text" value="The procedure was to be performed in Los Angeles by orthopedic surgeon."/>
      <param key="language" value="eng"/>
      <list key="pipelines">
        <item value="indexer"/>
        <item value="query"/>
      </list>
    </call-parameters>
    <test id="eng.se.loc.1.1" trace=".se.xml"
          comment="nom de ville composé"
          left="XPATH#//specific_entities/specific_entity[position=38][length=11]/type"
          operator="="
          right="Location.CITY"/>
  </testcase>
  <testcase id="eng.se.loc.2" type="bloquant">
    <call-parameters>
      <param key="text" value="Two California legislators Monday proposed setting maximum weight standards for textbooks."/>
      <param key="language" value="eng"/>
      <list key="pipelines">
        <item value="indexer"/>
        <item value="query"/>
      </list>
    </call-parameters>
    <test id="eng.se.loc.2.1" trace=".se.xml"
          comment="California"
          left="XPATH#//specific_entities/specific_entity[position=5][length=10]/type"
          operator="="
          right="Location.REGION"/>
  </testcase>
  <testcase id="eng.se.loc.3" type="bloquant">
    <call-parameters>
      <param key="text" value="Cally Weise, an eighth-grader at Westborough Middle School in South San Francisco, said she almost fell down stairs at her school because her backpack weighs so much."/>
      <param key="language" value="eng"/>
      <list key="pipelines">
        <item value="indexer"/>
        <item value="query"/>
      </list>
    </call-parameters>
    <test id="eng.se.loc.3.1" trace=".se.xml"
          comment="South San Francisco"
          left="XPATH#//specific_entities/specific_entity[position=63][length=19]/type"
          operator="="
          right="Location.CITY"/>
  </testcase>
  <testcase id="eng.se.loc.4" type="pertinent">
    <call-parameters>
      <param key="text" value="We are driving over the Julia Tuttle Causeway between Miami and Miami Beach."/>
      <param key="language" value="eng"/>
      <list key="pipelines">
        <item value="indexer"/>
        <item value="query"/>
      </list>
    </call-parameters>
    <test id="eng.se.loc.4.1" trace=".se.xml"
          comment="Julia Tuttle Causeway"
          left="XPATH#//specific_entities/specific_entity[position=25][length=21]/type"
          operator="="
          right="Location.ODO"/>
  </testcase>
  <testcase id="eng.se.loc.5" type="bloquant">
    <call-parameters>
      <param key="text" value="We are driving over the Julia Tuttle Causeway between Miami and Miami Beach."/>
      <param key="language" value="eng"/>
      <list key="pipelines">
        <item value="indexer"/>
        <item value="query"/>
      </list>
    </call-parameters>
    <test id="eng.se.loc.5.1" trace=".se.xml"
          comment="Miami"
          left="XPATH#//specific_entities/specific_entity[position=55][length=5]/type"
          operator="="
          right="Location.CITY"/>
  </testcase>
  <testcase id="eng.se.loc.6" type="bloquant">
    <call-parameters>
      <param key="text" value="We are driving over the Julia Tuttle Causeway between Miami and Miami Beach."/>
      <param key="language" value="eng"/>
      <list key="pipelines">
        <item value="indexer"/>
        <item value="query"/>
      </list>
    </call-parameters>
    <test id="eng.se.loc.6.1" trace=".se.xml"
          comment="Miami Beach"
          left="XPATH#//specific_entities/specific_entity[position=65][length=11]/type"
          operator="="
          right="Location.CITY"/>
  </testcase>
  <testcase id="eng.se.loc.7" type="pertinent">
    <call-parameters>
      <param key="text" value="Her funeral was Saturday at Greene Funeral Service's South Chapel."/>
      <param key="language" value="eng"/>
      <list key="pipelines">
        <item value="indexer"/>
        <item value="query"/>
      </list>
    </call-parameters>
    <test id="eng.se.loc.7.1" trace=".se.xml"
          comment="South Chapel"
          left="XPATH#//specific_entities/specific_entity[position=54][length=12]/type"
          operator="="
          right="Location.CITY"/>
  </testcase>
  <testcase id="eng.se.loc.8" type="pertinent">
    <call-parameters>
      <param key="text" value="The Herald, 1 Herald Plaza, Miami, FL 33132."/>
      <param key="language" value="eng"/>
      <list key="pipelines">
        <item value="indexer"/>
        <item value="query"/>
      </list>
    </call-parameters>
    <test id="eng.se.loc.8.1" trace=".se.xml"
          comment="1 Herald Plaza"
          left="XPATH#//specific_entities/specific_entity[position=13][length=14]/type"
          operator="="
          right="Location.ODO"/>
  </testcase>
  <testcase id="eng.se.loc.9" type="pertinent">
    <call-parameters>
      <param key="text" value="call 305-376-3000 or mail actionline@herald.com"/>
      <param key="language" value="eng"/>
      <list key="pipelines">
        <item value="indexer"/>
        <item value="query"/>
      </list>
    </call-parameters>
    <test id="eng.se.loc.9.1" trace=".se.xml"
          comment="phone number"
          left="XPATH#//specific_entities/specific_entity[position=6][length=12]/type"
          operator="="
          right="Location.COORDINATE"/>
  </testcase>
  <testcase id="eng.se.loc.10" type="pertinent">
    <call-parameters>
      <param key="text" value="call 305-376-3000 or mail actionline@herald.com"/>
      <param key="language" value="eng"/>
      <list key="pipelines">
        <item value="indexer"/>
        <item value="query"/>
      </list>
    </call-parameters>
    <test id="eng.se.loc.10.1" trace=".se.xml"
          comment="actionline@herald.com"
          left="XPATH#//specific_entities/specific_entity[position=27][length=21]/type"
          operator="="
          right="Location.COORDINATE"/>
  </testcase>
  <testcase id="eng.se.loc.11" type="bloquant">
    <call-parameters>
      <param key="text" value="city of Manchester"/>
      <param key="language" value="eng"/>
      <list key="pipelines">
        <item value="indexer"/>
        <item value="query"/>
      </list>
    </call-parameters>
    <test id="eng.se.loc.11.1" trace=".se.xml"
          comment="annonceur city, not part of span: Manchester"
          left="XPATH#//specific_entities/specific_entity[position=9][length=10]/type"
          operator="="
          right="Location.CITY"/>
  </testcase>
  <!--==================== tests PERSON ====================-->
  <testcase id="eng.se.pers.1" type="bloquant">
    <call-parameters>
      <param key="text" value="president Bush"/>
      <param key="language" value="eng"/>
      <list key="pipelines">
        <item value="indexer"/>
        <item value="query"/>
      </list>
    </call-parameters>
    <test id="eng.se.pers.1.1" trace=".se.xml"
          comment="personne connue"
          left="XPATH#//specific_entities/specific_entity[position=11][length=4]/type"
          operator="="
          right="Person.PERSON"/>
  </testcase>
  <testcase id="eng.se.pers.2" type="bloquant">
    <call-parameters>
      <param key="text" value="James Dulley is a residential energy conservation expert."/>
      <param key="language" value="eng"/>
      <list key="pipelines">
        <item value="indexer"/>
        <item value="query"/>
      </list>
    </call-parameters>
    <test id="eng.se.pers.2.1" trace=".se.xml"
          comment="personne inconnue"
          left="XPATH#//specific_entities/specific_entity[position=1][length=12]/type"
          operator="="
          right="Person.PERSON"/>
  </testcase>
  <testcase id="eng.se.pers.3" type="bloquant">
    <call-parameters>
      <param key="text" value="But that means students must carry heavy packs all day, said Assemblyman Dario Frommer."/>
      <param key="language" value="eng"/>
      <list key="pipelines">
        <item value="indexer"/>
        <item value="query"/>
      </list>
    </call-parameters>
    <test id="eng.se.pers.3.1" trace=".se.xml"
          comment="personne inconnue"
          left="XPATH#//specific_entities/specific_entity[position=74][length=13]/type"
          operator="="
          right="Person.PERSON"/>
  </testcase>
  <testcase id="eng.se.pers.4" type="bloquant">
    <call-parameters>
      <param key="text" value="Cally Weise, an eighth-grader at Westborough Middle School in South San Francisco, said she almost fell down stairs at her school because her backpack weighs so much."/>
      <param key="language" value="eng"/>
      <list key="pipelines">
        <item value="indexer"/>
        <item value="query"/>
      </list>
    </call-parameters>
    <test id="eng.se.pers.4.1" trace=".se.xml"
          comment="personne inconnue"
          left="XPATH#//specific_entities/specific_entity[position=1][length=11]/type"
          operator="="
          right="Person.PERSON"/>
  </testcase>
  <testcase id="eng.se.pers.5" type="bloquant">
    <call-parameters>
      <param key="text" value="Last year, Gov. Gray Davis vetoed a bill."/>
      <param key="language" value="eng"/>
      <list key="pipelines">
        <item value="indexer"/>
        <item value="query"/>
      </list>
    </call-parameters>
    <test id="eng.se.pers.5.1" trace=".se.xml"
          comment="personne inconnue avec annonceur Gov."
          left="XPATH#//specific_entities/specific_entity[position=17][length=10]/type"
          operator="="
          right="Person.PERSON"/>
  </testcase>
  <testcase id="eng.se.pers.6" type="bloquant">
    <call-parameters>
      <param key="text" value="``Does the state have to start regulating ?'' Russ Lopez said."/>
      <param key="language" value="eng"/>
      <list key="pipelines">
        <item value="indexer"/>
        <item value="query"/>
      </list>
    </call-parameters>
    <test id="eng.se.pers.6.1" trace=".se.xml"
          comment="personne inconnue avec citation."
          left="XPATH#//specific_entities/specific_entity[position=47][length=10]/type"
          operator="="
          right="Person.PERSON"/>
  </testcase>
  <testcase id="eng.se.pers.7" type="bloquant">
    <call-parameters>
      <param key="text" value="The two little boys in Yaffa Ganz' story prove that."/>
      <param key="language" value="eng"/>
      <list key="pipelines">
        <item value="indexer"/>
        <item value="query"/>
      </list>
    </call-parameters>
    <!-- 20120716, GC : change length from 11 to 10 as such an apostrophe cannot be
    seen as a posessive (see testcase eng.tok.35)-->
    <test id="eng.se.pers.7.1" trace=".se.xml"
          comment="personne inconnue avec possessif."
          left="XPATH#//specific_entities/specific_entity[position=24][length=10]/type"
          operator="="
          right="Person.PERSON"/>
  </testcase>
  <testcase id="eng.se.pers.8" type="bloquant">
    <call-parameters>
      <param key="text" value="Lou Alice Philbeck died April 17 of a heart-lung ailment."/>
      <param key="language" value="eng"/>
      <list key="pipelines">
        <item value="indexer"/>
        <item value="query"/>
      </list>
    </call-parameters>
    <test id="eng.se.pers.8.1" trace=".se.xml"
          comment="personne inconnue."
          left="XPATH#//specific_entities/specific_entity[position=1][length=18]/type"
          operator="="
          right="Person.PERSON"/>
  </testcase>
  <testcase id="eng.se.pers.9" type="pertinent">
    <call-parameters>
      <param key="text" value="Dr. Chris J. McCarthy, research physiotherapist at Manchester University is the lead author of the report."/>
      <param key="language" value="eng"/>
      <list key="pipelines">
        <item value="indexer"/>
        <item value="query"/>
      </list>
    </call-parameters>
    <test id="eng.se.pers.9.1" trace=".se.xml"
          comment="personne inconnue avec annonceur Dr."
          left="XPATH#//specific_entities/specific_entity[position=5][length=17]/type"
          operator="="
          right="Person.PERSON"/>
  </testcase>
  <!--==================== tests ORGANIZATION ====================-->
  <testcase id="eng.se.org.1" type="pertinent">
    <call-parameters>
      <param key="text" value="According to the U.S. Environmental Protection Agency, indoor air pollution is one of the top five urgent environmental risks to public health."/>
      <param key="language" value="eng"/>
      <list key="pipelines">
        <item value="indexer"/>
        <item value="query"/>
      </list>
    </call-parameters>
    <test id="eng.se.org.1.1" trace=".se.xml"
          comment="U.S. Environmental Protection Agency"
          left="XPATH#//specific_entities/specific_entity[position=18][length=36]/type"
          operator="="
          right="Organization.ORGANIZATION"/>
  </testcase>
  <testcase id="eng.se.org.2" type="pertinent">
    <call-parameters>
      <param key="text" value="Neither the American Lung Association nor its Health House Project endorse products."/>
      <param key="language" value="eng"/>
      <list key="pipelines">
        <item value="indexer"/>
        <item value="query"/>
      </list>
    </call-parameters>
    <test id="eng.se.org.2.1" trace=".se.xml"
          comment=""
          left="XPATH#//specific_entities/specific_entity[position=13][length=26]/type"
          operator="="
          right="Organization.ORGANIZATION"/>
  </testcase>
  <testcase id="eng.se.org.3" type="pertinent">
    <call-parameters>
      <param key="text" value="The Assembly Education Committee is set to hear the bill."/>
      <param key="language" value="eng"/>
      <list key="pipelines">
        <item value="indexer"/>
        <item value="query"/>
      </list>
    </call-parameters>
    <test id="eng.se.org.3.1" trace=".se.xml"
          comment=""
          left="XPATH#//specific_entities/specific_entity[position=5][length=29]/type"
          operator="="
          right="Organization.ORGANIZATION"/>
  </testcase>
  <testcase id="eng.se.org.4" type="pertinent">
    <call-parameters>
      <param key="text" value="Cally Weise, an eighth-grader at Westborough Middle School in South San Francisco, said she almost fell down stairs at her school because her backpack weighs so much."/>
      <param key="language" value="eng"/>
      <list key="pipelines">
        <item value="indexer"/>
        <item value="query"/>
      </list>
    </call-parameters>
    <test id="eng.se.org.1.1" trace=".se.xml"
          comment="Westborough Middle School"
          left="XPATH#//specific_entities/specific_entity[position=34][length=25]/type"
          operator="="
          right="Organization.ORGANIZATION"/>
  </testcase>
  <testcase id="eng.se.org.5" type="pertinent">
    <call-parameters>
      <param key="text" value="The California Medical Association supports the bill."/>
      <param key="language" value="eng"/>
      <list key="pipelines">
        <item value="indexer"/>
        <item value="query"/>
      </list>
    </call-parameters>
    <test id="eng.se.org.5.1" trace=".se.xml"
          comment="California Medical Association"
          left="XPATH#//specific_entities/specific_entity[position=5][length=30]/type"
          operator="="
          right="Organization.ORGANIZATION"/>
  </testcase>
  <testcase id="eng.se.org.6" type="pertinent">
    <call-parameters>
      <param key="text" value="The American Academy of Orthopedic Surgeons says children should not carry more than 15 percent of their body weight."/>
      <param key="language" value="eng"/>
      <list key="pipelines">
        <item value="indexer"/>
        <item value="query"/>
      </list>
    </call-parameters>
    <test id="eng.se.org.6.1" trace=".se.xml"
          comment="American Academy of Orthopedic Surgeons"
          left="XPATH#//specific_entities/specific_entity[position=5][length=39]/type"
          operator="="
          right="Organization.ORGANIZATION"/>
  </testcase>
  <testcase id="eng.se.org.7" type="pertinent">
    <call-parameters>
      <param key="text" value="Her funeral was Saturday at Greene Funeral Service's South Chapel."/>
      <param key="language" value="eng"/>
      <list key="pipelines">
        <item value="indexer"/>
        <item value="query"/>
      </list>
    </call-parameters>
    <test id="eng.se.org.7.1" trace=".se.xml"
          comment="Greene Funeral Service"
          left="XPATH#//specific_entities/specific_entity[position=29][length=22]/type"
          operator="="
          right="Organization.ORGANIZATION"/>
  </testcase>
  <testcase id="eng.se.org.8" type="bloquant">
    <call-parameters>
      <param key="text" value="Dr. Chris J. McCarthy, research physiotherapist at Manchester University is the lead author of the report."/>
      <param key="language" value="eng"/>
      <list key="pipelines">
        <item value="indexer"/>
        <item value="query"/>
      </list>
    </call-parameters>
    <test id="eng.se.pers.8.1" trace=".se.xml"
          comment="Manchester University"
          left="XPATH#//specific_entities/specific_entity[position=52][length=21]/type"
          operator="="
          right="Organization.ORGANIZATION"/>
  </testcase>
  <testcase id="eng.se.org.9" type="bloquant">
    <call-parameters>
      <param key="text" value="He had the official seal of approval of the Miami Police Department."/>
      <param key="language" value="eng"/>
      <list key="pipelines">
        <item value="indexer"/>
        <item value="query"/>
      </list>
    </call-parameters>
    <test id="eng.se.pers.9.1" trace=".se.xml"
          comment="Miami Police Department"
          left="XPATH#//specific_entities/specific_entity[position=45][length=23]/type"
          operator="="
          right="Organization.ORGANIZATION"/>
  </testcase>
  <testcase id="eng.se.org.10" type="bloquant">
    <call-parameters>
      <param key="text" value="Informed Families is delighted with the Supreme Court's decision."/>
      <param key="language" value="eng"/>
      <list key="pipelines">
        <item value="indexer"/>
        <item value="query"/>
      </list>
    </call-parameters>
    <test id="eng.se.pers.10.1" trace=".se.xml"
          comment="Supreme Court"
          left="XPATH#//specific_entities/specific_entity[position=41][length=13]/type"
          operator="="
          right="Organization.ORGANIZATION"/>
  </testcase>
  <testcase id="eng.se.org.11" type="bloquant">
    <call-parameters>
      <param key="text" value="They want the Catholic Church to be a part of their recovery."/>
      <param key="language" value="eng"/>
      <list key="pipelines">
        <item value="indexer"/>
        <item value="query"/>
      </list>
    </call-parameters>
    <test id="eng.se.pers.11.1" trace=".se.xml"
          comment="Catholic Church"
          left="XPATH#//specific_entities/specific_entity[position=15][length=15]/type"
          operator="="
          right="Organization.ORGANIZATION"/>
  </testcase>
  <testcase id="eng.se.org.12" type="bloquant">
    <call-parameters>
      <param key="text" value="The Federal Bureau of Investigation has begun investigating the shredding allegations."/>
      <param key="language" value="eng"/>
      <list key="pipelines">
        <item value="indexer"/>
        <item value="query"/>
      </list>
    </call-parameters>
    <test id="eng.se.pers.12.1" trace=".se.xml"
          comment="Federal Bureau of Investigation"
          left="XPATH#//specific_entities/specific_entity[position=5][length=31]/type"
          operator="="
          right="Organization.ORGANIZATION"/>
  </testcase>
 
  <!--==================== tests PRODUCT ====================-->
  <testcase id="eng.se.prod.1" type="bloquant">
    <call-parameters>
      <param key="text" value="The supersonic boom is reduced to the tolerable rumble of a Boeing 747."/>
      <param key="language" value="eng"/>
      <list key="pipelines">
        <item value="indexer"/>
        <item value="query"/>
      </list>
    </call-parameters>
    <test id="eng.se.prod.1.1" trace=".se.xml"
          comment="Boeing 747"
          left="XPATH#//specific_entities/specific_entity[position=61][length=10]/type"
          operator="="
          right="Product.PRODUCT"/>
  </testcase>
  <testcase id="eng.se.prod.2" type="bloquant">
    <call-parameters>
      <param key="text" value="Windows XP is a user friedly operating system."/>
      <param key="language" value="eng"/>
      <list key="pipelines">
        <item value="indexer"/>
        <item value="query"/>
      </list>
    </call-parameters>
    <test id="eng.se.prod.2.1" trace=".se.xml"
          comment="Windows XP"
          left="XPATH#//specific_entities/specific_entity[position=1][length=10]/type"
          operator="="
          right="Product.PRODUCT"/>
  </testcase>
  <!--==================== tests EVENT ====================-->
  <testcase id="eng.se.event.1" type="pertinent">
    <call-parameters>
      <param key="text" value="The final day of the 12th African Cup for Volleyball began on a promising note."/>
      <param key="language" value="eng"/>
      <list key="pipelines">
        <item value="indexer"/>
        <item value="query"/>
      </list>
    </call-parameters>
    <test id="eng.se.event.1.1" trace=".se.xml"
          comment="12th African Cup for Volleyball"
          left="XPATH#//specific_entities/specific_entity[position=22][length=31]/type"
          operator="="
          right="Event.EVENT"/>
  </testcase>
  <testcase id="eng.se.event.2" type="pertinent">
    <call-parameters>
      <param key="text" value="The 10th annual Prostate Cancer Awareness Week will run Monday."/>
      <param key="language" value="eng"/>
      <list key="pipelines">
        <item value="indexer"/>
        <item value="query"/>
      </list>
    </call-parameters>
    <test id="eng.se.event.2.1" trace=".se.xml"
          comment="12th African Cup for Volleyball"
          left="XPATH#//specific_entities/specific_entity[position=5][length=42]/type"
          operator="="
          right="Event.EVENT"/>
  </testcase>
  <testcase id="eng.se.event.3" type="bloquant">
    <call-parameters>
      <param key="text" value="This book is a Civil War novel about the Lumbee Indians."/>
      <param key="language" value="eng"/>
      <list key="pipelines">
        <item value="indexer"/>
        <item value="query"/>
      </list>
    </call-parameters>
    <test id="eng.se.event.3.1" trace=".se.xml"
          comment="Civil War"
          left="XPATH#//specific_entities/specific_entity[position=16][length=9]/type"
          operator="="
          right="Event.EVENT"/>
  </testcase>
  <testcase id="eng.se.event.4" type="bloquant">
    <call-parameters>
      <param key="text" value="The 75th annual Academy Awards ceremony is scheduled for March 23, 2003."/>
      <param key="language" value="eng"/>
      <list key="pipelines">
        <item value="indexer"/>
        <item value="query"/>
      </list>
    </call-parameters>
    <test id="eng.se.event.4.1" trace=".se.xml"
          comment="75th annual Academy Awards"
          left="XPATH#//specific_entities/specific_entity[position=5][length=35]/type"
          operator="="
          right="Event.EVENT"/>
  </testcase>
  <testcase id="eng.se.event.5" type="pertinent">
    <call-parameters>
      <param key="text" value="It passed last year in the rosy days before Sept. 11 terrorist attacks."/>
      <param key="language" value="eng"/>
      <list key="pipelines">
        <item value="indexer"/>
        <item value="query"/>
      </list>
    </call-parameters>
    <test id="eng.se.event.5.1" trace=".se.xml"
          comment="Sept 11."
          left="XPATH#//specific_entities/specific_entity[position=45][length=8]/type"
          operator="="
          right="Event.EVENT"/>
  </testcase>
  <testcase id="eng.se.event.6" type="bloquant">
    <call-parameters>
      <param key="text" value="American Indians were trained to use their language as code during World War II."/>
      <param key="language" value="eng"/>
      <list key="pipelines">
        <item value="indexer"/>
        <item value="query"/>
      </list>
    </call-parameters>
    <test id="eng.se.event.6.1" trace=".se.xml"
          comment="World War II"
          left="XPATH#//specific_entities/specific_entity[position=68][length=12]/type"
          operator="="
          right="Event.EVENT"/>
  </testcase>
</testcases>
