<?xml version='1.0' encoding='UTF-8'?>
<?xml-stylesheet type="text/xsl" href="tva_simple.xsl"?>

<!--
SPDX-FileCopyrightText: 2022 CEA LIST <gael.de-chalendar@cea.fr>

SPDX-License-Identifier: MIT
-->

<testcases>
<testcase id="fre.xmlreader.1" type="bloquant">
  <call-parameters>
      <param key="textFilename" value="text-fre.xmlreader.1"/>
      <param key="language" value="fre"/>
      <list key="pipelines">
        <item value="indexer"/>
      </list>
    </call-parameters>
  <expl>position offset debut et fin des elements hierarchique et des elements indexes</expl>
  <test id="fre.xmlreader.1.1" trace=".bowdocument.xml"
    comment="CONDITION: la position du premier element hierarchique de niveau 1 est correcte"
    left="XPATH#//node[@elementName='COLLECTION']/properties/property[@name='offBegPrpty']/@value"
    operator="="
    right="66"
    conditionnal="yes"/>  
  <test id="fre.xmlreader.1.2" trace=".bowdocument.xml"
    comment="CONDITION: la position de fin du premier element hierarchique de niveau 1 est correcte"
    left="XPATH#//node[@elementName='COLLECTION']/properties/property[@name='offEndPrpty']/@value"
    operator="="
    right="708"
    conditionnal="yes"/>  
  <test id="fre.xmlreader.1.3" trace=".bowdocument.xml"
    comment="CONDITION: la position du premier element hierarchique de niveau 2 est correcte"
    left="XPATH#//node[@elementName='COLLECTION']/node[@elementName='DOC']/properties/property[@name='offBegPrpty']/@value"
    operator="="
    right="83"
    conditionnal="yes"/>  
  <test id="fre.xmlreader.1.4" trace=".bowdocument.xml"
    comment="CONDITION: la position de fin du premier element hierarchique de niveau 2 est correcte"
    left="XPATH#//node[@elementName='COLLECTION']/node[@elementName='DOC']/properties/property[@name='offEndPrpty']/@value"
    operator="="
    right="701"
    conditionnal="yes"/>  
  <test id="fre.xmlreader.1.5" trace=".bowdocument.xml"
    comment="CONDITION: la position du premier element indexe est correcte"
    left="XPATH#//node[@elementName='COLLECTION']/node[@elementName='DOC']/node[@elementName='SECTION'][position() = 1]/properties/property[@name='offBegPrpty']/@value"
    operator="="
    right="185"
    conditionnal="yes"/>  
  <test id="fre.xmlreader.1.6" trace=".bowdocument.xml"
    comment="CONDITION: la position de fin du premier element indexe est correcte"
    left="XPATH#//node[@elementName='COLLECTION']/node[@elementName='DOC']/node[@elementName='SECTION'][position() = 1]/properties/property[@name='offEndPrpty']/@value"
    operator="="
    right="498"
    conditionnal="yes"/>  
  <test id="fre.xmlreader.1.7" trace=".bowdocument.xml"
    comment="CONDITION: la position du deuxieme element indexe est correcte"
    left="XPATH#//node[@elementName='COLLECTION']/node[@elementName='DOC']/node[@elementName='SECTION'][position() = 2]/properties/property[@name='offBegPrpty']/@value"
    operator="="
    right="520"
    conditionnal="yes"/>  
  <test id="fre.xmlreader.1.8" trace=".bowdocument.xml"
    comment="CONDITION: la position de fin du deuxieme element indexe est correcte"
    left="XPATH#//node[@elementName='COLLECTION']/node[@elementName='DOC']/node[@elementName='SECTION'][position() = 2]/properties/property[@name='offEndPrpty']/@value"
    operator="="
    right="690"
    conditionnal="yes"/>  
</testcase>
<testcase id="fre.xmlreader.2" type="bloquant">
  <call-parameters>
      <param key="textFilename" value="text-fre.xmlreader.2"/>
      <param key="language" value="fre"/>
      <list key="pipelines">
        <item value="indexer"/>
      </list>
    </call-parameters>
  <expl>position octet utf8 d'un mot dans un element indexe</expl>
  <test id="fre.xmlreader.2.1" trace=".bowdocument.xml"
    comment="CONDITION: le terme truc n est pas indexe"
    left="XPATH#//node[@elementName='COLLECTION']/node[@elementName='DOC']/node[@elementName='SECTION'][position() = 1]/tokens[position() = 1]/bowToken[@lemma='truc']/@position"
    operator="notexists"
    right=""
    conditionnal="yes"/>  
<!--  <test id="fre.xmlreader.2.2" trace=".bowdocument.xml"
    comment="CONDITION: la position du terme dossier est correcte"
    left="XPATH#//node[@elementName='COLLECTION']/node[@elementName='DOC']/node[@elementName='SECTION'][position() = 1]/node[@elementName='TITLE']/content[@type='tokens']/tokens/bowTerm[position() = 1]/parts[@head='0']/bowToken[@lemma='dossier']/@position"
    operator="="
    right="220"
    conditionnal="yes"/>  -->
<!--  <test id="fre.xmlreader.2.3" trace=".bowdocument.xml"
    comment="CONDITION: la longueur du terme dossier est correcte"
    left="XPATH#//node[@elementName='COLLECTION']/node[@elementName='DOC']/node[@elementName='SECTION'][position() = 1]/node[@elementName='TITLE']/content[@type='tokens']/tokens/bowTerm[position() = 1]/parts[@head='0']/bowToken[@lemma='dossier']/@length"
    operator="="
    right="7"
    conditionnal="yes"/>  -->
<!--  <test id="fre.xmlreader.2.4" trace=".bowdocument.xml"
    comment="CONDITION: la position du terme foutu est correcte"
    left="XPATH#//node[@elementName='COLLECTION']/node[@elementName='DOC']/node[@elementName='SECTION'][position() = 1]/node[@elementName='PARA'][position() = 1]/content[@type='tokens']/tokens/bowTerm[position() = 1]/parts[@head='0']/bowToken[@lemma='foutu']/@position"
    operator="="
    right="293"
    conditionnal="yes"/>  -->
<!--  <test id="fre.xmlreader.2.4" trace=".bowdocument.xml"
    comment="CONDITION: la longueur du terme foutu est correcte"
    left="XPATH#//node[@elementName='COLLECTION']/node[@elementName='DOC']/node[@elementName='SECTION'][position() = 1]/node[@elementName='PARA'][position() = 1]/content[@type='tokens']/tokens/bowTerm[position() = 1]/parts[@head='0']/bowToken[@lemma='foutu']/@length"
    operator="="
    right="5"
    conditionnal="yes"/>  -->
</testcase>

<testcase id="fre.xmlreader.3" type="bloquant">
  <call-parameters>
      <param key="textFilename" value="text-fre.xmlreader.3"/>
      <param key="language" value="fre"/>
      <list key="pipelines">
        <item value="indexer"/>
      </list>
    </call-parameters>
  <expl>position octet utf8 d'un mot dans un extrait GPM</expl>
<!--  <test id="fre.xmlreader.3.1" trace=".bowdocument.xml"
    comment="CONDITION: la position du terme question est correcte"
    left="XPATH#//node[@elementName='Section'][position() = 1]/node[@elementName='Titre']/content[@type='tokens']/tokens/bowTerm[@lemma='question_praticien']/@position"
    operator="="
    right="75"
    conditionnal="yes"/>-->
  <test id="fre.xmlreader.3.2" trace=".bowdocument.xml"
    comment="CONDITION: la position du terme nourrisson est correcte"
    left="XPATH#//node[@elementName='Section'][position() = 1]/node[@elementName='LigneQuestion']/content[@type='tokens']/tokens/bowToken[@lemma='nourrisson']/@position"
    operator="contains"
    right="156"
    conditionnal="yes"/>  
  <test id="fre.xmlreader.3.3" trace=".bowdocument.xml"
    comment="CONDITION: la longueur du terme nourrisson est correcte"
    left="XPATH#//node[@elementName='Section'][position() = 1]/node[@elementName='LigneQuestion']/content[@type='tokens']/tokens/bowToken[@lemma='nourrisson']/@length"
    operator="="
    right="10"
    conditionnal="yes"/>  
<!--  <test id="fre.xmlreader.3.4" trace=".bowdocument.xml"
    comment="CONDITION: la position du terme diarrhée est correcte"
    left="XPATH#//node[@elementName='Section'][position() = 1]/node[@elementName='LigneQuestion']/content[@type='tokens']/tokens/bowTerm[@lemma='choc_diarrhée_aigu']/parts/bowTerm[@lemma='diarrhée_aigu']/parts/bowToken[@lemma='diarrhée']/@position"
    operator="="
    right="713"
    conditionnal="yes"/>  -->
  </testcase>

<testcase id="fre.xmlreader.4" type="bloquant">
  <call-parameters>
      <param key="textFilename" value="text-fre.xmlreader.4"/>
      <param key="language" value="fre"/>
      <list key="pipelines">
        <item value="indexer"/>
      </list>
    </call-parameters>
  <expl>position octet utf8 d'un mot dans un extrait GPM</expl>
<!--  <test id="fre.xmlreader.4.1" trace=".bowdocument.xml"
    comment="CONDITION: la position du terme question est correcte"
    left="XPATH#//node[@elementName='Section'][position() = 1]/node[@elementName='Titre']/content[@type='tokens']/tokens/bowTerm[@lemma='question_praticien']/@position"
    operator="="
    right="75"
    conditionnal="yes"/>-->
  <test id="fre.xmlreader.4.2" trace=".bowdocument.xml"
    comment="CONDITION: la position du terme nourrisson est correcte"
    left="XPATH#//node[@elementName='Section'][position() = 1]/node[@elementName='LigneQuestion']/content[@type='tokens']/tokens/bowToken[@lemma='nourrisson']/@position"
    operator="="
    right="156"
    conditionnal="yes"/>
  <test id="fre.xmlreader.4.3" trace=".bowdocument.xml"
    comment="CONDITION: la longueur du terme nourrisson est correcte"
    left="XPATH#//node[@elementName='Section'][position() = 1]/node[@elementName='LigneQuestion']/content[@type='tokens']/tokens/bowToken[@lemma='nourrisson']/@length"
    operator="="
    right="10"
    conditionnal="yes"/>
<!--  <test id="fre.xmlreader.4.4" trace=".bowdocument.xml"
    comment="CONDITION: la position du terme diarrhée est correcte"
    left="XPATH#//node[@elementName='Section'][position() = 1]/node[@elementName='LigneQuestion']/content[@type='tokens']/tokens/bowTerm[@lemma='choc_diarrhée_aigu']/parts/bowTerm[@lemma='diarrhée_aigu']/parts/bowToken[@lemma='diarrhée']/@position"
    operator="="
    right="400"
    conditionnal="yes"/>-->
  </testcase>

<testcase id="fre.xmlreader.5" type="bloquant">
  <call-parameters>
      <param key="textFilename" value="text-fre.xmlreader.5"/>
      <param key="language" value="fre"/>
      <list key="pipelines">
        <item value="indexer"/>
      </list>
    </call-parameters>
  <expl>position octet utf8 d'un mot dans un extrait GPM</expl>
  <test id="fre.xmlreader.5.1" trace=".bowdocument.xml"
    comment="CONDITION: la position du terme commence est correcte"
    left="XPATH#//node[@elementName='COLLECTION']/node[@elementName='DOC']/node[@elementName='SECTION']/node[@elementName='PARA'][position() = 1]/content/tokens/bowToken[@lemma='commencer'][position() = 1]/@position"
    operator="="
    right="86"
    conditionnal="yes"/>  
  <test id="fre.xmlreader.5.2" trace=".bowdocument.xml"
    comment="CONDITION: la longueur du terme foutu est correcte"
    left="XPATH#//node[@elementName='COLLECTION']/node[@elementName='DOC']/node[@elementName='SECTION']/node[@elementName='PARA'][position() = 1]/content/tokens/bowToken[@lemma='commencer'][position() = 1]/@length"
    operator="="
    right="8"
    conditionnal="yes"/>  

  <test id="fre.xmlreader.5.1" trace=".bowdocument.xml"
    comment="CONDITION: la position du terme commence est correcte"
    left="XPATH#//node[@elementName='COLLECTION']/node[@elementName='DOC']/node[@elementName='SECTION']/node[@elementName='PARA'][position() = 1]/content/tokens//bowToken[@lemma='paragraphe'][position() = 1]/@position"
    operator="="
    right="102"
    conditionnal="yes"/>  
  <test id="fre.xmlreader.5.2" trace=".bowdocument.xml"
    comment="CONDITION: la longueur du terme foutu est correcte"
    left="XPATH#//node[@elementName='COLLECTION']/node[@elementName='DOC']/node[@elementName='SECTION']/node[@elementName='PARA'][position() = 1]/content/tokens//bowToken[@lemma='paragraphe'][position() = 1]/@length"
    operator="="
    right="10"
    conditionnal="yes"/>  

  <test id="fre.xmlreader.5.1" trace=".bowdocument.xml"
    comment="CONDITION: la position du terme commence est correcte"
    left="XPATH#//node[@elementName='COLLECTION']/node[@elementName='DOC']/node[@elementName='SECTION']/node[@elementName='PARA'][position() = 1]/content/tokens//bowToken[@lemma='entité'][position() = 1]/@position"
    operator="="
    right="118"
    conditionnal="yes"/>  
  <test id="fre.xmlreader.5.2" trace=".bowdocument.xml"
    comment="CONDITION: la longueur du terme foutu est correcte"
    left="XPATH#//node[@elementName='COLLECTION']/node[@elementName='DOC']/node[@elementName='SECTION']/node[@elementName='PARA'][position() = 1]/content/tokens//bowToken[@lemma='entité'][position() = 1]/@length"
    operator="="
    right="7"
    conditionnal="yes"/>  
  </testcase>

<testcase id="fre.xmlreader.6" type="bloquant">
  <call-parameters>
      <param key="textFilename" value="text-fre.xmlreader.5"/>
      <param key="language" value="fre"/>
      <list key="pipelines">
        <item value="indexer"/>
      </list>
    </call-parameters>
  <expl>position octet utf8 d'un mot dans un extrait GPM</expl>
  <test id="fre.xmlreader.6.1" trace=".bowdocument.xml"
    comment="CONDITION: la position du terme commence est correcte"
    left="XPATH#//node[@elementName='COLLECTION']/node[@elementName='DOC']/node[@elementName='SECTION']/node[@elementName='PARA']/content/tokens//bowToken[@lemma='énorme']/@position"
    operator="="
    right="148"
    conditionnal="yes"/>  
  <test id="fre.xmlreader.6.2" trace=".bowdocument.xml"
    comment="CONDITION: la longueur du terme foutu est correcte"
    left="XPATH#//node[@elementName='COLLECTION']/node[@elementName='DOC']/node[@elementName='SECTION']/node[@elementName='PARA']/content/tokens//bowToken[@lemma='énorme']/@length"
    operator="="
    right="11"
    conditionnal="yes"/>  

  <test id="fre.xmlreader.6.1" trace=".bowdocument.xml"
    comment="CONDITION: la position du terme commence est correcte"
    left="XPATH#//node[@elementName='COLLECTION']/node[@elementName='DOC']/node[@elementName='SECTION']/node[@elementName='PARA']/content/tokens//bowToken[@lemma='chat']/@position"
    operator="="
    right="160"
    conditionnal="yes"/>  
  <test id="fre.xmlreader.6.2" trace=".bowdocument.xml"
    comment="CONDITION: la longueur du terme foutu est correcte"
    left="XPATH#//node[@elementName='COLLECTION']/node[@elementName='DOC']/node[@elementName='SECTION']/node[@elementName='PARA']/content/tokens//bowToken[@lemma='chat']/@length"
    operator="="
    right="4"
    conditionnal="yes"/>  

  <test id="fre.xmlreader.6.1" trace=".bowdocument.xml"
    comment="CONDITION: la position du terme commence est correcte"
    left="XPATH#//node[@elementName='COLLECTION']/node[@elementName='DOC']/node[@elementName='SECTION']/node[@elementName='PARA']/content/tokens//bowToken[@lemma='chien']/@position"
    operator="="
    right="174"
    conditionnal="yes"/>  
  <test id="fre.xmlreader.6.2" trace=".bowdocument.xml"
    comment="CONDITION: la longueur du terme foutu est correcte"
    left="XPATH#//node[@elementName='COLLECTION']/node[@elementName='DOC']/node[@elementName='SECTION']/node[@elementName='PARA']/content/tokens//bowToken[@lemma='chien']/@length"
    operator="="
    right="5"
    conditionnal="yes"/>  
  </testcase>

<testcase id="fre.xmlreader.7" type="bloquant">
  <call-parameters>
      <param key="textFilename" value="text-fre.xmlreader.5"/>
      <param key="language" value="fre"/>
      <list key="pipelines">
        <item value="indexer"/>
      </list>
    </call-parameters>
  <expl>position octet utf8 d'un mot dans un extrait GPM</expl>
  <test id="fre.xmlreader.7.1" trace=".bowdocument.xml"
    comment="CONDITION: la position du terme commence est correcte"
    left="XPATH#//node[@elementName='COLLECTION']/node[@elementName='DOC']/node[@elementName='SECTION']/node[@elementName='PARA']/content/tokens//bowToken[@lemma='hésiter']/@position"
    operator="="
    right="212"
    conditionnal="yes"/>  
  <test id="fre.xmlreader.7.2" trace=".bowdocument.xml"
    comment="CONDITION: la longueur du terme foutu est correcte"
    left="XPATH#//node[@elementName='COLLECTION']/node[@elementName='DOC']/node[@elementName='SECTION']/node[@elementName='PARA']/content/tokens//bowToken[@lemma='hésiter']/@length"
    operator="="
    right="11"
    conditionnal="yes"/>  

  <test id="fre.xmlreader.7.1" trace=".bowdocument.xml"
    comment="CONDITION: la position du terme commence est correcte"
    left="XPATH#//node[@elementName='COLLECTION']/node[@elementName='DOC']/node[@elementName='SECTION']/node[@elementName='PARA']/content/tokens//bowToken[@lemma='agir']/@position"
    operator="="
    right="226"
    conditionnal="yes"/>  
  <test id="fre.xmlreader.7.2" trace=".bowdocument.xml"
    comment="CONDITION: la longueur du terme foutu est correcte"
    left="XPATH#//node[@elementName='COLLECTION']/node[@elementName='DOC']/node[@elementName='SECTION']/node[@elementName='PARA']/content/tokens//bowToken[@lemma='agir']/@length"
    operator="="
    right="4"
    conditionnal="yes"/>  

  <test id="fre.xmlreader.7.1" trace=".bowdocument.xml"
    comment="CONDITION: la position du terme commence est correcte"
    left="XPATH#//node[@elementName='COLLECTION']/node[@elementName='DOC']/node[@elementName='SECTION']/node[@elementName='PARA']/content/tokens//bowToken[@lemma='rien']/@position"
    operator="="
    right="236"
    conditionnal="yes"/>  
  <test id="fre.xmlreader.7.2" trace=".bowdocument.xml"
    comment="CONDITION: la longueur du terme foutu est correcte"
    left="XPATH#//node[@elementName='COLLECTION']/node[@elementName='DOC']/node[@elementName='SECTION']/node[@elementName='PARA']/content/tokens//bowToken[@lemma='rien']/@length"
    operator="="
    right="4"
    conditionnal="yes"/>  
  </testcase>

<testcase id="fre.xmlreader.8" type="bloquant">
  <call-parameters>
      <param key="textFilename" value="text-fre.xmlreader.5"/>
      <param key="language" value="fre"/>
      <list key="pipelines">
        <item value="indexer"/>
      </list>
    </call-parameters>
  <expl>position octet utf8 d'un mot dans un extrait GPM</expl>
  <test id="fre.xmlreader.8.1" trace=".bowdocument.xml"
    comment="CONDITION: la position du terme commence est correcte"
    left="XPATH#//node[@elementName='COLLECTION']/node[@elementName='DOC']/node[@elementName='SECTION']/node[@elementName='PARA']/content/tokens//bowToken[@lemma='troisième']/@position"
    operator="="
    right="261"
    conditionnal="yes"/>  
  <test id="fre.xmlreader.8.2" trace=".bowdocument.xml"
    comment="CONDITION: la longueur du terme foutu est correcte"
    left="XPATH#//node[@elementName='COLLECTION']/node[@elementName='DOC']/node[@elementName='SECTION']/node[@elementName='PARA']/content/tokens//bowToken[@lemma='troisième']/@length"
    operator="="
    right="14"
    conditionnal="yes"/>  

  <test id="fre.xmlreader.8.1" trace=".bowdocument.xml"
    comment="CONDITION: la position du terme commence est correcte"
    left="XPATH#//node[@elementName='COLLECTION']/node[@elementName='DOC']/node[@elementName='SECTION']/node[@elementName='PARA']/content/tokens//bowToken[@lemma='esperluete']/@position"
    operator="="
    right="295"
    conditionnal="yes"/>  
  <test id="fre.xmlreader.8.2" trace=".bowdocument.xml"
    comment="CONDITION: la longueur du terme foutu est correcte"
    left="XPATH#//node[@elementName='COLLECTION']/node[@elementName='DOC']/node[@elementName='SECTION']/node[@elementName='PARA']/content/tokens//bowToken[@lemma='esperluete']/@length"
    operator="="
    right="15"
    conditionnal="yes"/>  

  <test id="fre.xmlreader.8.1" trace=".bowdocument.xml"
    comment="CONDITION: la position du terme commence est correcte"
    left="XPATH#//node[@elementName='COLLECTION']/node[@elementName='DOC']/node[@elementName='SECTION']/node[@elementName='PARA']/content/tokens//bowToken[@lemma='code']/@position"
    operator="="
    right="314"
    conditionnal="yes"/>  
  <test id="fre.xmlreader.8.2" trace=".bowdocument.xml"
    comment="CONDITION: la longueur du terme foutu est correcte"
    left="XPATH#//node[@elementName='COLLECTION']/node[@elementName='DOC']/node[@elementName='SECTION']/node[@elementName='PARA']/content/tokens//bowToken[@lemma='code']/@length"
    operator="="
    right="4"
    conditionnal="yes"/>  
  </testcase>

</testcases>
