<?xml version='1.0' encoding='UTF-8'?>

<!--
SPDX-FileCopyrightText: 2022 CEA LIST <gael.de-chalendar@cea.fr>

SPDX-License-Identifier: MIT
-->

<testcases>
  <testcase id="fre.se.pers.embed.0" type="bloquant">
    <call-parameters>
      <param key="text" value="Beauce"/>
      <param key="language" value="fre"/>
      <list key="pipelines">
        <item value="limaserver"/>
      </list>
    </call-parameters>
    <test id="fre.se.embed.embed.0.1" trace=".se.xml"
          comment="Region from regions.lst"
          left="XPATH#//entities/entity[pos=1]/type"
          operator="="
          right="Location.REGION"/>
  </testcase>
  <!-- test "rue de la Beauce"-->
  <testcase id="fre.se.pers.embed.1" type="bloquant">
    <call-parameters>
      <param key="text" value="rue de la Beauce"/>
      <param key="language" value="fre"/>
      <list key="pipelines">
        <item value="limaserver"/>
      </list>
    </call-parameters>
    <test id="fre.se.embed.embed.1.1" trace=".se.xml"
          comment="not embeded Location.REGION, convert as name of Location.ODO "
          left="XPATH#//entities/entity[pos=1]/type"
          operator="="
          right="Location.ODO"/>
    <test id="fre.se.pers.embed.1.2" trace=".se.xml"
          comment="not embeded Person, convert as name of Location "
          left="XPATH#//entities/entity[pos=1]/components/kind"
          operator="="
          right="rue"/>
    <test id="fre.se.pers.embed.1.3" trace=".se.xml"
          comment="not embeded Person, convert as name of Location "
          left="XPATH#//entities/entity[pos=1]/components/name"
          operator="="
          right="Beauce"/>
  </testcase>
  <!-- test "rue du général de Gaulle"-->
  <testcase id="fre.se.pers.embed.2" type="bloquant">
    <call-parameters>
      <param key="text" value="rue du général de Gaulle"/>
      <param key="language" value="fre"/>
      <list key="pipelines">
        <item value="limaserver"/>
      </list>
    </call-parameters>
    <test id="fre.se.embed.embed.2.1" trace=".se.xml"
          comment="not embeded Person.PERSON, convert as name of Location.ODO "
          left="XPATH#//entities/entity[pos=1]/type"
          operator="="
          right="Location.ODO"/>
    <test id="fre.se.pers.embed.2.2" trace=".se.xml"
          comment="not embeded Person, convert as name of Location "
          left="XPATH#//entities/entity[pos=1]/components/kind"
          operator="="
          right="rue"/>
    <test id="fre.se.pers.embed.2.3" trace=".se.xml"
          comment="not embeded Person, convert as name of Location "
          left="XPATH#//entities/entity[pos=1]/components/name"
          operator="="
          right="général de Gaulle"/>
  </testcase>
  <!-- test "place de la République"-->
  <testcase id="fre.se.pers.embed.3" type="bloquant">
    <call-parameters>
      <param key="text" value="place de la République"/>
      <param key="language" value="fre"/>
      <list key="pipelines">
        <item value="limaserver"/>
      </list>
    </call-parameters>
    <test id="fre.se.embed.embed.3.1" trace=".se.xml"
          comment="not embeded Person.PERSON, convert as name of Location.ODO "
          left="XPATH#//entities/entity[pos=1]/type"
          operator="="
          right="Location.ODO"/>
    <test id="fre.se.pers.embed.3.2" trace=".se.xml"
          comment="not embeded Person, convert as name of Location "
          left="XPATH#//entities/entity[pos=1]/components/kind"
          operator="="
          right="place"/>
    <test id="fre.se.pers.embed.3.3" trace=".se.xml"
          comment="not embeded Person, convert as name of Location "
          left="XPATH#//entities/entity[pos=1]/components/name"
          operator="="
          right="République"/>
  </testcase>
  <!-- test "maire de Paris"-->
  <testcase id="fre.se.pers.embed.10" type="bloquant">
    <call-parameters>
      <param key="text" value="maire de Paris"/>
      <param key="language" value="fre"/>
      <list key="pipelines">
        <item value="limaserver"/>
      </list>
    </call-parameters>
    <test id="fre.se.embed.embed.10.1" trace=".se.xml"
          comment="embeded Location in Person"
          left="XPATH#//entities/entity[pos=1]/type"
          operator="="
          right="Person.PERSON"/>
    <test id="fre.se.pers.embed.10.2" trace=".se.xml"
          comment="titre"
          left="XPATH#//entities/entity[pos=1]/components/title[@pos=1]"
          operator="="
          right="maire"/>
    <test id="fre.se.pers.embed.10.3" trace=".se.xml"
          comment="embeded component of type location"
          left="XPATH#//entities/entity[pos=1]/components/entity/string"
          operator="="
          right="Paris"/>
  </testcase>
  <!-- test relation family "-->
  <!-- test "frère de Nicolas Sarkozy"-->
  <testcase id="fre.se.pers.embed.11" type="bloquant">
    <call-parameters>
      <param key="text" value="le frère de Nicolas Sarkozy"/>
      <param key="language" value="fre"/>
      <list key="pipelines">
        <item value="limaserver"/>
      </list>
    </call-parameters>
    <test id="fre.se.embed.embed.11.1" trace=".se.xml"
          comment="embeded Location in Person"
          left="XPATH#//entities/entity[pos=4]/type"
          operator="="
          right="Person.PERSON"/>
    <test id="fre.se.pers.embed.11.2" trace=".se.xml"
          comment="composant relation family"
          left="XPATH#//entities/entity[pos=4]/components/family[@pos=4]"
          operator="="
          right="frère"/>
    <test id="fre.se.pers.embed.11.3" trace=".se.xml"
          comment="personne connue"
          left="XPATH#//entities/entity[pos=4]/components/entity[pos=13]/string"
          operator="="
          right="Nicolas Sarkozy"/>
  </testcase>
</testcases>
