<?xml version='1.0' encoding='UTF-8'?>

<!--
SPDX-FileCopyrightText: 2022 CEA LIST <gael.de-chalendar@cea.fr>

SPDX-License-Identifier: MIT
-->

<testcases>
<testcase id="eng.hyphen.1.1" type="bloquant">
  <call-parameters>
      <param key="text" value="The France-England match was the scene of many altercations. "/>
      <param key="language" value="eng"/>
      <list key="pipelines">
        <item value="indexer"/>
      </list>
    </call-parameters>
  <expl>tiret séparateur entre deux noms propres : le tokenizer découpe en France-England.</expl>
  <test id="eng.hyphen.1.1" trace=".tokenizer.xml"
    comment="le tokenizer découpe en France-England"
    left="XPATH#//data_structure/vertex/token[position=5][length=14]"
    operator="exists"
    right=""/>
</testcase>
<testcase id="eng.hyphen.1.2" type="bloquant">
  <call-parameters>
      <param key="text" value="The France-England match was the scene of many altercations. "/>
      <param key="language" value="eng"/>
      <list key="pipelines">
        <item value="indexer"/>
      </list>
    </call-parameters>
  <expl>tiret séparateur entre deux noms propres : on trouve France avec une macro categorie NP.</expl>
  <test id="eng.hyphen.1.2" trace=".hyphen.xml"
    comment="on trouve France avec une macro categorie NP"
    left="XPATH#//data_structure/vertex[token[position=5][length=6]][data//property/p[@prop='MACRO'][@val='NP']]"
    operator="exists"
    right=""/>
</testcase>
<testcase id="eng.hyphen.1.3"  type="bloquant">
  <call-parameters>
      <param key="text" value="The France-England match was the scene of many altercations. "/>
      <param key="language" value="eng"/>
      <list key="pipelines">
        <item value="indexer"/>
      </list>
    </call-parameters>
  <expl>tiret séparateur entre deux noms propres : on trouve Angleterre avec une macro categorie NP.</expl>
  <test id="eng.hyphen.1.3" trace=".hyphen.xml"
    comment="on trouve England avec une macro categorie NP"
    left="XPATH#//data_structure/vertex[token[position=12][length=7]][data//property/p[@prop='MACRO'][@val='NP']]"
    operator="exists"
    right=""/>
</testcase>
<testcase id="eng.hyphen.1.4" type="informatif">
  <call-parameters>
      <param key="text" value="The France-England match was the scene of many altercations. "/>
      <param key="language" value="eng"/>
      <list key="pipelines">
        <item value="indexer"/>
      </list>
    </call-parameters>
  <expl>tiret séparateur entre deux noms propres : Le tiret n'est pas modifié.</expl>
  <test id="eng.hyphen.1.4" trace=".hyphen.xml"
    comment="Le tiret n'est pas modifié"
    left="XPATH#//data_structure/vertex/token[position=11][length=1]/string"
    operator="="
    right="-"/>
</testcase>
<testcase id="eng.hyphen.2.1" type="bloquant">
  <call-parameters>
      <param key="text" value="The france-england match was the scene of many altercations. "/>
      <param key="language" value="eng"/>
      <list key="pipelines">
        <item value="indexer"/>
      </list>
    </call-parameters>
  <expl>tiret séparateur entre deux noms propres : le tokenizer découpe en france-england.</expl>
  <test id="eng.hyphen.2.1" trace=".tokenizer.xml"
    comment="le tokenizer découpe en france-england"
    left="XPATH#//data_structure/vertex/token[position=5][length=14]"
    operator="exists"
    right=""/>
</testcase>
<testcase id="eng.hyphen.2.2" type="bloquant">
  <call-parameters>
      <param key="text" value="The france-england match was the scene of many altercations. "/>
      <param key="language" value="eng"/>
      <list key="pipelines">
        <item value="indexer"/>
      </list>
    </call-parameters>
  <expl>tiret séparateur entre deux noms propres : france transformé en France avec une macro categorie NP.</expl>
  <test id="eng.hyphen.2.2.a" trace=".hyphen.xml"
    comment="france transformé en France avec une macro categorie NP"
    left="XPATH#//data_structure/vertex[token[position=5][length=6]]/data//form/@lemma"
    operator="="
    right="France"/>
  <test id="eng.hyphen.2.2.b" trace=".hyphen.xml"
    comment="france transformé en France avec une macro categorie NP"
    left="XPATH#//data_structure/vertex[token[position=5][length=6]]/data//property/p[@prop='MACRO']/@val"
    operator="="
    right="NP"/>
</testcase>
<testcase id="eng.hyphen.2.3" type="bloquant">
  <call-parameters>
      <param key="text" value="The france-england match was the scene of many altercations. "/>
      <param key="language" value="eng"/>
      <list key="pipelines">
        <item value="indexer"/>
      </list>
    </call-parameters>
  <expl>tiret séparateur entre deux noms propres : angleterre transformé en Angleterre avec une macro categorie NP.</expl>
  <test id="eng.hyphen.2.3.a" trace=".hyphen.xml"
    comment="angleterre transformé en Angleterre avec une macro categorie NP"
    left="XPATH#//data_structure/vertex[token[position=12][length=7]]/data//form/@lemma"
    operator="="
    right="England"/>
  <test id="eng.hyphen.2.3.b" trace=".hyphen.xml"
    comment="angleterre transformé en Angleterre avec une macro categorie NP"
    left="XPATH#//data_structure/vertex[token[position=12][length=7]]/data//property/p[@prop='MACRO']/@val"
    operator="="
    right="NP"/>
</testcase>
<testcase id="eng.hyphen.3.1" type="bloquant">
  <call-parameters>
      <param key="text" value="The franco-british match was the scene of many altercations. "/>
      <param key="language" value="eng"/>
      <list key="pipelines">
        <item value="indexer"/>
      </list>
    </call-parameters>
  <expl>tiret séparateur entre deux noms propres : le tokenizer découpe en franco-british.</expl>
  <test id="eng.hyphen.3.1" trace=".tokenizer.xml"
    comment="le tokenizer découpe en franco-anglais"
    left="XPATH#//data_structure/vertex/token[position=5][length=14]"
    operator="exists"
    right=""/>
</testcase>
<testcase id="eng.hyphen.3.2" type="bloquant">
  <call-parameters>
      <param key="text" value="The franco-british match was the scene of many altercations. "/>
      <param key="language" value="eng"/>
      <list key="pipelines">
        <item value="indexer"/>
      </list>
    </call-parameters>
  <expl>tiret séparateur entre deux noms propres : présence de Franco.</expl>
  <test id="eng.hyphen.3.2" trace=".hyphen.xml"
    comment="franco"
    left="XPATH#//data_structure/vertex[token[position=5][length=6]][data//form/@norm='Franco']"
    operator="exists"
    right=""/>
</testcase>
<testcase id="eng.hyphen.3.3" type="bloquant">
  <call-parameters>
      <param key="text" value="The franco-british match was the scene of many altercations.  "/>
      <param key="language" value="eng"/>
      <list key="pipelines">
        <item value="indexer"/>
      </list>
    </call-parameters>
  <expl>tiret séparateur entre deux noms propres : présence de British.</expl>
  <test id="eng.hyphen.3.3" trace=".hyphen.xml"
    comment="anglais"
    left="XPATH#//data_structure/vertex[token[position=12][length=7]][data//form/@norm='British']"
    operator="exists"
    right=""/>
</testcase>
</testcases>
