<?xml version='1.0' encoding='UTF-8'?>

<!--
SPDX-FileCopyrightText: 2022 CEA LIST <gael.de-chalendar@cea.fr>

SPDX-License-Identifier: MIT
-->

<testcases>
  <!--==================== tests DateTime.DATE ====================-->
  <testcase id="fre.se.timex.00" type="bloquant">
    <call-parameters>
      <param key="text" value="Il est né le 22 avril 1950."/>
      <param key="language" value="fre"/>
      <list key="pipelines">
        <item value="limaserver"/>
      </list>
    </call-parameters>
    <expl>rule for complete date with cardinal number</expl>
    <test id="fre.se.timex.00.1" trace=".se.xml"
          comment="type"
          left="XPATH#//entities/entity[pos=14][len=13]/type"
          operator="="
          right="DateTime.DATE"/>
    <test id="fre.se.timex.00.1" trace=".se.xml"
          comment="value"
          left="XPATH#//entities/entity[pos=14][len=13]/string"
          operator="="
          right="22 avril 1950"/>
    <test id="fre.se.timex.00.1" trace=".se.xml"
          comment="month"
          left="XPATH#//entities/entity[pos=14][len=13]/components/month"
          operator="="
          right="avril"/>
    <test id="fre.se.timex.00.1" trace=".se.xml"
          comment="numday"
          left="XPATH#//entities/entity[pos=14][len=13]/components/numday"
          operator="="
          right="22"/>
    <test id="fre.se.timex.00.1" trace=".se.xml"
          comment="année"
          left="XPATH#//entities/entity[pos=14][len=13]/components/numyear"
          operator="="
          right="1950"/>
    <test id="fre.se.timex.00.1" trace=".se.xml"
          comment="date mois/année"
          left="XPATH#//entities/entity[pos=14][len=13]/normalization/date"
          operator="="
          right="1950-04-22"/>
  </testcase>
  <testcase id="fre.se.timex.01" type="bloquant">
    <call-parameters>
      <param key="text" value="Il est né le 1er avril 1950."/>
      <param key="language" value="fre"/>
      <list key="pipelines">
        <item value="limaserver"/>
      </list>
    </call-parameters>
    <expl>rule for complete date with ordinal number</expl>
    <test id="fre.se.timex.01.1" trace=".se.xml"
          comment="type"
          left="XPATH#//entities/entity[pos=14][len=14]/type"
          operator="="
          right="DateTime.DATE"/>
    <test id="fre.se.timex.01.1" trace=".se.xml"
          comment="value"
          left="XPATH#//entities/entity[pos=14][len=14]/string"
          operator="="
          right="1er avril 1950"/>
    <test id="fre.se.timex.01.1" trace=".se.xml"
          comment="month"
          left="XPATH#//entities/entity[pos=14][len=14]/components/month"
          operator="="
          right="avril"/>
    <test id="fre.se.timex.01.1" trace=".se.xml"
          comment="numday"
          left="XPATH#//entities/entity[pos=14][len=14]/components/numday"
          operator="="
          right="1er"/>
    <test id="fre.se.timex.01.1" trace=".se.xml"
          comment="année"
          left="XPATH#//entities/entity[pos=14][len=14]/components/numyear"
          operator="="
          right="1950"/>
    <test id="fre.se.timex.01.1" trace=".se.xml"
          comment="date mois/année"
          left="XPATH#//entities/entity[pos=14][len=14]/normalization/date"
          operator="="
          right="1950-04-01"/>
  </testcase>
  <testcase id="fre.se.timex.02" type="bloquant">
    <call-parameters>
      <param key="text" value="Il est mort le 02/03/2015"/>
      <param key="language" value="fre"/>
      <list key="pipelines">
        <item value="limaserver"/>
      </list>
    </call-parameters>
    <test id="fre.se.timex.02.1" trace=".se.xml"
          comment="type"
          left="XPATH#//entities/entity[pos=16][len=10]/type"
          operator="="
          right="DateTime.DATE"/>
    <test id="fre.se.timex.02.2" trace=".se.xml"
          comment="date jour/mois/année"
          left="XPATH#//entities/entity[pos=16][len=10]/string"
          operator="="
          right="02/03/2015"/>
  </testcase>
  <testcase id="fre.se.timex.1" type="bloquant">
    <call-parameters>
      <param key="text" value="juillet 1982 fut remarquable pour la maturation de la vigne"/>
      <param key="language" value="fre"/>
      <list key="pipelines">
        <item value="limaserver"/>
      </list>
    </call-parameters>
    <test id="fre.se.timex.1.1" trace=".se.xml"
          comment="date mois année"
          left="XPATH#//entities/entity[pos=1][len=12]/type"
          operator="="
          right="DateTime.DATE"/>
     <test id="fre.se.timex.1.2" trace=".se.xml"
          comment="mois"
          left="XPATH#//entities/entity[pos=1][len=12]/components/month"
          operator="="
          right="juillet"/>
    <test id="fre.se.timex.1.3" trace=".se.xml"
          comment="année"
          left="XPATH#//entities/entity[pos=1][len=12]/components/numyear"
          operator="="
          right="1982"/>
  </testcase>
  <!--testcase id="fre.se.timex.2" type="bloquant">
    <call-parameters>
      <param key="text" value="06/09/2004"/>
      <param key="language" value="eng"/>
      <list key="pipelines">
        <item value="limaserver"/>
      </list>
    </call-parameters>
    <test id="fre.se.timex.2.1" trace=".se.xml"
          comment="date mois/année"
          left="XPATH#//specific_entities/specific_entity[position=1][length=10]/type"
          operator="="
          right="DateTime.DATE"/>
  </testcase-->
  <!--testcase id="fre.se.timex.3" type="bloquant">
    <call-parameters>
      <param key="text" value="Lou Alice Philbeck died April 17 of a heart-lung ailment."/>
      <param key="language" value="eng"/>
      <list key="pipelines">
        <item value="limaserver"/>
      </list>
    </call-parameters>
    <test id="fre.se.timex.3.1" trace=".se.xml"
          comment="date April 17"
          left="XPATH#//specific_entities/specific_entity[position=25][length=8]/type"
          operator="="
          right="DateTime.DATE"/>
  </testcase-->
  <!--testcase id="fre.se.timex.4" type="bloquant">
    <call-parameters>
      <param key="text" value="Her funeral was Saturday at Greene Funeral Service's South Chapel."/>
      <param key="language" value="eng"/>
      <list key="pipelines">
        <item value="limaserver"/>
      </list>
    </call-parameters>
    <test id="fre.se.timex.4.1" trace=".se.xml"
          comment="date Saturday"
          left="XPATH#//specific_entities/specific_entity[position=17][length=8]/type"
          operator="="
          right="DateTime.DATE"/>
  </testcase-->
  <!--testcase id="fre.se.timex.5" type="bloquant">
    <call-parameters>
      <param key="text" value="The results also show that there was a deterioration after 6 months."/>
      <param key="language" value="eng"/>
      <list key="pipelines">
        <item value="limaserver"/>
      </list>
    </call-parameters>
    <test id="fre.se.timex.5.1" trace=".se.xml"
          comment="6 months are a numex and not a timex. this is a measure of an amount of time."
          left="XPATH#//specific_entities/specific_entity[position=60][length=8]/type"
          operator="="
          right="Numex.NUMEX"/>
  </testcase-->
  <!--testcase id="fre.se.timex.6" type="bloquant">
    <call-parameters>
      <param key="text" value="The 75th annual Academy Awards ceremony is scheduled for March 23, 2003."/>
      <param key="language" value="eng"/>
      <list key="pipelines">
        <item value="limaserver"/>
      </list>
    </call-parameters>
    <test id="fre.se.timex.6.1" trace=".se.xml"
          comment="date March 23, 2003"
          left="XPATH#//specific_entities/specific_entity[position=58][length=14]/type"
          operator="="
          right="DateTime.DATE"/>
  </testcase-->
  <!--testcase id="fre.se.timex.7" type="bloquant">
    <call-parameters>
      <param key="text" value="09 Jul 2002"/>
      <param key="language" value="eng"/>
      <list key="pipelines">
        <item value="limaserver"/>
      </list>
    </call-parameters>
    <test id="fre.se.timex.7.1" trace=".se.xml"
          comment="09 Jul 2002"
          left="XPATH#//specific_entities/specific_entity[position=1][length=11]/type"
          operator="="
          right="DateTime.DATE"/>
  </testcase-->
  <!--testcase id="fre.se.timex.8" type="bloquant">
    <call-parameters>
      <param key="text" value="The three blasts took place in March, August and November of last year."/>
      <param key="language" value="eng"/>
      <list key="pipelines">
        <item value="limaserver"/>
      </list>
    </call-parameters>
    <test id="fre.se.timex.8.1" trace=".se.xml"
          comment="March"
          left="XPATH#//specific_entities/specific_entity[position=32][length=5]/type"
          operator="="
          right="DateTime.DATE"/>
    <test id="fre.se.timex.8.2" trace=".se.xml"
          comment="August"
          left="XPATH#//specific_entities/specific_entity[position=39][length=6]/type"
          operator="="
          right="DateTime.DATE"/>
    <test id="fre.se.timex.8.3" trace=".se.xml"
          comment="November"
          left="XPATH#//specific_entities/specific_entity[position=50][length=8]/type"
          operator="="
          right="DateTime.DATE"/>
  </testcase-->
  <!--testcase id="fre.se.timex.9" type="bloquant">
    <call-parameters>
      <param key="text" value="It began in September 2000"/>
      <param key="language" value="eng"/>
      <list key="pipelines">
        <item value="limaserver"/>
      </list>
    </call-parameters>
    <test id="fre.se.timex.9.1" trace=".se.xml"
          comment=""
          left="XPATH#//specific_entities/specific_entity[position=13][length=14]/type"
          operator="="
          right="DateTime.DATE"/>
  </testcase-->
  <!--testcase id="fre.se.timex.10" type="bloquant">
    <call-parameters>
      <param key="text" value="September 20th"/>
      <param key="language" value="eng"/>
      <list key="pipelines">
        <item value="limaserver"/>
      </list>
    </call-parameters>
    <test id="fre.se.timex.10.1" trace=".se.xml"
          comment=""
          left="XPATH#//specific_entities/specific_entity[position=1][length=14]/type"
          operator="="
          right="DateTime.DATE"/>
  </testcase-->
  <!--testcase id="fre.se.timex.11" type="pertinent">
    <call-parameters>
      <param key="text" value="1982-12-28"/>
      <param key="language" value="fre"/>
      <list key="pipelines">
        <item value="limaserver"/>
      </list>
    </call-parameters>
    <test id="fre.se.timex.11.1" trace=".se.xml"
          comment=""
          left="XPATH#//entities/entity[position=1][length=10]/type"
          operator="="
          right="DateTime.DATE"/>
  </testcase-->
  <!--testcase id="fre.se.timex.12" type="pertinent">
    <call-parameters>
      <param key="text" value="22 fev 2002"/>
      <param key="language" value="fre"/>
      <list key="pipelines">
        <item value="limaserver"/>
      </list>
    </call-parameters>
    <test id="fre.se.timex.12.1" trace=".se.xml"
          comment=""
          left="XPATH#//entities/entity[position=1][length=11]/type"
          operator="="
          right="DateTime.DATE"/>
  </testcase-->
</testcases>
