<?xml version='1.0' encoding='UTF-8'?>
<?xml-stylesheet type="text/xsl" href="tva_simple.xsl"?>

<!--
SPDX-FileCopyrightText: 2022 CEA LIST <gael.de-chalendar@cea.fr>

SPDX-License-Identifier: MIT
-->

<testcases>
  <!--==================== tests PERSON with components ====================-->
  <testcase id="fre.se.location.comp.1" type="pertinent">
    <call-parameters>
      <param key="text" value="Connais-tu Paris ?"/>
      <param key="language" value="fre"/>
      <list key="pipelines">
        <item value="limaserver"/>
      </list>
    </call-parameters>
    <expl></expl>
    <test id="fre.se.location.comp.1.1" trace=".se.xml"
          comment="type d'entité = location.CITY"
          left="XPATH#//entities/entity[pos=12][len=5]/type"
          operator="="
          right="Location.CITY"/>
    <test id="fre.se.location.comp.1.2" trace=".se.xml"
          comment="composant"
          left="XPATH#//entities/entity/components/name"
          operator="="
          right="Paris"/>
  </testcase>
  <!-- NOK: Tizi Ouzou n'est pas dans les ressources cities.lst -->
  <!-- TODO: enrichir les ressources à partir de geonames-->
  <!-- Pour info Tizi Ouzou fait partie des villes > 100.000 habitants -->
  <!--testcase id="fre.se.location.comp.2" type="pertinent">
    <call-parameters>
      <param key="text" value="Connais-tu Tizi Ouzou ?"/>
      <param key="language" value="fre"/>
      <list key="pipelines">
        <item value="limaserver"/>
      </list>
    </call-parameters>
    <expl></expl>
    <test id="fre.se.location.comp.2.1" trace=".se.xml"
          comment="type d'entité = location.LOCATION"
          left="XPATH#//entities/entity[pos=1][len=15]/type"
          operator="="
          right="Location.LOCATION"/>
    <test id="fre.se.location.comp.2.2" trace=".se.xml"
          comment="composant"
          left="XPATH#//entities/entity/components/name"
          operator="="
          right="TiziOuzou"/>
  </testcase-->
    <!--testcase id="fre.se.location.comp.2" type="pertinent">
    <call-parameters>
      <param key="text" value="Connais-tu Hong Kong ?"/>
      <param key="language" value="fre"/>
      <list key="pipelines">
        <item value="limaserver"/>
      </list>
    </call-parameters>
    <expl></expl>
    <test id="fre.se.location.comp.2.1" trace=".se.xml"
          comment="type d'entité = location.LOCATION"
          left="XPATH#//entities/entity[pos=1][len=15]/type"
          operator="="
          right="Location.LOCATION"/>
    <test id="fre.se.location.comp.2.2" trace=".se.xml"
          comment="composant"
          left="XPATH#//entities/entity/components/name"
          operator="="
          right="HongKong"/>
  </testcase-->
    <testcase id="fre.se.location.comp.3" type="pertinent">
    <call-parameters>
      <param key="text" value="Connais-tu l'île de Sumatra ?"/>
      <param key="language" value="fre"/>
      <list key="pipelines">
        <item value="limaserver"/>
      </list>
    </call-parameters>
    <expl></expl>
    <test id="fre.se.location.comp.3.1" trace=".se.xml"
          comment="type d'entité = location.GEO"
          left="XPATH#//entities/entity[pos=14][len=14]/type"
          operator="="
          right="Location.GEO"/>
    <test id="fre.se.location.comp.3.2" trace=".se.xml"
          comment="composant"
          left="XPATH#//entities/entity/components/name"
          operator="="
          right="Sumatra"/>
  </testcase>
    <!--testcase id="fre.se.location.comp.4" type="pertinent">
    <call-parameters>
      <param key="text" value="Connais-tu les Alpes de Haute Provence ?"/>
      <param key="language" value="fre"/>
      <list key="pipelines">
        <item value="limaserver"/>
      </list>
    </call-parameters>
    <expl></expl>
    <test id="fre.se.location.comp.4.1" trace=".se.xml"
          comment="type d'entité = location.LOCATION"
          left="XPATH#//entities/entity[pos=1][len=15]/type"
          operator="="
          right="Location.LOCATION"/>
    <test id="fre.se.location.comp.4.2" trace=".se.xml"
          comment="composant"
          left="XPATH#//entities/entity/components/name"
          operator="="
          right="Alpes de Haute Provence"/>
  </testcase-->
    <testcase id="fre.se.location.comp.5" type="pertinent">
    <call-parameters>
      <param key="text" value="Connais-tu Aix-en-Provence ?"/>
      <param key="language" value="fre"/>
      <list key="pipelines">
        <item value="limaserver"/>
      </list>
    </call-parameters>
    <expl></expl>
    <test id="fre.se.location.comp.5.1" trace=".se.xml"
          comment="type d'entité = location.CITY"
          left="XPATH#//entities/entity[pos=12][len=15]/type"
          operator="="
          right="Location.CITY"/>
    <test id="fre.se.location.comp.5.2" trace=".se.xml"
          comment="composant"
          left="XPATH#//entities/entity/components/name"
          operator="="
          right="Aix-en-Provence"/>
  </testcase>
    <testcase id="fre.se.location.comp.6" type="pertinent">
    <call-parameters>
      <param key="text" value="Connais-tu Lambesc ?"/>
      <param key="language" value="fre"/>
      <list key="pipelines">
        <item value="limaserver"/>
      </list>
    </call-parameters>
    <expl></expl>
    <test id="fre.se.location.comp.6.1" trace=".se.xml"
          comment="type d'entité = location.CITY"
          left="XPATH#//entities/entity[pos=12][len=7]/type"
          operator="="
          right="Location.CITY"/>
    <test id="fre.se.location.comp.6.2" trace=".se.xml"
          comment="composant"
          left="XPATH#//entities/entity/components/name"
          operator="="
          right="Lambesc"/>
  </testcase>
   <testcase id="fre.se.location.comp.7" type="pertinent">
    <call-parameters>
      <param key="text" value="Connais-tu Sisteron ?"/>
      <param key="language" value="fre"/>
      <list key="pipelines">
        <item value="limaserver"/>
      </list>
    </call-parameters>
    <expl></expl>
    <test id="fre.se.location.comp.7.1" trace=".se.xml"
          comment="type d'entité = location.CITY"
          left="XPATH#//entities/entity[pos=12][len=8]/type"
          operator="="
          right="Location.CITY"/>
    <test id="fre.se.location.comp.7.2" trace=".se.xml"
          comment="composant"
          left="XPATH#//entities/entity/components/name"
          operator="="
          right="Sisteron"/>
  </testcase>
   <testcase id="fre.se.location.comp.8" type="pertinent">
    <call-parameters>
      <param key="text" value="Connais-tu Meyargues ?"/>
      <param key="language" value="fre"/>
      <list key="pipelines">
        <item value="limaserver"/>
      </list>
    </call-parameters>
    <expl></expl>
    <test id="fre.se.location.comp.8.1" trace=".se.xml"
          comment="type d'entité = location.CITY"
          left="XPATH#//entities/entity[pos=12][len=9]/type"
          operator="="
          right="Location.CITY"/>
    <test id="fre.se.location.comp.8.2" trace=".se.xml"
          comment="composant"
          left="XPATH#//entities/entity/components/name"
          operator="="
          right="Meyargues"/>
  </testcase>
  <testcase id="fre.se.location.comp.9" type="pertinent">
    <call-parameters>
      <param key="text" value="Connais-tu Penmarc'h?"/>
      <param key="language" value="fre"/>
      <list key="pipelines">
        <item value="limaserver"/>
      </list>
    </call-parameters>
    <expl></expl>
    <test id="fre.se.location.comp.9.1" trace=".se.xml"
          comment="type d'entité = location.CITY"
          left="XPATH#//entities/entity[pos=12][len=9]/type"
          operator="="
          right="Location.CITY"/>
    <!--test id="fre.se.location.comp.9.2" trace=".se.xml"
          comment="composant"
          left="XPATH#//entities/entity/components/name"
          operator="="
          right="Penmarc'h"/-->
  </testcase>
  <testcase id="fre.se.location.comp.10" type="pertinent">
    <call-parameters>
      <param key="text" value="Connais-tu l'Italie du Sud."/>
      <param key="language" value="fre"/>
      <list key="pipelines">
        <item value="limaserver"/>
      </list>
    </call-parameters>
    <expl></expl>
    <test id="fre.se.location.comp.10.1" trace=".se.xml"
          comment="type d'entité = location.GEO"
          left="XPATH#//entities/entity[pos=14][len=13]/type"
          operator="="
          right="Location.GEO"/>
    <test id="fre.se.location.comp.10.2" trace=".se.xml"
          comment="composant"
          left="XPATH#//entities/entity/components/name"
          operator="="
          right="Italie"/>
    <test id="fre.se.location.comp.10.2" trace=".se.xml"
          comment="composant"
          left="XPATH#//entities/entity/components/qualifier"
          operator="="
          right="du Sud"/>
  </testcase>
 <testcase id="fre.se.location.comp.100" type="pertinent">
    <call-parameters>
      <param key="text" value="le conflit au Sud Liban."/>
      <param key="language" value="fre"/>
      <list key="pipelines">
        <item value="limaserver"/>
      </list>
    </call-parameters>
    <expl></expl>
    <test id="fre.se.location.comp.10.a.1" trace=".se.xml"
          comment="type d'entité = location.GEO"
          left="XPATH#//entities/entity[pos=15][len=9]/type"
          operator="="
          right="Location.GEO"/>
    <test id="fre.se.location.comp.10.a.2" trace=".se.xml"
          comment="composant"
          left="XPATH#//entities/entity/components/name"
          operator="="
          right="Liban"/>
    <test id="fre.se.location.comp.10.a.2" trace=".se.xml"
          comment="composant"
          left="XPATH#//entities/entity/components/qualifier"
          operator="="
          right="Sud"/>
  </testcase>
 <testcase id="fre.se.location.comp.11" type="pertinent">
    <call-parameters>
      <param key="text" value="C'est à 10 kilomètres à l'ouest de la ville de Paris ?"/>
      <param key="language" value="fre"/>
      <list key="pipelines">
        <item value="limaserver"/>
      </list>
    </call-parameters>
    <expl></expl>
    <test id="fre.se.location.comp.11.1" trace=".se.xml"
          comment="type d'entité = tod verifier le système en cascade !"
          left="XPATH#//entities/entity[pos=27][len=26]/type"
          operator="="
          right="Location.GEO"/>
    <test id="fre.se.location.comp.11.2" trace=".se.xml"
          comment="composant"
          left="XPATH#//entities/entity/components/qualifier"
          operator="="
          right="ouest"/>
  </testcase>
<testcase id="fre.se.location.comp.12" type="bloquant">
    <call-parameters>
      <param key="text" value="la manisfestation a lieu place de la République."/>
      <param key="language" value="fre"/>
      <list key="pipelines">
        <item value="limaserver"/>
      </list>
    </call-parameters>
    <expl></expl>
    <test id="fre.se.location.comp.12.1" trace=".se.xml"
          comment="Exemple dans guide d'annotation IMM (modifié)"
          left="XPATH#//entities/entity[pos=26][len=22]/type"
          operator="="
          right="Location.ODO"/>
    <test id="fre.se.location.comp.12.2" trace=".se.xml"
          comment="composant"
          left="XPATH#//entities/entity/components/kind"
          operator="="
          right="place"/>
   <test id="fre.se.location.comp.12.3" trace=".se.xml"
          comment="composant"
          left="XPATH#//entities/entity/components/name"
          operator="="
          right="République"/>
</testcase>
<!-- Si on n'a pas de majuscule à "république", le test ne passe pas -->
<!-- La règle applicable est celle qui prend @AnnonceurLieu comme trigger -->
<!-- si on n'attend pas une majuiscule, on va déclencher la règle sur l'expression -->
<!-- "l'accélérateur à la place du frein" -->
<testcase id="fre.se.location.comp.12" type="pertinent">
    <call-parameters>
      <param key="text" value="la manisfestation a lieu place de la république."/>
      <param key="language" value="fre"/>
      <list key="pipelines">
        <item value="limaserver"/>
      </list>
    </call-parameters>
    <expl></expl>
    <test id="fre.se.location.comp.12.1" trace=".se.xml"
          comment="Exemple dans guide d'annotation IMM (original)"
          left="XPATH#//entities/entity[pos=26][len=22]/type"
          operator="="
          right="Location.ODO"/>
    <test id="fre.se.location.comp.12.2" trace=".se.xml"
          comment="composant"
          left="XPATH#//entities/entity/components/kind"
          operator="="
          right="place"/>
   <test id="fre.se.location.comp.12.3" trace=".se.xml"
          comment="composant"
          left="XPATH#//entities/entity/components/name"
          operator="="
          right="république"/>
</testcase>
<testcase id="fre.se.location.comp.13" type="bloquant">
    <call-parameters>
      <param key="text" value="Il habite 3 rue Abbé Grégoire."/>
      <param key="language" value="fre"/>
      <list key="pipelines">
        <item value="limaserver"/>
      </list>
    </call-parameters>
    <expl></expl>
    <test id="fre.se.location.comp.13.1" trace=".se.xml"
          comment="Exemple dans guide d'annotation IMM"
          left="XPATH#//entities/entity[pos=11][len=19]/type"
          operator="="
          right="Location.ADDRESS"/>
    <test id="fre.se.location.comp.13.2" trace=".se.xml"
          comment="composant"
          left="XPATH#//entities/entity/components/address-number"
          operator="="
          right="3"/>
   <!--test id="fre.se.location.comp.13.3" trace=".se.xml"
          comment="composant"
          left="XPATH#//entities/entity/components/kind"
          operator="="
          right="rue"/>
  <test id="fre.se.location.comp.13.3" trace=".se.xml"
          comment="composant"
          left="XPATH#//entities/entity/components/kind"
          operator="="
          right="Abbé Grégoire"/-->
  </testcase>
<!--testcase id="fre.se.location.comp.14" type="bloquant">
    <call-parameters>
      <param key="text" value="Le rendez-vous est 3 place de la république."/>
      <param key="language" value="fre"/>
      <list key="pipelines">
        <item value="limaserver"/>
      </list>
    </call-parameters>
    <expl></expl>
    <test id="fre.se.location.comp.13.1" trace=".se.xml"
          comment="Exemple dans guide d'annotation IMM"
          left="XPATH#//entities/entity[pos=12][len=9]/type"
          operator="="
          right="Location.LOCATION"/>
    <test id="fre.se.location.comp.13.2" trace=".se.xml"
          comment="composant"
          left="XPATH#//entities/entity/components/adresse-number"
          operator="="
          right="3"/>
   <test id="fre.se.location.comp.13.3" trace=".se.xml"
          comment="composant"
          left="XPATH#//entities/entity/components/kind"
          operator="="
          right="place"/>
  <test id="fre.se.location.comp.13.3" trace=".se.xml"
          comment="composant"
          left="XPATH#//entities/entity/components/kind"
          operator="="
          right="république"/>
  </testcase-->
<testcase id="fre.se.location.comp.14" type="bloquant">
    <call-parameters>
      <param key="text" value="On vit bien en France"/>
      <param key="language" value="fre"/>
      <list key="pipelines">
        <item value="limaserver"/>
      </list>
    </call-parameters>
    <expl></expl>
    <test id="fre.se.location.comp.14.1" trace=".se.xml"
          comment="Exemple dans guide d'annotation IMM"
          left="XPATH#//entities/entity[pos=16][len=6]/type"
          operator="="
          right="Location.COUNTRY"/>
    <test id="fre.se.location.comp.14.2" trace=".se.xml"
          comment="composant"
          left="XPATH#//entities/entity/components/name"
          operator="="
          right="France"/>
  </testcase>
<!--testcase id="fre.se.location.comp.14" type="bloquant">
    <call-parameters>
      <param key="text" value="Le rendez-vous est 3 place de la république."/>
      <param key="language" value="fre"/>
      <list key="pipelines">
        <item value="limaserver"/>
      </list>
    </call-parameters>
    <expl></expl>
    <test id="fre.se.location.comp.14.1" trace=".se.xml"
          comment="Exemple dans guide d'annotation IMM"
          left="XPATH#//entities/entity[pos=12][len=9]/type"
          operator="="
          right="Location.LOCATION"/>
    <test id="fre.se.location.comp.14.2" trace=".se.xml"
          comment="composant"
          left="XPATH#//entities/entity/components/adresse-number"
          operator="="
          right="3"/>
   <test id="fre.se.location.comp.14.3" trace=".se.xml"
          comment="composant"
          left="XPATH#//entities/entity/components/kind"
          operator="="
          right="place"/>
  <test id="fre.se.location.comp.14.4" trace=".se.xml"
          comment="composant"
          left="XPATH#//entities/entity/components/kind"
          operator="="
          right="république"/>
  </testcase-->
<testcase id="fre.se.location.comp.15" type="bloquant">
    <call-parameters>
      <param key="text" value="Il vit à La Bolline"/>
      <param key="language" value="fre"/>
      <list key="pipelines">
        <item value="limaserver"/>
      </list>
    </call-parameters>
    <expl></expl>
    <test id="fre.se.location.comp.15.1" trace=".se.xml"
          comment="Exemple dans guide d'annotation Quaero"
          left="XPATH#//entities/entity[pos=10][len=10]/type"
          operator="="
          right="Location.CITY"/>
    <test id="fre.se.location.comp.15.2" trace=".se.xml"
          comment="composant"
          left="XPATH#//entities/entity/components/name"
          operator="="
          right="La Bolline"/>
  </testcase>
<testcase id="fre.se.location.comp.16" type="bloquant">
    <call-parameters>
      <param key="text" value="C'est ici la Maison Blanche."/>
      <param key="language" value="fre"/>
      <list key="pipelines">
        <item value="limaserver"/>
      </list>
    </call-parameters>
    <expl></expl>
    <test id="fre.se.location.comp.16.1" trace=".se.xml"
          comment="Exemple dans guide d'annotation Quaero"
          left="XPATH#//entities/entity[pos=11][len=17]/type"
          operator="="
          right="Location.ODO"/>
    <test id="fre.se.location.comp.16.2" trace=".se.xml"
          comment="composant"
          left="XPATH#//entities/entity/components/name"
          operator="="
          right="Maison Blanche"/>
  </testcase>
<testcase id="fre.se.location.comp.17" type="bloquant">
    <call-parameters>
      <param key="text" value="Connais-tu la ville rose ?"/>
      <param key="language" value="fre"/>
      <list key="pipelines">
        <item value="limaserver"/>
      </list>
    </call-parameters>
    <expl></expl>
    <test id="fre.se.location.comp.17.1" trace=".se.xml"
          comment="Exemple dans guide d'annotation Quaero"
          left="XPATH#//entities/entity[pos=15][len=10]/type"
          operator="="
          right="Location.CITY"/>
    <test id="fre.se.location.comp.17.2" trace=".se.xml"
          comment="composant"
          left="XPATH#//entities/entity/components/name.nickname"
          operator="="
          right="ville rose"/>
  </testcase>
<!--testcase id="fre.se.location.comp.18" type="bloquant">
    <call-parameters>
      <param key="text" value="Que de beaux souvenirs au Pays Basque espagnol !"/>
      <param key="language" value="fre"/>
      <list key="pipelines">
        <item value="limaserver"/>
      </list>
    </call-parameters>
    <expl></expl>
    <test id="fre.se.location.comp.18.1" trace=".se.xml"
          comment="Exemple dans guide d'annotation Quaero - todo probleme mot compose ! "
          left="XPATH#//entities/entity[pos=12][len=9]/type"
          operator="="
          right="Location.LOCATION"/>
    <test id="fre.se.location.comp.18.2" trace=".se.xml"
          comment="composant"
          left="XPATH#//entities/entity/components/name"
          operator="="
          right="Pays Basque espagnol"/>
  </testcase-->
<testcase id="fre.se.location.comp.19" type="bloquant">
    <call-parameters>
      <param key="text" value="C'est au sud d'Israël."/>
      <param key="language" value="fre"/>
      <list key="pipelines">
        <item value="limaserver"/>
      </list>
    </call-parameters>
    <expl></expl>
    <test id="fre.se.location.comp.19.1" trace=".se.xml"
          comment="Exemple dans guide d'annotation Quaero"
          left="XPATH#//entities/entity[pos=10][len=12]/type"
          operator="="
          right="Location.GEO"/>
    <test id="fre.se.location.comp.19.2" trace=".se.xml"
          comment="composant"
          left="XPATH#//entities/entity/components/qualifier"
          operator="="
          right="sud"/>
    <!--test id="fre.se.location.comp.19.3" trace=".se.xml"
          comment="composant - todo cascade"
          left="XPATH#//entities/entity/components/name"
          operator="="
          right="Israël"/-->
  </testcase>
<!--testcase id="fre.se.location.comp.20" type="bloquant">
    <call-parameters>
      <param key="text" value="Tu connais pas la CAPS ?"/>
      <param key="language" value="fre"/>
      <list key="pipelines">
        <item value="limaserver"/>
      </list>
    </call-parameters>
    <expl></expl>
    <test id="fre.se.location.comp.20.1" trace=".se.xml"
          comment="Exemple dans guide d'annotation Quaero"
          left="XPATH#//entities/entity[pos=12][len=9]/type"
          operator="="
          right="Location.LOCATION"/>
    <test id="fre.se.location.comp.20.2" trace=".se.xml"
          comment="composant"
          left="XPATH#//entities/entity/components/name"
          operator="="
          right="CAPS"/>
  </testcase-->
<testcase id="fre.se.location.comp.21" type="bloquant">
    <call-parameters>
      <param key="text" value="Tu connais pas les Etats-Unis ?"/>
      <param key="language" value="fre"/>
      <list key="pipelines">
        <item value="limaserver"/>
      </list>
    </call-parameters>
    <expl></expl>
    <test id="fre.se.location.comp.21.1" trace=".se.xml"
          comment="Exemple dans guide d'annotation Quaero"
          left="XPATH#//entities/entity[pos=20][len=10]/type"
          operator="="
          right="Location.COUNTRY"/>
    <test id="fre.se.location.comp.21.2" trace=".se.xml"
          comment="composant"
          left="XPATH#//entities/entity/components/name"
          operator="="
          right="Etats-Unis"/>
  </testcase>
<testcase id="fre.se.location.comp.22" type="bloquant">
    <call-parameters>
      <param key="text" value="Tu connais pas l'Afrique subsaharienne ?"/>
      <param key="language" value="fre"/>
      <list key="pipelines">
        <item value="limaserver"/>
      </list>
    </call-parameters>
    <expl></expl>
    <test id="fre.se.location.comp.22.1" trace=".se.xml"
          comment="Exemple dans guide d'annotation Quaero"
          left="XPATH#//entities/entity[pos=18][len=21]/type"
          operator="="
          right="Location.GEO"/>
    <test id="fre.se.location.comp.22.2" trace=".se.xml"
          comment="composant"
          left="XPATH#//entities/entity/components/name"
          operator="="
          right="Afrique"/>
    <test id="fre.se.location.comp.22.3" trace=".se.xml"
          comment="composant"
          left="XPATH#//entities/entity/components/qualifier"
          operator="="
          right="subsaharienne"/>
  </testcase>
<testcase id="fre.se.location.comp.23" type="pertinent">
    <call-parameters>
      <param key="text" value="Tu connais la région de l'Atlas ?"/>
      <param key="language" value="fre"/>
      <list key="pipelines">
        <item value="limaserver"/>
      </list>
    </call-parameters>
    <expl></expl>
    <test id="fre.se.location.comp.23.1" trace=".se.xml"
          comment="Exemple dans guide d'annotation Quaero"
          left="XPATH#//entities/entity[pos=15][len=17]/type"
          operator="="
          right="Location.GEO"/>
    <test id="fre.se.location.comp.23.2" trace=".se.xml"
          comment="composant"
          left="XPATH#//entities/entity/components/kind"
          operator="="
          right="région"/>
    <test id="fre.se.location.comp.23.3" trace=".se.xml"
          comment="composant"
          left="XPATH#//entities/entity/components/name"
          operator="="
          right="Atlas"/>
  </testcase>
<testcase id="fre.se.location.comp.24" type="bloquant">
    <call-parameters>
      <param key="text" value="Tu connais le désert de Gobi ?"/>
      <param key="language" value="fre"/>
      <list key="pipelines">
        <item value="limaserver"/>
      </list>
    </call-parameters>
    <expl></expl>
    <test id="fre.se.location.comp.24.1" trace=".se.xml"
          comment="Exemple dans guide d'annotation Quaero"
          left="XPATH#//entities/entity[pos=15][len=14]/type"
          operator="="
          right="Location.GEO"/>
    <test id="fre.se.location.comp.24.2" trace=".se.xml"
          comment="composant"
          left="XPATH#//entities/entity/components/kind"
          operator="="
          right="désert"/>
    <test id="fre.se.location.comp.24.3" trace=".se.xml"
          comment="composant"
          left="XPATH#//entities/entity/components/name"
          operator="="
          right="Gobi"/>
  </testcase>
<testcase id="fre.se.location.comp.25" type="pertinent">
    <call-parameters>
      <param key="text" value="C'est dans la France profonde"/>
      <param key="language" value="fre"/>
      <list key="pipelines">
        <item value="limaserver"/>
      </list>
    </call-parameters>
    <expl></expl>
    <test id="fre.se.location.comp.25.1" trace=".se.xml"
          comment="type d'entité = location.GEO"
          left="XPATH#//entities/entity[pos=15][len=15]/type"
          operator="="
          right="Location.GEO"/>
    <test id="fre.se.location.comp.25.2" trace=".se.xml"
          comment="composant"
          left="XPATH#//entities/entity/components/qualifier"
          operator="="
          right="profonde"/>
  </testcase>
<testcase id="fre.se.location.comp.26" type="pertinent">
    <call-parameters>
      <param key="text" value="Tu connais le canal Saint-Martin ?"/>
      <param key="language" value="fre"/>
      <list key="pipelines">
        <item value="limaserver"/>
      </list>
    </call-parameters>
    <expl></expl>
    <test id="fre.se.location.comp.26.1" trace=".se.xml"
          comment="Exemple dans guide d'annotation Quaero"
          left="XPATH#//entities/entity[pos=15][len=18]/type"
          operator="="
          right="Location.ODO"/>
    <test id="fre.se.location.comp.26.2" trace=".se.xml"
          comment="composant"
          left="XPATH#//entities/entity/components/kind"
          operator="="
          right="canal"/>
    <test id="fre.se.location.comp.26.3" trace=".se.xml"
          comment="composant"
          left="XPATH#//entities/entity/components/name"
          operator="="
          right="Saint-Martin"/>
  </testcase>
<testcase id="fre.se.location.comp.27" type="pertinent">
    <call-parameters>
      <param key="text" value="C'est géré par la région des Pays de la Loire?"/>
      <param key="language" value="fre"/>
      <list key="pipelines">
        <item value="limaserver"/>
      </list>
    </call-parameters>
    <expl></expl>
    <test id="fre.se.location.comp.27.1" trace=".se.xml"
          comment="région au sens adm, sans - "
          left="XPATH#//entities/entity[pos=30][len=16]/type"
          operator="="
          right="Location.REGION"/>
    <!--test id="fre.se.location.comp.27.2" trace=".se.xml"
          comment="composant"
          left="XPATH#//entities/entity/components/kind"
          operator="="
          right="région"/-->
    <test id="fre.se.location.comp.27.3" trace=".se.xml"
          comment="composant"
          left="XPATH#//entities/entity/components/name"
          operator="="
          right="Pays de la Loire"/>
  </testcase>
<testcase id="fre.se.location.comp.28" type="informatif">
    <!--moved from 'bloquant' to 'informatif' : 
        allow any lowercase noun after generates too much noise 
        ('mer du monde') -->
    <call-parameters>
      <param key="text" value="Tu connais la mer de la tranquilité ?"/>
      <param key="language" value="fre"/>
      <list key="pipelines">
        <item value="limaserver"/>
      </list>
    </call-parameters>
    <expl></expl>
    <test id="fre.se.location.comp.28.1" trace=".se.xml"
          comment="Exemple dans guide d'annotation Quaero"
          left="XPATH#//entities/entity[pos=15][len=21]/type"
          operator="="
          right="Location.GEO"/>
    <test id="fre.se.location.comp.28.2" trace=".se.xml"
          comment="composant"
          left="XPATH#//entities/entity/components/kind"
          operator="="
          right="mer"/>
    <test id="fre.se.location.comp.28.3" trace=".se.xml"
          comment="composant"
          left="XPATH#//entities/entity/components/name"
          operator="="
          right="tranquilité"/>
  </testcase>
<testcase id="fre.se.location.comp.28-b" type="bloquant">
    <call-parameters>
      <param key="text" value="Tu connais la Mer d'Iroise ?"/>
      <param key="language" value="fre"/>
      <list key="pipelines">
        <item value="limaserver"/>
      </list>
    </call-parameters>
    <expl></expl>
    <test id="fre.se.location.comp.28-b.1" trace=".se.xml"
          comment="Exemple dans guide d'annotation Quaero"
          left="XPATH#//entities/entity[pos=15][len=12]/type"
          operator="="
          right="Location.GEO"/>
    <test id="fre.se.location.comp.28-b.2" trace=".se.xml"
          comment="composant"
          left="XPATH#//entities/entity/components/kind"
          operator="="
          right="Mer"/>
    <test id="fre.se.location.comp.28-b.3" trace=".se.xml"
          comment="composant"
          left="XPATH#//entities/entity/components/name"
          operator="="
          right="Iroise"/>
  </testcase>
<testcase id="fre.se.location.comp.29" type="bloquant">
    <call-parameters>
      <param key="text" value="Je prends régulièrement l' autoroute A6 ?"/>
      <param key="language" value="fre"/>
      <list key="pipelines">
        <item value="limaserver"/>
      </list>
    </call-parameters>
    <expl></expl>
    <test id="fre.se.location.comp.29.1" trace=".se.xml"
          comment="Exemple dans guide d'annotation Quaero"
          left="XPATH#//entities/entity[pos=28][len=12]/type"
          operator="="
          right="Location.ODO"/>
    <test id="fre.se.location.comp.29.2" trace=".se.xml"
          comment="composant"
          left="XPATH#//entities/entity/components/kind"
          operator="="
          right="autoroute"/>
    <test id="fre.se.location.comp.29.3" trace=".se.xml"
          comment="composant"
          left="XPATH#//entities/entity/components/name"
          operator="="
          right="A6"/>
  </testcase>
<testcase id="fre.se.location.comp.30" type="bloquant">
    <call-parameters>
      <param key="text" value="Passe par le triangle de Rocquencourt"/>
      <param key="language" value="fre"/>
      <list key="pipelines">
        <item value="limaserver"/>
      </list>
    </call-parameters>
    <expl></expl>
    <test id="fre.se.location.comp.30.1" trace=".se.xml"
          comment="Exemple dans guide d'annotation Quaero"
          left="XPATH#//entities/entity[pos=14][len=24]/type"
          operator="="
          right="Location.ODO"/>
    <test id="fre.se.location.comp.30.2" trace=".se.xml"
          comment="composant"
          left="XPATH#//entities/entity/components/kind"
          operator="="
          right="triangle"/>
    <test id="fre.se.location.comp.30.3" trace=".se.xml"
          comment="composant"
          left="XPATH#//entities/entity/components/name"
          operator="="
          right="Rocquencourt"/>
  </testcase>
<testcase id="fre.se.location.comp.31" type="bloquant">
    <call-parameters>
      <param key="text" value="Passons devant l'Elysée"/>
      <param key="language" value="fre"/>
      <list key="pipelines">
        <item value="limaserver"/>
      </list>
    </call-parameters>
    <expl></expl>
    <test id="fre.se.location.comp.31.1" trace=".se.xml"
          comment="Exemple dans guide d'annotation Quaero"
          left="XPATH#//entities/entity[pos=18][len=6]/type"
          operator="="
          right="Location.ODO"/>
    <test id="fre.se.location.comp.31.2" trace=".se.xml"
          comment="composant"
          left="XPATH#//entities/entity/components/name"
          operator="="
          right="Elysée"/>
  </testcase>
<testcase id="fre.se.location.comp.32" type="bloquant">
    <call-parameters>
      <param key="text" value="J'habite 15 rue de Vaugirad escalier 2"/>
      <param key="language" value="fre"/>
      <list key="pipelines">
        <item value="limaserver"/>
      </list>
    </call-parameters>
    <expl></expl>
    <test id="fre.se.location.comp.32.1" trace=".se.xml"
          comment="Exemple dans guide d'annotation Quaero"
          left="XPATH#//entities/entity[pos=10][len=29]/type"
          operator="="
          right="Location.ADDRESS"/>
    <test id="fre.se.location.comp.32.2" trace=".se.xml"
          comment="composant"
          left="XPATH#//entities/entity/components/address-number"
          operator="="
          right="15"/>
    <test id="fre.se.location.comp.32.3" trace=".se.xml"
          comment="composant"
          left="XPATH#//entities/entity/components/other-address-component[@pos=29]"
          operator="="
          right="escalier 2"/>
  </testcase>
<testcase id="fre.se.location.comp.32-b" type="bloquant">
    <call-parameters>
      <param key="text" value="J'habite 15 rue de Vaugirad escalier 2 batiment A"/>
      <param key="language" value="fre"/>
      <list key="pipelines">
        <item value="limaserver"/>
      </list>
    </call-parameters>
    <expl></expl>
    <test id="fre.se.location.comp.32-b.1" trace=".se.xml"
          comment="Exemple dans guide d'annotation Quaero"
          left="XPATH#//entities/entity[pos=10][len=40]/type"
          operator="="
          right="Location.ADDRESS"/>
    <test id="fre.se.location.comp.32-b.2" trace=".se.xml"
          comment="composant"
          left="XPATH#//entities/entity/components/address-number"
          operator="="
          right="15"/>
    <test id="fre.se.location.comp.32-b.3" trace=".se.xml"
          comment="composant"
          left="XPATH#//entities/entity/components/other-address-component[@pos=29]"
          operator="="
          right="escalier 2"/>
    <test id="fre.se.location.comp.32-b.3" trace=".se.xml"
          comment="composant"
          left="XPATH#//entities/entity/components/other-address-component[@pos=40]"
          operator="="
          right="batiment A"/>
  </testcase>
<!--testcase id="fre.se.location.comp.33" type="bloquant">
    <call-parameters>
      <param key="text" value="Mon téléphone est 01 69 85 80 02."/>
      <param key="language" value="fre"/>
      <list key="pipelines">
        <item value="limaserver"/>
      </list>
    </call-parameters>
    <expl></expl>
    <test id="fre.se.location.comp.33.1" trace=".se.xml"
          comment="Exemple dans guide d'annotation Quaero"
          left="XPATH#//entities/entity[pos=12][len=9]/type"
          operator="="
          right="Location.LOCATION"/>
    <test id="fre.se.location.comp.33.2" trace=".se.xml"
          comment="composant"
          left="XPATH#//entities/entity/components/name"
          operator="="
          right="01 69 85 80 02"/>
  </testcase-->
<testcase id="fre.se.location.comp.34" type="bloquant">
    <call-parameters>
      <param key="text" value="Radio Bleue sur 98.8 MHz."/>
      <param key="language" value="fre"/>
      <list key="pipelines">
        <item value="limaserver"/>
      </list>
    </call-parameters>
    <expl></expl>
    <test id="fre.se.location.comp.34.1" trace=".se.xml"
          comment="Exemple dans guide d'annotation Quaero"
          left="XPATH#//entities/entity[pos=17][len=8]/type"
          operator="="
          right="Location.COORDINATE"/>
    <test id="fre.se.location.comp.34.2" trace=".se.xml"
          comment="composant"
          left="XPATH#//entities/entity/components/name"
          operator="="
          right="98.8 MHz"/>
</testcase>
<testcase id="fre.se.location.comp.35" type="bloquant">
    <call-parameters>
      <param key="text" value="suivez-moi sur Twitter à @leguidedannotation."/>
      <param key="language" value="fre"/>
      <list key="pipelines">
        <item value="limaserver"/>
      </list>
    </call-parameters>
    <expl></expl>
    <test id="fre.se.location.comp.35.1" trace=".se.xml"
          comment="Exemple dans guide d'annotation Quaero"
          left="XPATH#//entities/entity[pos=26][len=19]/type"
          operator="="
          right="Location.COORDINATE"/>
    <test id="fre.se.location.comp.35.2" trace=".se.xml"
          comment="composant - tod : il faudrait coller @ et guidedannotation"
          left="XPATH#//entities/entity/components/name"
          operator="="
          right="@ leguidedannotation"/>
  </testcase>
<!--testcase id="fre.se.location.comp.36" type="bloquant">
    <call-parameters>
      <param key="text" value="mon identifiant skype est jean.dupont."/>
      <param key="language" value="fre"/>
      <list key="pipelines">
        <item value="limaserver"/>
      </list>
    </call-parameters>
    <expl></expl>
    <test id="fre.se.location.comp.36.1" trace=".se.xml"
          comment="Exemple dans guide d'annotation Quaero"
          left="XPATH#//entities/entity[pos=12][len=9]/type"
          operator="="
          right="Location.LOCATION"/>
    <test id="fre.se.location.comp.36.2" trace=".se.xml"
          comment="composant"
          left="XPATH#//entities/entity/components/name"
          operator="="
          right="jean.dupon"/>
  </testcase!-->
    <testcase id="fre.se.location.comp.37" type="bloquant">
    <call-parameters>
      <param key="text" value="voir aussi http://www.globalpost.com"/>
      <param key="language" value="fre"/>
      <list key="pipelines">
        <item value="limaserver"/>
      </list>
    </call-parameters>
    <expl></expl>
    <test id="fre.se.location.comp.37.1" trace=".se.xml"
          comment="type d'entité = location.URL"
          left="XPATH#//entities/entity[pos=12][len=25]/type"
          operator="="
          right="Location.URL"/>
    <test id="fre.se.location.comp.37.2" trace=".se.xml"
          comment="composant"
          left="XPATH#//entities/entity[pos=12][len=25]/string"
          operator="="
          right="http://www.globalpost.com"/>
  </testcase>
  <testcase id="fre.se.location.comp.38" type="pertinent">
    <call-parameters>
      <param key="text" value="voir aussi http://www.globalpost.com/article/6637525/2015/08/27/hungary-border-fence-problems article"/>
      <param key="language" value="fre"/>
      <list key="pipelines">
        <item value="limaserver"/>
      </list>
    </call-parameters>
    <expl></expl>
    <test id="fre.se.location.comp.38.1" trace=".se.xml"
          comment="type d'entité = location.URL"
          left="XPATH#//entities/entity[pos=12][len=82]/type"
          operator="="
          right="Location.URL"/>
    <test id="fre.se.location.comp.38.2" trace=".se.xml"
          comment="composant"
          left="XPATH#//entities/entity[pos=12][len=82]/string"
          operator="="
          right="http://www.globalpost.com/article/6637525/2015/08/27/hungary-border-fence-problems"/>
  </testcase>
</testcases>
