<?xml version='1.0' encoding='UTF-8'?>
<?xml-stylesheet type="text/xsl" href="tva_simple.xsl"?>

<!--
SPDX-FileCopyrightText: 2022 CEA LIST <gael.de-chalendar@cea.fr>

SPDX-License-Identifier: MIT
-->

<testcases>
<testcase id="eng.idiom.1" type="bloquant">
  <call-parameters>
      <param key="text" value="He left as soon as she arrived."/>
      <param key="language" value="eng"/>
      <list key="pipelines">
        <item value="indexer"/>
      </list>
    </call-parameters>
  <expl>expression idiomatique "as soon as"</expl>
  <test id="eng.idiom.1.1" trace=".tokenizer.xml"
    comment="le déclencheur soon est un token"
    left="XPATH#//data_structure/vertex/token[position=12][length=4]"
    operator="exists"
    right=""/>
  <test id="eng.idiom.1.2" trace=".idiom.xml"
    comment=" 'as soon as' est reconnu comme expression idiomatique"
    left="XPATH#//data_structure/vertex/token[position=9][length=10]"
    operator="exists"
    right=""/>
  <test id="eng.idiom.1.3" trace=".idiom.xml"
    comment=" 'as soon as' a le bon lemme et la bonne categorie"
    left="XPATH#//data_structure/vertex[token[position=9][length=10]]/data/idiomatic_expression/form[@lemma='as soon as']/property/p[@prop='MICRO'][@val='SCONJ']"
    operator="exists"
    right=""/>
  <test id="eng.idiom.1.4" trace=".idiom.xml"
    comment=" le premier 'as' n'existe plus"
    left="XPATH#//data_structure/vertex/token[position=9][length=2]"
    operator="notexists"
    right=""/>
  <test id="eng.idiom.1.5" trace=".idiom.xml"
    comment=" 'soon' n'existe plus"
    left="XPATH#//data_structure/vertex/token[position=12][length=4]"
    operator="notexists"
    right=""/>
  <test id="eng.idiom.1.6" trace=".idiom.xml"
    comment="le second 'as' n'existe plus"
    left="XPATH#//data_structure/vertex/token[position=17][length=2]"
    operator="notexists"
    right=""/>
</testcase>
<testcase id="eng.idiom.2" type="bloquant">
  <call-parameters>
      <param key="text" value="He wonder whether or not he's dreaming."/>
      <param key="language" value="eng"/>
      <list key="pipelines">
        <item value="indexer"/>
      </list>
    </call-parameters>
  <expl>expression idiomatique "whether or not"</expl>
  <test id="eng.idiom.2.1" trace=".tokenizer.xml"
    comment="le déclencheur whether est un token"
    left="XPATH#//data_structure/vertex/token[position=11][length=7]"
    operator="exists"
    right=""/>
  <test id="eng.idiom.2.2" trace=".idiom.xml"
    comment=" 'whether or not' est reconnu comme expression idiomatique"
    left="XPATH#//data_structure/vertex/token[position=11][length=14]"
    operator="exists"
    right=""/>
  <test id="eng.idiom.2.3" trace=".idiom.xml"
    comment=" 'wheter or not' a le bon lemme et la bonne categorie"
    left="XPATH#//data_structure/vertex[token[position=11][length=14]]/data/idiomatic_expression/form[@lemma='whether or not']/property/p[@prop='MICRO'][@val='SCONJ']"
    operator="exists"
    right=""/>
  <!--test id="eng.idiom.2.4" trace=".idiom.xml"
    comment=" 'whether' n'existe plus"
    left="XPATH#//data_structure/vertex/token[position=11][length=7]"
    operator="notexists"
    right=""/>
  <test id="eng.idiom.2.5" trace=".idiom.xml"
    comment=" 'or' n'existe plus"
    left="XPATH#//data_structure/vertex/token[position=19][length=2]"
    operator="notexists"
    right=""/>
  <test id="eng.idiom.2.6" trace=".idiom.xml"
    comment="'not' n'existe plus"
    left="XPATH#//data_structure/vertex/token[position=21][length=3]"
    operator="notexists"
    right=""/-->
</testcase>
<testcase id="eng.idiom.3" type="bloquant">
  <call-parameters>
      <param key="text" value="The child ask for money."/>
      <param key="language" value="eng"/>
      <list key="pipelines">
        <item value="indexer"/>
      </list>
    </call-parameters>
  <expl>expression idiomatique déclenchée sur lemme</expl>
  <test id="eng.idiom.3.1" trace=".simpleword.xml"
    comment="le déclencheur ask est un verbe"
    left="XPATH#//data_structure/vertex[token[position=11][length=3]]/data//property/p[@prop='MACRO'][@val='V']"
    operator="exists"
    right=""/>
  <test id="eng.idiom.3.2" trace=".idiom.xml"
    comment=" 'ask for' est reconnu comme expression idiomatique"
    left="XPATH#//data_structure/vertex/token[position=11][length=7]"
    operator="exists"
    right=""/>
  <test id="eng.idiom.3.3" trace=".idiom.xml"
    comment=" 'ask for' a le bon lemme et la bonne categorie"
    left="XPATH#//data_structure/vertex[token[position=11][length=7]]/data/idiomatic_expression/form[@lemma='ask for']/property/p[@prop='MACRO'][@val='V']"
    operator="exists"
    right=""/>
</testcase>
<testcase id="eng.idiom.4" type="bloquant">
  <call-parameters>
      <param key="text" value="The child asked for money."/>
      <param key="language" value="eng"/>
      <list key="pipelines">
        <item value="indexer"/>
      </list>
    </call-parameters>
  <expl>expression idiomatique déclenchée sur lemme</expl>
  <test id="eng.idiom.4.1" trace=".simpleword.xml"
    comment="le déclencheur ask est un verbe"
    left="XPATH#//data_structure/vertex[token[position=11][length=5]]/data//property/p[@prop='MACRO'][@val='V']"
    operator="exists"
    right=""/>
  <test id="eng.idiom.4.2" trace=".idiom.xml"
    comment=" 'ask for' est reconnu comme expression idiomatique"
    left="XPATH#//data_structure/vertex/token[position=11][length=9]"
    operator="exists"
    right=""/>
  <test id="eng.idiom.4.3" trace=".idiom.xml"
    comment=" 'ask for' a le bon lemme et la bonne categorie"
    left="XPATH#//data_structure/vertex[token[position=11][length=9]]/data/idiomatic_expression/form[@lemma='ask for']/property/p[@prop='MACRO'][@val='V']"
    operator="exists"
    right=""/>
</testcase>
<testcase id="eng.idiom.5" type="bloquant">
  <call-parameters>
      <param key="text" value="The child is asking for money."/>
      <param key="language" value="eng"/>
      <list key="pipelines">
        <item value="indexer"/>
      </list>
    </call-parameters>
  <expl>expression idiomatique déclenchée sur lemme</expl>
  <test id="eng.idiom.5.1" trace=".simpleword.xml"
    comment="le déclencheur ask est un verbe"
    left="XPATH#//data_structure/vertex[token[position=14][length=6]]/data//property/p[@prop='MACRO'][@val='V']"
    operator="exists"
    right=""/>
  <test id="eng.idiom.5.2" trace=".idiom.xml"
    comment=" 'ask for' est reconnu comme expression idiomatique"
    left="XPATH#//data_structure/vertex/token[position=14][length=10]"
    operator="exists"
    right=""/>
  <test id="eng.idiom.5.3" trace=".idiom.xml"
    comment=" 'ask for' a le bon lemme et la bonne categorie"
    left="XPATH#//data_structure/vertex[token[position=14][length=10]]/data/idiomatic_expression/form[@lemma='ask for']/property/p[@prop='MACRO'][@val='V']"
    operator="exists"
    right=""/>
</testcase>
<testcase id="eng.idiom.6" type="bloquant">
  <call-parameters>
      <param key="text" value="As soon as she arrived, he left."/>
      <param key="language" value="eng"/>
      <list key="pipelines">
        <item value="indexer"/>
      </list>
    </call-parameters>
  <expl>expression idiomatique "as soon as" alors que As a une majuscule</expl>
  <test id="eng.idiom.6.1" trace=".tokenizer.xml"
    comment="le déclencheur soon est un token"
    left="XPATH#//data_structure/vertex/token[position=4][length=4]"
    operator="exists"
    right=""/>
  <test id="eng.idiom.6.2" trace=".idiom.xml"
    comment=" 'as soon as' est reconnu comme expression idiomatique"
    left="XPATH#//data_structure/vertex/token[position=1][length=10]"
    operator="exists"
    right=""/>
  <test id="eng.idiom.6.3" trace=".idiom.xml"
    comment=" 'as soon as' a le bon lemme et la bonne categorie"
    left="XPATH#//data_structure/vertex[token[position=1][length=10]]/data/idiomatic_expression/form[@lemma='as soon as']/property/p[@prop='MICRO'][@val='SCONJ']"
    operator="exists"
    right=""/>
  <test id="eng.idiom.6.4" trace=".idiom.xml"
    comment=" le premier 'as' n'existe plus"
    left="XPATH#//data_structure/vertex/token[position=1][length=2]"
    operator="notexists"
    right=""/>
  <test id="eng.idiom.6.5" trace=".idiom.xml"
    comment=" 'soon' n'existe plus"
    left="XPATH#//data_structure/vertex/token[position=4][length=4]"
    operator="notexists"
    right=""/>
  <test id="eng.idiom.6.6" trace=".idiom.xml"
    comment="le second 'as' n'existe plus"
    left="XPATH#//data_structure/vertex/token[position=9][length=2]"
    operator="notexists"
    right=""/>
</testcase>
<testcase id="eng.idiom.7" type="bloquant">
  <call-parameters>
      <param key="text" value="Whether or not he comes, we'll go."/>
      <param key="language" value="eng"/>
      <list key="pipelines">
        <item value="indexer"/>
      </list>
    </call-parameters>
  <expl>expression idiomatique "whether or not" déclenchée sur Whether</expl>
  <test id="eng.idiom.7.1" trace=".tokenizer.xml"
    comment="le déclencheur whether est un token"
    left="XPATH#//data_structure/vertex/token[position=1][length=7]"
    operator="exists"
    right=""/>
  <test id="eng.idiom.7.2" trace=".idiom.xml"
    comment=" 'whether or not' est reconnu comme expression idiomatique"
    left="XPATH#//data_structure/vertex/token[position=1][length=14]"
    operator="exists"
    right=""/>
  <test id="eng.idiom.7.3" trace=".idiom.xml"
    comment=" 'wheter or not' a le bon lemme et la bonne categorie"
    left="XPATH#//data_structure/vertex[token[position=1][length=14]]/data/idiomatic_expression/form[@lemma='whether or not']/property/p[@prop='MICRO'][@val='SCONJ']"
    operator="exists"
    right=""/>
  <!--test id="eng.idiom.7.4" trace=".idiom.xml"
    comment=" 'whether' n'existe plus"
    left="XPATH#//data_structure/vertex/token[position=1][length=7]"
    operator="notexists"
    right=""/>
  <test id="eng.idiom.7.5" trace=".idiom.xml"
    comment=" 'or' n'existe plus"
    left="XPATH#//data_structure/vertex/token[position=9][length=2]"
    operator="notexists"
    right=""/>
  <test id="eng.idiom.7.6" trace=".idiom.xml"
    comment="'not' n'existe plus"
    left="XPATH#//data_structure/vertex/token[position=12][length=3]"
    operator="notexists"
    right=""/-->
</testcase>
<testcase id="eng.idiom.8" type="bloquant">
  <call-parameters>
      <param key="text" value="He switched the light on."/>
      <param key="language" value="eng"/>
      <list key="pipelines">
        <item value="indexer"/>
      </list>
    </call-parameters>
  <expl>expression idiomatique non contigue déclenchée sur lemme</expl>
  <test id="eng.idiom.8.1" trace=".idiom.xml"
    comment=" 'switch on' est reconnu comme expression idiomatique"
    left="XPATH#//data_structure/vertex/token[position=4][length=21]"
    operator="exists"
    right=""/>
  <test id="eng.idiom.8.3" trace=".idiom.xml"
    comment=" 'switch on' a le bon lemme et la bonne categorie"
    left="XPATH#//data_structure/vertex[token[position=4][length=21]]/data/idiomatic_expression/form[@lemma='switch on']/property/p[@prop='MACRO'][@val='V']"
    operator="exists"
    right=""/>
</testcase>
</testcases>
