<?xml version='1.0' encoding='UTF-8'?>

<!--
SPDX-FileCopyrightText: 2022 CEA LIST <gael.de-chalendar@cea.fr>

SPDX-License-Identifier: MIT
-->

<testcases>
  <!--==================== tests PERSON ====================-->
  <!-- check that Barack is in the list of firstname -->
  <!-- check generic rules triggered by firstname -->
  <!-- check that initial between firstname  and lastname is interpreted as 2nd firstname -->
  <testcase id="eng.se.pers.comp.1" type="bloquant">
    <call-parameters>
      <param key="text" value="Barack H Obama"/>
      <param key="language" value="eng"/>
      <list key="pipelines">
        <item value="limaserver"/>
      </list>
    </call-parameters>
    <test id="eng.se.pers.comp.1.1" trace=".se.xml"
          comment="personne connue"
          left="XPATH#//entities/entity[pos=1]/type"
          operator="="
          right="Person.PERSON"/>
    <test id="eng.se.pers.comp.1.2" trace=".se.xml"
          comment="personne connue"
          left="XPATH#//entities/entity[pos=1]/components/firstname[@pos=1]"
          operator="="
          right="Barack"/>
    <test id="eng.se.pers.comp.1.3" trace=".se.xml"
          comment="personne connue"
          left="XPATH#//entities/entity[pos=1]/components/firstname[@pos=8]"
          operator="="
          right="H"/>
    <test id="eng.se.pers.comp.1.4" trace=".se.xml"
          comment="personne connue"
          left="XPATH#//entities/entity[pos=1]/components/lastname"
          operator="="
          right="Obama"/>
  </testcase>
  <!-- idem with abbrev between firstname  and lastname is interpreted as 2nd firstname -->
  <testcase id="eng.se.pers.comp.2" type="bloquant">
    <call-parameters>
      <param key="text" value="Barack H. Obama"/>
      <param key="language" value="eng"/>
      <list key="pipelines">
        <item value="limaserver"/>
      </list>
    </call-parameters>
    <test id="eng.se.pers.comp.2.1" trace=".se.xml"
          comment="personne connue"
          left="XPATH#//entities/entity[pos=1]/type"
          operator="="
          right="Person.PERSON"/>
    <test id="eng.se.pers.comp.2.2" trace=".se.xml"
          comment="personne connue"
          left="XPATH#//entities/entity[pos=1]/components/firstname[@pos=1]"
          operator="="
          right="Barack"/>
    <test id="eng.se.pers.comp.2.3" trace=".se.xml"
          comment="personne connue"
          left="XPATH#//entities/entity[pos=1]/components/firstname[@pos=8]"
          operator="="
          right="H."/>
    <test id="eng.se.pers.comp.2.4" trace=".se.xml"
          comment="personne connue"
          left="XPATH#//entities/entity[pos=1]/components/lastname"
          operator="="
          right="Obama"/>
  </testcase>
  <!-- check generic rules triggered by firstname -->
  <!-- check Title is recognized  -->
  <testcase id="eng.se.pers.comp.3" type="bloquant">
    <call-parameters>
      <param key="text" value="president George Bush"/>
      <param key="language" value="eng"/>
      <list key="pipelines">
        <item value="limaserver"/>
      </list>
    </call-parameters>
    <test id="eng.se.pers.comp.3.1" trace=".se.xml"
          comment="type"
          left="XPATH#//entities/entity[pos=11]/type"
          operator="="
          right="Person.PERSON"/>
    <test id="eng.se.pers.comp.3.2" trace=".se.xml"
          comment="value"
          left="XPATH#//entities/entity[pos=11]/string"
          operator="="
          right="George Bush"/>
    <test id="eng.se.pers.comp.3.3" trace=".se.xml"
          comment="title component"
          left="XPATH#//entities/entity[pos=11]/components/title"
          operator="="
          right="president"/>
    <test id="eng.se.pers.comp.3.4" trace=".se.xml"
          comment="firstname component"
          left="XPATH#//entities/entity[pos=11]/components/firstname"
          operator="="
          right="George"/>
    <test id="eng.se.pers.comp.3.5" trace=".se.xml"
          comment="personne connue"
          left="XPATH#//entities/entity[pos=11]/components/lastname"
          operator="="
          right="Bush"/>
  </testcase>
  <!-- check generic rules triggered by PersonamePart -->
  <testcase id="eng.se.pers.comp.4" type="bloquant">
    <call-parameters>
      <param key="text" value="president Bush"/>
      <param key="language" value="eng"/>
      <list key="pipelines">
        <item value="limaserver"/>
      </list>
    </call-parameters>
    <test id="eng.se.pers.comp.4.1" trace=".se.xml"
          comment="personne connue"
          left="XPATH#//entities/entity[pos=11][len=4]/type"
          operator="="
          right="Person.PERSON"/>
    <test id="eng.se.pers.comp.4.2" trace=".se.xml"
          comment=""
          left="XPATH#//entities/entity[pos=11]/components/title"
          operator="="
          right="president"/>
    <test id="eng.se.pers.comp.4.3" trace=".se.xml"
          comment=""
          left="XPATH#//entities/entity[pos=11]/components/lastname"
          operator="="
          right="Bush"/>
  </testcase>
  <!-- check generic rules triggered by PersonamePart -->
  <testcase id="eng.se.pers.comp.5" type="bloquant">
    <call-parameters>
      <param key="text" value="president Bush"/>
      <param key="language" value="eng"/>
      <list key="pipelines">
        <item value="limaserver"/>
      </list>
    </call-parameters>
    <test id="eng.se.pers.comp.5.1" trace=".se.xml"
          comment="personne connue"
          left="XPATH#//entities/entity[pos=11][len=4]/type"
          operator="="
          right="Person.PERSON"/>
    <test id="eng.se.pers.comp.5.2" trace=".se.xml"
          comment=""
          left="XPATH#//entities/entity[pos=11]/components/title"
          operator="="
          right="president"/>
    <test id="eng.se.pers.comp.5.3" trace=".se.xml"
          comment=""
          left="XPATH#//entities/entity[pos=11]/components/lastname"
          operator="="
          right="Bush"/>
  </testcase>
  <testcase id="eng.se.pers.comp.6" type="bloquant">
    <call-parameters>
      <param key="text" value="beat Abdul Samad Ismail (Malaysia)"/>
      <param key="language" value="eng"/>
      <list key="pipelines">
        <item value="limaserver"/>
      </list>
    </call-parameters>
    <test id="eng.se.pers.comp.6.1" trace=".se.xml"
          comment="entity type"
          left="XPATH#//entities/entity[pos=6]/type"
          operator="="
          right="Person.PERSON"/>
    <test id="eng.se.pers.comp.6.2" trace=".se.xml"
          comment="first name"
          left="XPATH#//entities/entity[pos=6]/components/firstname[@pos=6]"
          operator="="
          right="Abdul"/>
    <test id="eng.se.pers.comp.6.3" trace=".se.xml"
          comment="last name"
          left="XPATH#//entities/entity[pos=6]/components/lastname[@pos=12]"
          operator="="
          right="Samad Ismail"/>
  </testcase>
  <!--testcase id="eng.se.pers.2" type="bloquant">
    <call-parameters>
      <param key="text" value="James Dulley is a residential energy conservation expert."/>
      <param key="language" value="eng"/>
      <list key="pipelines">
        <item value="limaserver"/>
      </list>
    </call-parameters>
    <test id="eng.se.pers.2.1" trace=".se.xml"
          comment="personne inconnue"
          left="XPATH#//entities/entity[pos=1][len=12]/type"
          operator="="
          right="Person.PERSON"/>
  </testcase-->
  <!--testcase id="eng.se.pers.3" type="bloquant">
    <call-parameters>
      <param key="text" value="But that means students must carry heavy packs all day, said Assemblyman Dario Frommer."/>
      <param key="language" value="eng"/>
      <list key="pipelines">
        <item value="limaserver"/>
      </list>
    </call-parameters>
    <test id="eng.se.pers.3.1" trace=".se.xml"
          comment="personne inconnue"
          left="XPATH#//entities/entity[pos=74][len=13]/type"
          operator="="
          right="Person.PERSON"/>
  </testcase-->
  <!--testcase id="eng.se.pers.4" type="bloquant">
    <call-parameters>
      <param key="text" value="Cally Weise, an eighth-grader at Westborough Middle School in South San Francisco, said she almost fell down stairs at her school because her backpack weighs so much."/>
      <param key="language" value="eng"/>
      <list key="pipelines">
        <item value="limaserver"/>
      </list>
    </call-parameters>
    <test id="eng.se.pers.4.1" trace=".se.xml"
          comment="personne inconnue"
          left="XPATH#//entities/entity[pos=1][len=11]/type"
          operator="="
          right="Person.PERSON"/>
  </testcase-->
  <!--testcase id="eng.se.pers.5" type="bloquant">
    <call-parameters>
      <param key="text" value="Last year, Gov. Gray Davis vetoed a bill."/>
      <param key="language" value="eng"/>
      <list key="pipelines">
        <item value="limaserver"/>
      </list>
    </call-parameters>
    <test id="eng.se.pers.5.1" trace=".se.xml"
          comment="personne inconnue avec annonceur Gov."
          left="XPATH#//entities/entity[pos=17][len=10]/type"
          operator="="
          right="Person.PERSON"/>
  </testcase-->
  <!--testcase id="eng.se.pers.6" type="bloquant">
    <call-parameters>
      <param key="text" value="``Does the state have to start regulating ?'' Russ Lopez said."/>
      <param key="language" value="eng"/>
      <list key="pipelines">
        <item value="limaserver"/>
      </list>
    </call-parameters>
    <test id="eng.se.pers.6.1" trace=".se.xml"
          comment="personne inconnue avec citation."
          left="XPATH#//entities/entity[pos=47][len=10]/type"
          operator="="
          right="Person.PERSON"/>
  </testcase-->
  <!-- 20120716, GC : change length from 11 to 10 as such an apostrophe cannot be
  seen as a posessive (see testcase eng.tok.35)-->
  <!--testcase id="eng.se.pers.7" type="bloquant">
    <call-parameters>
      <param key="text" value="The two little boys in Yaffa Ganz' story prove that."/>
      <param key="language" value="eng"/>
      <list key="pipelines">
        <item value="limaserver"/>
      </list>
    </call-parameters>
    <test id="eng.se.pers.7.1" trace=".se.xml"
          comment="personne inconnue avec possessif."
          left="XPATH#//entities/entity[pos=24][len=10]/type"
          operator="="
          right="Person.PERSON"/>
  </testcase-->
  <!--testcase id="eng.se.pers.8" type="bloquant">
    <call-parameters>
      <param key="text" value="Lou Alice Philbeck died April 17 of a heart-lung ailment."/>
      <param key="language" value="eng"/>
      <list key="pipelines">
        <item value="limaserver"/>
      </list>
    </call-parameters>
    <test id="eng.se.pers.8.1" trace=".se.xml"
          comment="personne inconnue."
          left="XPATH#//entities/entity[pos=1][len=18]/type"
          operator="="
          right="Person.PERSON"/>
  </testcase-->
  <!--testcase id="eng.se.pers.9" type="pertinent">
    <call-parameters>
      <param key="text" value="Dr. Chris J. McCarthy, research physiotherapist at Manchester University is the lead author of the report."/>
      <param key="language" value="eng"/>
      <list key="pipelines">
        <item value="limaserver"/>
      </list>
    </call-parameters>
    <test id="eng.se.pers.9.1" trace=".se.xml"
          comment="personne inconnue avec annonceur Dr."
          left="XPATH#//entities/entity[pos=5][len=17]/type"
          operator="="
          right="Person.PERSON"/>
  </testcase-->
</testcases>
