<?xml version='1.0' encoding='UTF-8'?>
<?xml-stylesheet type="text/xsl" href="tva_simple.xsl"?>

<!--
SPDX-FileCopyrightText: 2022 CEA LIST <gael.de-chalendar@cea.fr>

SPDX-License-Identifier: MIT
-->

<testcases>
<testcase id="fre.tok.1" type="bloquant">
  <call-parameters>
    <param key="text" value="Le marsupilami est un animal mythique. "/>
    <param key="language" value="fre"/>
    <list key="pipelines">
      <item value="indexer"/>
    </list>
  </call-parameters>
  <expl>un mot inconnu marsupilami de type mot minuscule</expl>
  <test id="fre.tok.1.1" trace=".tokenizer.xml"
    comment="Après Tokenizer, vérifier que marsupilami est qualifié en t_small"
    left="XPATH#//data_structure/vertex/token[position=4]/t_status/t_default"
    operator="="
    right="t_small"/>
</testcase>
<testcase id="fre.tok.2" type="bloquant">
  <call-parameters>
    <param key="text" value="Les 200 morts de l'accident d'avion ont été identifiés. "/>
    <param key="language" value="fre"/>
    <list key="pipelines">
      <item value="indexer"/>
    </list>
  </call-parameters>
  <expl>mot inconnu de type nombre entier</expl>
  <test id="fre.tok.2.1" trace=".tokenizer.xml"
    comment="Après le Tokenizer, le token 200 est qualifié en t_integer.t_numeric"
    left="XPATH#//data_structure/vertex/token[position=5]/t_status/t_default"
    operator="="
    right="t_integer" />
</testcase>
<testcase id="fre.tok.3" type="bloquant">
  <call-parameters>
    <param key="text" value="La Bourse a baissé de 1,5 points. "/>
    <param key="language" value="fre"/>
    <list key="pipelines">
      <item value="indexer"/>
    </list>
  </call-parameters>
  <expl>mot inconnu de type réel</expl>
  <test id="fre.tok.3.1" trace=".tokenizer.xml"
    comment="Apres tokenizer, vérifier que 1,5 est qualifié en t_number"
    left="XPATH#//data_structure/vertex/token[position=23]/t_status/t_default"
    operator="="
    right="t_comma_number"/>
</testcase>
<testcase id="fre.tok.4" type="bloquant">
  <call-parameters>
    <param key="text" value="La société Systex a fait faillite cette année. "/>
    <param key="language" value="fre"/>
    <list key="pipelines">
      <item value="indexer"/>
    </list>
  </call-parameters>
  <expl>mot inconnu de type première lettre majuscule, reste minuscule</expl>
  <test id="fre.tok.4.1" trace=".tokenizer.xml"
    comment="Après tokenizer, le token Systex doit être de type t_capital_1st"
    left="XPATH#//data_structure/vertex/token[position=12]/t_status/t_default"
    operator="="
    right="t_capital_1st"/>
</testcase>
<testcase id="fre.tok.5" type="bloquant">
  <call-parameters>
    <param key="text" value="Les NMPP distribuent les journaux. "/>
    <param key="language" value="fre"/>
    <list key="pipelines">
      <item value="indexer"/>
    </list>
  </call-parameters>
  <expl>mot inconnu de type tout en majuscule</expl>
  <test id="fre.tok.5.1" trace=".tokenizer.xml"
    comment="Après tokenizer, le token NMPP doit être de type t_capital"
    left="XPATH#//data_structure/vertex/token[position=5]/t_status/t_default"
    operator="="
    right="t_capital"/>
</testcase>
<testcase id="fre.tok.6" type="bloquant">
  <call-parameters>
    <param key="text" value="Les N.M.P.P. distribuent les journaux. "/>
    <param key="language" value="fre"/>
    <list key="pipelines">
      <item value="indexer"/>
    </list>
  </call-parameters>
  <expl>mot inconnu de type sigle</expl>
  <test id="fre.tok.6.1" trace=".tokenizer.xml"
    comment="Après tokenizer, le token N.M.P.P. doit être de type t_acronym"
    left="XPATH#//data_structure/vertex/token[position=5][length=8]/t_status/t_default"
    operator="="
    right="t_acronym"/>
</testcase>
<testcase id="fre.tok.7" type="bloquant">
  <call-parameters>
    <param key="text" value="Le XVème arrondissement est un quartier sympathique. "/>
    <param key="language" value="fre"/>
    <list key="pipelines">
      <item value="indexer"/>
    </list>
  </call-parameters>
  <expl>nombre romain ordinal</expl>
  <test id="fre.tok.7.1" trace=".tokenizer.xml"
    comment="Après tokenizer, le token XVème doit être de type t_ordinal_roman"
    left="XPATH#//data_structure/vertex/token[position=4]/t_status/t_default"
    operator="="
    right="t_ordinal_roman"/>
</testcase>
<testcase id="fre.tok.8" type="bloquant">
  <call-parameters>
    <param key="text" value="Le chapitre III est très intéressant. "/>
    <param key="language" value="fre"/>
    <list key="pipelines">
      <item value="indexer"/>
    </list>
  </call-parameters>
  <expl>nombre romain cardinal</expl>
  <test id="fre.tok.8.1" trace=".tokenizer.xml"
    comment="Après tokenizer, le token III doit être de type t_cardinal_roman"
    left="XPATH#//data_structure/vertex/token[position=13]/t_status/t_default"
    operator="="
    right="t_cardinal_roman"/>
</testcase>
<testcase id="fre.tok.80" type="bloquant">
  <call-parameters>
    <param key="text" value="Monge"/>
    <param key="language" value="fre"/>
    <list key="pipelines">
      <item value="indexer"/>
    </list>
  </call-parameters>
  <expl>Monge n'est pas un ordinal romain!</expl>
  <test id="fre.tok.80.1" trace=".tokenizer.xml"
    comment="fixe de bug sur ordinal romain ou integer"
    left="XPATH#//data_structure/vertex/token[position=1]/t_status/t_default"
    operator="="
    right="t_capital_1st"/>
</testcase>
<testcase id="fre.tok.9" type="bloquant">
  <call-parameters>
    <param key="text" value="Le 1/3 des habitants est pauvre. "/>
    <param key="language" value="fre"/>
    <list key="pipelines">
      <item value="indexer"/>
    </list>
  </call-parameters>
  <expl>fraction</expl>
  <test id="fre.tok.9.1" trace=".tokenizer.xml"
    comment="Après tokenizer, le token 1/3 doit être de type t_fraction"
    left="XPATH#//data_structure/vertex/token[position=4]/t_status/t_default"
    operator="="
    right="t_fraction"/>
</testcase>
<testcase id="fre.tok.10" type="bloquant">
  <call-parameters>
    <param key="text" value="On ne trouve pas de traces de vie ni d'activité sur Mars. "/>
    <param key="language" value="fre"/>
    <list key="pipelines">
      <item value="indexer"/>
    </list>
  </call-parameters>
  <expl>traitement de l'apostrophe d'</expl>
  <test id="fre.tok.10.1" trace=".tokenizer.xml"
    comment="on doit trouver le token d'"
    left="XPATH#//data_structure/vertex/token[position=38][length=2]"
    operator="exists"
    right=""/>
  <test id="fre.tok.10.2" trace=".tokenizer.xml"
    comment="on doit trouver le token activité"
    left="XPATH#//data_structure/vertex/token[position=40][length=8]"
    operator="exists"
    right=""/>
</testcase>
<testcase id="fre.tok.11" type="pertinent">
  <call-parameters>
    <param key="text" value="On trouve de l'or, des diamants, ... "/>
    <param key="language" value="fre"/>
    <list key="pipelines">
      <item value="indexer"/>
    </list>
  </call-parameters>
  <expl>traitement du point de suspension</expl>
  <test id="fre.tok.11.1" trace=".tokenizer.xml"
    comment="on doit trouver un token ..."
    left="XPATH#//data_structure/vertex/token[position=34][length=3]"
    operator="exists"
    right=""/>
</testcase>
<testcase id="fre.tok.12" type="pertinent">
  <call-parameters>
    <param key="text" value="L'auteur de ce livre est C.Fluhr. "/>
    <param key="language" value="fre"/>
    <list key="pipelines">
      <item value="indexer"/>
    </list>
  </call-parameters>
  <expl>traitement de nom d'auteurs où l'initiale du prénom est collée au nom</expl>
  <test id="fre.tok.12.1" trace=".tokenizer.xml"
    comment="on doit trouver un token C."
    left="XPATH#//data_structure/vertex/token[position=26][length=2]"
    operator="exists"
    right=""/>
  <test id="fre.tok.12.2" trace=".tokenizer.xml"
    comment="on doit trouver un token Fluhr"
    left="XPATH#//data_structure/vertex/token[position=28][length=5]"
    operator="exists"
    right=""/>
</testcase>
<testcase id="fre.tok.13" type="bloquant">
  <call-parameters>
    <param key="text" value="L'auteur de ce livre est C. Fluhr."/>
    <param key="language" value="fre"/>
    <list key="pipelines">
      <item value="indexer"/>
    </list>
  </call-parameters>
  <expl>traitement de noms de personne avec prénom en initiale</expl>
  <test id="fre.tok.13.1" trace=".tokenizer.xml"
    comment="on doit trouver un token C."
    left="XPATH#//data_structure/vertex/token[position=26][length=2]"
    operator="exists"
    right=""/>
  <test id="fre.tok.13.2" trace=".tokenizer.xml"
    comment="on doit trouver un token Fluhr"
    left="XPATH#//data_structure/vertex/token[position=29][length=5]"
    operator="exists"
    right=""/>
</testcase>
<testcase id="fre.tok.14" type="bloquant">
  <call-parameters>
    <param key="text" value="Le match France-Angleterre a eu lieu. "/>
    <param key="language" value="fre"/>
    <list key="pipelines">
      <item value="indexer"/>
    </list>
  </call-parameters>
  <expl>tiret séparateur entre deux noms propres</expl>
  <test id="fre.tok.14.1" trace=".tokenizer.xml"
    comment="le tokenizer découpe en France-Angleterre"
    left="XPATH#//data_structure/vertex/token[position=10][length=17]"
    operator="exists"
    right=""/>
</testcase>
<testcase id="fre.tok.15" type="bloquant">
  <call-parameters>
    <param key="text" value="Robert D. Pierson"/>
    <param key="language" value="fre"/>
    <list key="pipelines">
      <item value="indexer"/>
    </list>
  </call-parameters>
  <expl>Initiale personne qui est aussi un chiffre romain</expl>
  <test id="fre.tok.15.1" trace=".tokenizer.xml"
    comment="le tokenizer doit donner un token D."
    left="XPATH#//data_structure/vertex/token[position=8][length=2]"
    operator="exists"
    right=""/>
  <test id="fre.tok.15.2" trace=".tokenizer.xml"
    comment="le token D. est de type t_abbrev"
    left="XPATH#//data_structure/vertex/token[position=8][length=2]/t_status/t_default"
    operator="="
    right="t_abbrev"/>
</testcase>
<testcase id="fre.tok.16" type="bloquant">
  <call-parameters>
    <param key="text" value="Robert A. Pierson"/>
    <param key="language" value="fre"/>
    <list key="pipelines">
      <item value="indexer"/>
    </list>
  </call-parameters>
  <expl>Initiale personne qui n'est pas un chiffre romain suivi d'un espace</expl>
  <test id="fre.tok.16.1" trace=".tokenizer.xml"
    comment="le tokenizer doit donner un token A."
    left="XPATH#//data_structure/vertex/token[position=8][length=2]"
    operator="exists"
    right=""/>
  <test id="fre.tok.16.2" trace=".tokenizer.xml"
    comment="le token A. est de type t_abbrev"
    left="XPATH#//data_structure/vertex/token[position=8][length=2]/t_status/t_default"
    operator="="
    right="t_abbrev"/>
</testcase>
<testcase id="fre.tok.17" type="pertinent">
  <call-parameters>
    <param key="text" value="Robert A.Pierson"/>
    <param key="language" value="fre"/>
    <list key="pipelines">
      <item value="indexer"/>
    </list>
  </call-parameters>
  <expl>Initiale personne qui n'est pas un chiffre romain</expl>
  <test id="fre.tok.17.1" trace=".tokenizer.xml"
    comment="le tokenizer doit donner un token A."
    left="XPATH#//data_structure/vertex/token[position=8][length=2]"
    operator="exists"
    right=""/>
  <test id="fre.tok.17.2" trace=".tokenizer.xml"
    comment="le token A. est de type t_capital_1st"
    left="XPATH#//data_structure/vertex/token[position=8][length=2]/t_status/t_default"
    operator="="
    right="t_capital_1st"/>
</testcase>
<testcase id="fre.tok.18" type="bloquant">
  <call-parameters>
    <param key="text" value="Margouillat : c'est un lézard présent en Nouvelle-Calédonie."/>
    <param key="language" value="fre"/>
    <list key="pipelines">
      <item value="indexer"/>
    </list>
  </call-parameters>
  <expl>Nouvelle-Calédonie : t_capital_small.</expl>
  <test id="fre.tok.18.1" trace=".tokenizer.xml"
    comment="Après Tokenizer Nouvelle-Calédonie : t_capital_small"
    left="XPATH#//data_structure/vertex/token[position=42][length=18]/t_status/t_default"
    operator="="
    right="t_capital_small"/>
</testcase>
<testcase id="fre.tok.19" type="pertinent">
  <call-parameters>
    <param key="text" value="L'écriture C.E.A même sans point en fin permet de déduire qu'il s'agit d'un acronyme. "/>
    <param key="language" value="fre"/>
    <list key="pipelines">
      <item value="indexer"/>
    </list>
  </call-parameters>
  <expl>acronyme : C.E.A sans le dernier point t_acronym </expl>
  <test id="fre.tok.19.1" trace=".tokenizer.xml"
    comment="Après Tokenizer - POINT seulement après les 2 premières lettres : C.E.A : t_acronym"
    left="XPATH#//data_structure/vertex/token[position=12]/t_status/t_default"
    operator="="
    right="t_acronym"/>
</testcase>
<testcase id="fre.tok.20" type="pertinent">
  <call-parameters>
    <param key="text" value="MARGOUILLAT.C'est un lézard présent en Nouvelle-Calédonie."/>
    <param key="language" value="fre"/>
    <list key="pipelines">
      <item value="indexer"/>
    </list>
  </call-parameters>
  <expl>mot point Majuscule minuscule : . : t_sentence_brk.</expl>
  <test id="fre.tok.20.1" trace=".tokenizer.xml"
    comment="Après Tokenizer ponctuation POINT : t_sentence_brk"
    left="XPATH#//data_structure/vertex/token[position=12]/t_status/t_default"
    operator="="
    right="t_sentence_brk"/>
</testcase>
<testcase id="fre.tok.21" type="bloquant">
  <call-parameters>
    <param key="text" value="Le margouillat est un lézard… Et oui !"/>
    <param key="language" value="fre"/>
    <list key="pipelines">
      <item value="indexer"/>
    </list>
  </call-parameters>
  <expl>Ponctuation POINT : points de suspension (unicode U2026) : un token </expl>
  <test id="fre.tok.21.1" trace=".tokenizer.xml"
    comment="Après Tokenizer  - points de suspension (unicode U2026) : un token"
    left="XPATH#//data_structure/vertex/token[position=29][length=1]"
    operator="exists"
    right=""/>
</testcase>
<testcase id="fre.tok.22" type="pertinent">
  <call-parameters>
    <param key="text" value="La Grande Terre a été découverte par les Européens au XVIIIième siècle ."/>
    <param key="language" value="fre"/>
    <list key="pipelines">
      <item value="indexer"/>
    </list>
  </call-parameters>
  <expl>XVIIIième siècle :  XVIIIième : t_ordinal_roman</expl>
  <test id="fre.tok.22.1" trace=".tokenizer.xml"
    comment="Après Tokenizer  - XVIIIième siècle :  XVIIIième : t_ordinal_roman"
    left="XPATH#//data_structure/vertex/token[position=55]/t_status/t_default"
    operator="="
    right="t_ordinal_roman"/>
</testcase>
<testcase id="fre.tok.23" type="pertinent">
  <call-parameters>
    <param key="text" value="La Grande Terre a été découverte par les Européens au XVIIIEME siècle ."/>
    <param key="language" value="fre"/>
    <list key="pipelines">
      <item value="indexer"/>
    </list>
  </call-parameters>
  <expl>XVIIIEME siècle :  XVIIIEME : t_ordinal_roman</expl>
  <test id="fre.tok.23.1" trace=".tokenizer.xml"
    comment="Après Tokenizer  - XVIIIEME siècle :  XVIIIEME : t_ordinal_roman"
    left="XPATH#//data_structure/vertex/token[position=55]/t_status/t_default"
    operator="="
    right="t_ordinal_roman"/>
</testcase>
<testcase id="fre.tok.24" type="pertinent">
  <call-parameters>
    <param key="text" value="L'architecte du centre J.M.Tjibaou est R.Piano."/>
    <param key="language" value="fre"/>
    <list key="pipelines">
      <item value="indexer"/>
    </list>
  </call-parameters>
  <expl>POINT J.M.Tjibaou : token J.M.</expl>
  <test id="fre.tok.24.1" trace=".tokenizer.xml"
    comment="Après Tokenizer  - POINT J.M.Tjibaou : token J.M."
    left="XPATH#//data_structure/vertex/token[position=24][length=4]"
    operator="exists"
    right=""/>
</testcase>
<testcase id="fre.tok.25" type="informatif">
  <call-parameters>
    <param key="text" value="L'architecte du centre J.M. Tjibaou est R.Piano."/>
    <param key="language" value="fre"/>
    <list key="pipelines">
      <item value="indexer"/>
    </list>
  </call-parameters>
  <expl>POINT J.M.Tjibaou : token J.M.</expl>
  <test id="fre.tok.25.1" trace=".tokenizer.xml"
    comment="Après Tokenizer  - POINT J.M.Tjibaou : token J.M."
    left="XPATH#//data_structure/vertex/token[position=24][length=4]"
    operator="exists"
    right=""/>
</testcase>
<testcase id="fre.tok.26" type="informatif">
  <call-parameters>
    <param key="text" value="L'architecte du centre JM. Tjibaou est R.Piano."/>
    <param key="language" value="fre"/>
    <list key="pipelines">
      <item value="indexer"/>
    </list>
  </call-parameters>
  <expl>POINT : seule dernière initiale du prénom pointée : !!! t_sentence_brk</expl>
  <test id="fre.tok.26.1" trace=".tokenizer.xml"
    comment="seule dernière initiale du prénom pointée : !!! t_sentence_brk"
    left="XPATH#//data_structure/vertex/token[position=24][length=3]"
    operator="exists"
    right=""/>
</testcase>
<testcase id="fre.tok.27" type="bloquant">
  <call-parameters>
    <param key="text" value="Quelques temps ap. le drame d’Ouvéa, signature des accords de Matignon..."/>
    <param key="language" value="fre"/>
    <list key="pipelines">
      <item value="indexer"/>
    </list>
  </call-parameters>
  <expl>POINT suivi d'un _blanc suivi d'une minuscule : point appartient au token précédent</expl>
  <test id="fre.tok.27.1" trace=".tokenizer.xml"
    comment="Après Tokenizer  - POINT suivi d'un _blanc suivi d'une minuscule : token ap."
    left="XPATH#//data_structure/vertex/token[position=16][length=3]"
    operator="exists"
    right=""/>
</testcase>
<testcase id="fre.tok.28" type="informatif">
  <call-parameters>
    <param key="text" value="Tjibaou a été assassiné en l'an 1989 ap. J.C."/>
    <param key="language" value="fre"/>
    <list key="pipelines">
      <item value="indexer"/>
    </list>
  </call-parameters>
  <expl>POINT suivi d'un _blanc suivi d'une Majuscule : point de fin de phrase ; !!!</expl>
  <test id="fre.tok.28.1" trace=".tokenizer.xml"
    comment="Après Tokenizer  -POINT suivi d'un _blanc suivi d'une Majuscule : !!! t_sentence_brk"
    left="XPATH#//data_structure/vertex/token[position=40][length=3]"
    operator="exists"
    right=""/>
</testcase>
<testcase id="fre.tok.29" type="bloquant">
  <call-parameters>
    <param key="text" value="Temps de traitement : 1.5 plus rapide que la référence"/>
    <param key="language" value="fre"/>
    <list key="pipelines">
      <item value="indexer"/>
    </list>
  </call-parameters>
  <expl>Chiffre POINT chiffre</expl>
  <test id="fre.tok.29.1" trace=".tokenizer.xml"
    comment="Après Tokenizer  - Chiffre POINT chiffre : 1.5  : t_dot_number"
    left="XPATH#//data_structure/vertex/token[position=23]/t_status/t_default"
    operator="="
    right="t_dot_number"/>
</testcase>
<testcase id="fre.tok.30" type="pertinent">
  <call-parameters>
    <param key="text" value="J.M. Tjibaou a été assassiné le 04/05/1989 ainsi que Yéweiné Yéweiné."/>
    <param key="language" value="fre"/>
    <list key="pipelines">
      <item value="indexer"/>
    </list>
  </call-parameters>
  <expl>Slash / contexte de chiffres : token (date ?) cf. voir entités nommées</expl>
  <test id="fre.tok.30.1" trace=".tokenizer.xml"
    comment="Après Tokenizer  - Slash / contexte de chiffres : token "
    left="XPATH#//data_structure/vertex/token[position=33][length=10]"
    operator="exists"
    right=""/>
</testcase>
<testcase id="fre.tok.31" type="pertinent">
  <call-parameters>
    <param key="text" value="J.M. Tjibaou a été assassiné le 04.05.1989 ainsi que Yéweiné Yéweiné."/>
    <param key="language" value="fre"/>
    <list key="pipelines">
      <item value="indexer"/>
    </list>
  </call-parameters>
  <expl>point contexte de chiffres : token (date ?) cf. voir entités nommées</expl>
  <test id="fre.tok.31.1" trace=".tokenizer.xml"
    comment="Après Tokenizer  - 04.05.1989 : token "
    left="XPATH#//data_structure/vertex/token[position=33][length=10]"
    operator="exists"
    right=""/>
</testcase>
<testcase id="fre.tok.32" type="informatif">
  <call-parameters>
    <param key="text" value="A+ est une écriture SMS."/>
    <param key="language" value="fre"/>
    <list key="pipelines">
      <item value="indexer"/>
    </list>
  </call-parameters>
  <expl>Séparateur + est un token</expl>
  <test id="fre.tok.32.1" trace=".tokenizer.xml"
    comment="Après Tokenizer  - Séparateur + est un token"
    left="XPATH#//data_structure/vertex/token[position=2][length=1]"
    operator="exists"
    right=""/>
</testcase>
<testcase id="fre.tok.33" type="pertinent">
  <call-parameters>
    <param key="text" value="Référence à rappeler : SPI/2004/05"/>
    <param key="language" value="fre"/>
    <list key="pipelines">
      <item value="indexer"/>
    </list>
  </call-parameters>
  <expl>Slash / contexte de chiffres et lettres : non tokenisé </expl>
  <test id="fre.tok.33.1" trace=".tokenizer.xml"
    comment="Après Tokenizer  - Slash / contexte de chiffres et lettres : non tokenisé"
    left="XPATH#//data_structure/vertex/token[position=24][length=11]"
    operator="exists"
    right=""/>
  <test id="fre.tok.33.2" trace=".tokenizer.xml"
    comment="Après Tokenizer  - Slash / contexte de chiffres et lettres : non tokenisé"
    left="XPATH#//data_structure/vertex/token[position=24][length=11]/t_status/t_default"
    operator="="
    right="t_alphanumeric"/>
</testcase>
<testcase id="fre.tok.34" type="bloquant">
  <call-parameters>
    <param key="text" value="Durée de l'exécution : 2h34m45"/>
    <param key="language" value="fre"/>
    <list key="pipelines">
      <item value="indexer"/>
    </list>
  </call-parameters>
  <expl>contexte similaire au test avec date</expl>
  <test id="fre.tok.34.1" trace=".tokenizer.xml"
    comment="Après Tokenizer  - token 2h34m45 alphanumeric"
    left="XPATH#//data_structure/vertex/token[position=24][length=7]/t_status/t_default"
    operator="="
    right="t_alphanumeric"/>
</testcase>
<testcase id="fre.tok.35" type="bloquant">
  <call-parameters>
    <param key="text" value="L'acronyme de 'Système Probabiliste d’Indexation et de Recherche d’Informations Textuelles' est SPIRIT ."/>
    <param key="language" value="fre"/>
    <list key="pipelines">
      <item value="indexer"/>
    </list>
  </call-parameters>
  <expl>apostrophe citation</expl>
  <test id="fre.tok.35.1" trace=".tokenizer.xml"
    comment="Après Tokenizer - apostrophe ('Système) à la place de guillemet : token"
    left="XPATH#//data_structure/vertex/token[position=15][length=1]"
    operator="exists"
    right=""/>
  <test id="fre.tok.35.2" trace=".tokenizer.xml"
    comment="Après Tokenizer - apostrophe (Textuelles') à la place de guillemet : token"
    left="XPATH#//data_structure/vertex/token[position=91][length=1]"
    operator="exists"
    right=""/>
</testcase>
<testcase id="fre.tok.36" type="bloquant">
  <call-parameters>
    <param key="text" value="-Difficile de considérer que ce tiret fait parti d'un mot composé !"/>
    <param key="language" value="fre"/>
    <list key="pipelines">
      <item value="indexer"/>
    </list>
  </call-parameters>
  <expl>tiret sous forme de liste : logique si token</expl>
  <test id="fre.tok.36.1" trace=".tokenizer.xml"
    comment="Après Tokenizer - tiret sous forme de liste : logique si token"
    left="XPATH#//data_structure/vertex/token[position=1][length=1]"
    operator="exists"
    right=""/>
  <test id="fre.tok.36.2" trace=".tokenizer.xml"
    comment="Après Tokenizer - le token tiret a pour type t_word_brk"
    left="XPATH#//data_structure/vertex/token[position=1]/t_status/t_default"
    operator="="
    right="t_word_brk"/>
</testcase>
<testcase id="fre.tok.37" type="pertinent" >
  <call-parameters>
    <param key="text" value="------- Exemple de succession --------"/>
    <param key="language" value="fre"/>
    <list key="pipelines">
      <item value="indexer"/>
    </list>
  </call-parameters>
  <expl>mot comprenant un tiret : succession : 1 seul token.</expl>
  <test id="fre.tok.37.1" trace=".tokenizer.xml"
    comment="succession : 1 seul token"
    left="XPATH#//data_structure/vertex/token[position=1][length=7]"
    operator="exists"
    right=""/>
</testcase>
<testcase id="fre.tok.38" type="informatif">
  <call-parameters>
    <param key="text" value="ƒ ‘¤’   ‘¨’  ‘ª’   ‘¬’   ‘-’   ‘¯’   km² ‘²’   ‘³’   ‘´’   ‘¶’   ‘·’   ‘¸’   ‘¹’   ‘º’ "/>
    <param key="language" value="fre"/>
    <list key="pipelines">
      <item value="indexer"/>
    </list>
  </call-parameters>
  <expl>mots non ignorés, prennent la valeur du token précédent</expl>
  <test id="fre.tok.38.1" trace=".tokenizer.xml"
    comment="Test toujours juste..."
    left="XPATH#//data_structure/vertex/token[position=1]/t_status/t_default"
    operator="exists"
    right=""/>
  <test id="fre.tok.38.2" trace=".tokenizer.xml"
    comment="Test toujours juste..."
    left="XPATH#//data_structure/vertex/token[position=4]/t_status/t_default"
    operator="exists"
    right=""/>
</testcase>
<testcase id="fre.tok.39" type="bloquant">
  <call-parameters>
    <param key="text" value="Que mange-t-il?"/>
    <param key="language" value="fre"/>
    <list key="pipelines">
      <item value="indexer"/>
    </list>
  </call-parameters>
  <expl>traitement euphonisme t (Ee).</expl>
  <test id="fre.tok.39.1" trace=".tokenizer.xml"
    comment="traitement euphonisme t (Ee)"
    left="XPATH#//data_structure/vertex/token[position=10][length=5]"
    operator="exists"
    right=""/>
</testcase>
<testcase id="fre.tok.40" type="informatif">
  <call-parameters>
    <param key="text" value="Que mange-t'il?"/>
    <param key="language" value="fre"/>
    <list key="pipelines">
      <item value="indexer"/>
    </list>
  </call-parameters>
  <expl>traitement euphonisme t (Ee) écriture contestable.</expl>
  <test id="fre.tok.40.1" trace=".tokenizer.xml"
    comment="traitement euphonisme t (Ee) écriture contestable"
    left="XPATH#//data_structure/vertex/token[position=10][length=5]"
    operator="exists"
    right=""/>
</testcase>
<testcase id="fre.tok.41" type="informatif">
  <call-parameters>
    <param key="text" value="Marathon : record du monde 2h04'55'', Paul Tergat."/>
    <param key="language" value="fre"/>
    <list key="pipelines">
      <item value="indexer"/>
    </list>
  </call-parameters>
  <expl>Détection ' vedette du dico</expl>
  <test id="fre.tok.41.1" trace=".tokenizer.xml"
    comment="Détection format heure avec ' "
    left="XPATH#//data_structure/vertex/token[position=28][length=9]"
    operator="exists"
    right=""/>
</testcase>
<testcase id="fre.tok.42" type="bloquant">
  <call-parameters>
    <param key="text" value="En 1941, le Frère Amédée, directeur, inscrivit le 300ème élève."/>
    <param key="language" value="fre"/>
    <list key="pipelines">
      <item value="indexer"/>
    </list>
  </call-parameters>
  <expl>Détection t_ordinal integer</expl>
  <test id="fre.tok.42.1" trace=".tokenizer.xml"
    comment="Détection t_ordinal integer"
    left="XPATH#//data_structure/vertex/token[position=51][length=6]/t_status/t_default"
    operator="="
    right="t_ordinal_integer"/>
</testcase>
<testcase id="fre.tok.43" type="pertinent">
  <call-parameters>
    <param key="text" value="En 1941, le Frère Amédée, directeur, inscrivit le 300ÈME élève."/>
    <param key="language" value="fre"/>
    <list key="pipelines">
      <item value="indexer"/>
    </list>
  </call-parameters>
  <expl>Détection t_ordinal_integer</expl>
  <test id="fre.tok.43.1" trace=".tokenizer.xml"
    comment="Détection t_ordinal integer majuscules"
    left="XPATH#//data_structure/vertex/token[position=51][length=6]/t_status/t_default"
    operator="="
    right="t_ordinal_integer"/>
</testcase>
<testcase id="fre.tok.44" type="pertinent">
  <call-parameters>
    <param key="text" value="En 1941, le Frère Amédée, directeur, inscrivit le 300ième élève."/>
    <param key="language" value="fre"/>
    <list key="pipelines">
      <item value="indexer"/>
    </list>
  </call-parameters>
  <expl>Détection t_ordinal_integer, forme en ième.</expl>
  <test id="fre.tok.44.1" trace=".tokenizer.xml"
    comment="Détection t_ordinal integer"
    left="XPATH#//data_structure/vertex/token[position=51][length=6]/t_status/t_default"
    operator="="
    right="t_ordinal_integer"/>
</testcase>
<testcase id="fre.tok.45" type="pertinent">
  <call-parameters>
    <param key="text" value="En 1941, le Frère Amédée, directeur, inscrivit le 300IÈME élève."/>
    <param key="language" value="fre"/>
    <list key="pipelines">
      <item value="indexer"/>
    </list>
  </call-parameters>
  <expl>Détection t_ordinal_integer, forme en ième.</expl>
  <test id="fre.tok.45.1" trace=".tokenizer.xml"
    comment="Détection t_ordinal integer majuscules"
    left="XPATH#//data_structure/vertex/token[position=51][length=6]/t_status/t_default"
    operator="="
    right="t_ordinal_integer"/>
</testcase>
<testcase id="fre.tok.46" type="bloquant">
  <call-parameters>
    <param key="text" value="D'habitude, je ne suis pas d'accord. D'accord ?"/>
    <param key="language" value="fre"/>
    <list key="pipelines">
      <item value="indexer"/>
    </list>
  </call-parameters>
  <expl>Détection t_ordinal_integer, forme en ième.</expl>
  <test id="fre.tok.46.1" trace=".tokenizer.xml"
  comment="Tokens D', d' et D' must be found"
  left="XPATH#//data_structure/vertex/token[position=1][length=2]"
  operator="exists"
    right=""/>
  <test id="fre.tok.46.1" trace=".tokenizer.xml"
  comment="Tokens D', d' et D' must be found"
  left="XPATH#//data_structure/vertex/token[position=28][length=2]"
  operator="exists"
  right=""/>
  <test id="fre.tok.46.1" trace=".tokenizer.xml"
  comment="Tokens D', d' et D' must be found"
  left="XPATH#//data_structure/vertex/token[position=38][length=2]"
  operator="exists"
    right=""/>
</testcase>
<testcase id="fre.tok.47" type="informatif">
  <call-parameters>
    <param key="text" value="Le groupe Brasil '66 ..."/>
    <param key="language" value="fre"/>
    <list key="pipelines">
      <item value="indexer"/>
    </list>
  </call-parameters>
  <expl>Détection t_ordinal_integer, forme en ième.</expl>
  <test id="fre.tok.47.1" trace=".tokenizer.xml"
  comment="number 66 must be found"
  left="XPATH#//data_structure/vertex/token[position=1][length=2]"
  operator="exists"
    right=""/>
</testcase>
<testcase id="fre.tok.48" type="pertinent">
  <call-parameters>
    <param key="text" value="Pier P. Pasolini "/>
    <param key="language" value="fre"/>
    <list key="pipelines">
      <item value="indexer"/>
    </list>
  </call-parameters>
  <expl>Détection d'une abbréviation</expl>
  <test id="fre.tok.48.1" trace=".tokenizer.xml"
        comment="status tokenizer"
        left="XPATH#//data_structure/vertex/token[position=6]/t_status/t_default"
        operator="="
        right="t_abbrev"/>
  <test id="fre.tok.48.1" trace=".tokenizer.xml"
        comment="status tokenizer"
        left="XPATH#//data_structure/vertex/token[position=9]/t_status/t_default"
        operator="="
        right="t_capital_1st"/>
</testcase>

</testcases>
