<?xml version='1.0' encoding='UTF-8'?>

<!--
SPDX-FileCopyrightText: 2022 CEA LIST <gael.de-chalendar@cea.fr>

SPDX-License-Identifier: MIT
-->

<testcases>
<testcase id="eng.abbrev.1" type="bloquant">
  <call-parameters>
      <param key="text" value="My sister's house is nice."/>
      <param key="language" value="eng"/>
      <list key="pipelines">
        <item value="indexer"/>
      </list>
    </call-parameters>
  <expl>Traitement du possessif</expl>
  <test id="eng.abbrev.1.1" trace=".tokenizer.xml"
    comment="le token sister's existe"
    left="XPATH#//data_structure/vertex/token[position=4][length=8]"
    operator="exists"
    right=""/>
  <test id="eng.abbrev.1.2" trace=".abbrev.xml"
    comment="le token sister existe"
    left="XPATH#//data_structure/vertex/token[position=4][length=6]"
    operator="exists"
    right=""/>
  <test id="eng.abbrev.1.3" trace=".abbrev.xml"
    comment="le token sister's n'existe plus"
    left="XPATH#//data_structure/vertex/token[position=4][length=8]"
    operator="notexists"
    right=""/>
</testcase>
<testcase id="eng.abbrev.2" type="bloquant">
  <call-parameters>
      <param key="text" value="The citizens' theatre was transformed into supermarket."/>
      <param key="language" value="eng"/>
      <list key="pipelines">
        <item value="indexer"/>
      </list>
    </call-parameters>
  <expl>Traitement du possessif pluriel</expl>
  <test id="eng.abbrev.2.1" trace=".tokenizer.xml"
    comment="le token citizens' existe"
    left="XPATH#//data_structure/vertex/token[position=5][length=9]"
    operator="exists"
    right=""/>
  <test id="eng.abbrev.2.2" trace=".abbrev.xml"
    comment="le token citizens existe"
    left="XPATH#//data_structure/vertex/token[position=5][length=8]"
    operator="exists"
    right=""/>
  <test id="eng.abbrev.2.3" trace=".abbrev.xml"
    comment="le token citizens' n'existe plus"
    left="XPATH#//data_structure/vertex/token[position=5][length=9]"
    operator="notexists"
    right=""/>
</testcase>
<testcase id="eng.abbrev.3" type="bloquant">
  <call-parameters>
      <param key="text" value="we've"/>
      <param key="language" value="eng"/>
      <list key="pipelines">
        <item value="indexer"/>
      </list>
    </call-parameters>
  <expl>vérification de la présence de TStatus</expl>
  <test id="eng.abbrev.3.1" trace=".abbrev.xml"
    comment="le token 've existe et possède un status"
    left="XPATH#//data_structure/vertex/token[position=3][length=3]/t_status"
    operator="exists"
    right=""/>
</testcase>

 <testcase id="eng.abbrev.4" type="bloquant">
   <call-parameters>
     <param key="text" value="The author's name is C.Fluhr. "/>
     <param key="language" value="eng"/>
     <list key="pipelines">
       <item value="indexer"/>
     </list>
   </call-parameters>
   <expl>Possessive handling.</expl>
   <test id="eng.abbrev.4.1" trace=".abbrev.xml"
   comment="Must not find a token for 's"
   left="XPATH#//data_structure/vertex/token[position=10][length=2]"
   operator="notexists"
     right=""/>
     <test id="eng.abbrev.4.2" trace=".abbrev.xml"
     comment="Must find a token author"
     left="XPATH#//data_structure/vertex/token[position=5][length=6]"
     operator="exists"
       right=""/>
     </testcase>
     <testcase id="eng.abbrev.5" type="bloquant">
       <call-parameters>
         <param key="text" value="He's cute. Yes, he's cute. "/>
         <param key="language" value="eng"/>
         <list key="pipelines">
           <item value="indexer"/>
         </list>
       </call-parameters>
       <expl>Abbreviated is (not possessive) handling.</expl>
       <test id="eng.abbrev.5.1" trace=".abbrev.xml"
       comment="Must find a token for first 's"
       left="XPATH#//data_structure/vertex/token[position=3][length=2]"
       operator="exists"
         right=""/>
         <test id="eng.abbrev.5.2" trace=".abbrev.xml"
         comment="Must find a token for second 's also"
         left="XPATH#//data_structure/vertex/token[position=19][length=2]"
         operator="exists"
           right=""/>
         </testcase>
         
</testcases>
